****************************************************************************
***                           Sentaurus Device                           ***
***                          Version O-2018.06                           ***
***                       (1.1029, x86_64, Linux)                        ***
***                                                                      ***
***                       Copyright (C) 1994-2018                        ***
***                            Synopsys, Inc.                            ***
***                                                                      ***
***  This software and the associated documentation are confidential     ***
***  and proprietary to Synopsys, Inc.  Your use or disclosure of this   ***
***  software is subject to the terms and conditions of a written        ***
***  license agreement between you, or your company, and Synopsys, Inc.  ***
****************************************************************************

	Running on machine with the following configuration:
	Host Name: microib.cab.cnea.gov.ar
	Operating System: Linux rel. 3.10.0-1127.8.2.el7.x86_64 ver. #1 SMP Tue May 12 16:57:42 UTC 2020
	Machine Type: x86_64
	Process ID: 15724
	Number of processors: 8
	Domain Name: (none)
	Date: Sat Oct 17 15:28:21 2020  (-03)

Sat Oct 17 15:28:21 2020: checked out 1 sdevice license(s)
Parsing circuit file /opt/synopsys/TCADSentaurus/O_2018.06/tcad/current/linux64/lib/sdevice-28.0.1029/bs_psource.ccf
Parsing circuit file /opt/synopsys/TCADSentaurus/O_2018.06/tcad/current/linux64/lib/sdevice-28.0.1029/sd_hb_vsource.ccf
Parsing circuit file /opt/synopsys/TCADSentaurus/O_2018.06/tcad/current/linux64/lib/sdevice-28.0.1029/sd_SRL1.ccf
Parsing circuit file /opt/synopsys/TCADSentaurus/O_2018.06/tcad/current/linux64/lib/sdevice-28.0.1029/sd_hb_isource.ccf
Parsing circuit file /opt/synopsys/TCADSentaurus/O_2018.06/tcad/current/linux64/lib/sdevice-28.0.1029/sd_hb_pGC.ccf
Parsing circuit file /opt/synopsys/TCADSentaurus/O_2018.06/tcad/current/linux64/lib/sdevice-28.0.1029/sd_hb_vsource2.ccf
Parsing circuit file /opt/synopsys/TCADSentaurus/O_2018.06/tcad/current/linux64/lib/sdevice-28.0.1029/sd_hb_sRL.ccf
Parsing circuit file /opt/synopsys/TCADSentaurus/O_2018.06/tcad/current/linux64/lib/sdevice-28.0.1029/sd_hb_isource2.ccf
Parsing circuit file /opt/synopsys/TCADSentaurus/O_2018.06/tcad/current/linux64/lib/scm/ferroelectric.ccf
Parsing circuit file /opt/synopsys/TCADSentaurus/O_2018.06/tcad/current/linux64/lib/scm/MOS_harness.ccf
Loading shared object file /opt/synopsys/TCADSentaurus/O_2018.06/tcad/current/linux64/lib/scm/MOS_harness.so.linux64
Loading shared object file /opt/synopsys/TCADSentaurus/O_2018.06/tcad/current/linux64/lib/scm/ferroelectric.so.linux64
Loading shared object file /opt/synopsys/TCADSentaurus/O_2018.06/tcad/current/linux64/lib/sdevice-28.0.1029/sd_hb_isource2.so.linux64
Loading shared object file /opt/synopsys/TCADSentaurus/O_2018.06/tcad/current/linux64/lib/sdevice-28.0.1029/sd_hb_sRL.so.linux64
Loading shared object file /opt/synopsys/TCADSentaurus/O_2018.06/tcad/current/linux64/lib/sdevice-28.0.1029/sd_hb_vsource2.so.linux64
Loading shared object file /opt/synopsys/TCADSentaurus/O_2018.06/tcad/current/linux64/lib/sdevice-28.0.1029/sd_hb_pGC.so.linux64
Loading shared object file /opt/synopsys/TCADSentaurus/O_2018.06/tcad/current/linux64/lib/sdevice-28.0.1029/sd_hb_isource.so.linux64
Loading shared object file /opt/synopsys/TCADSentaurus/O_2018.06/tcad/current/linux64/lib/sdevice-28.0.1029/sd_SRL1.so.linux64
Loading shared object file /opt/synopsys/TCADSentaurus/O_2018.06/tcad/current/linux64/lib/sdevice-28.0.1029/sd_hb_vsource.so.linux64
Loading shared object file /opt/synopsys/TCADSentaurus/O_2018.06/tcad/current/linux64/lib/sdevice-28.0.1029/bs_psource.so.linux64
Sat Oct 17 15:28:21 2020: checked out 2 sdevice-parallel license(s)
Sat Oct 17 15:28:21 2020: checked out 2 sparallel license(s)

Input source: SDEVICE_Init_DC.cmd

===============================

Output file: ../logs/init_SiSeRO_des.log


GlobalParameter {
}
no ACExtract file

PMIPath file: /opt/synopsys/TCADSentaurus/O_2018.06/tcad/current/linux64/lib/sdevice-28.0.1029 /opt/synopsys/TCADSentaurus/O_2018.06/tcad/current/linux64/lib/sdevice

CMIPath file: /opt/synopsys/TCADSentaurus/O_2018.06/tcad/current/linux64/lib/sdevice-28.0.1029 /opt/synopsys/TCADSentaurus/O_2018.06/tcad/current/linux64/lib/scm

SPICEPath file: /opt/synopsys/TCADSentaurus/O_2018.06/tcad/current/lib/sdevice-28.0.1029/spice

no DevicePath file

no CIRCUITSAVENAME file

no CIRCUITLOADNAME file

Numerical parameters:
  Absolute error : 
    Poisson : 1.0000e-03
    eqPoisson : 1.0000e-03
    Electron : 1.0000e-05
    Hole : 1.0000e-05
    Photon-Rate-Equation : 1.0000e-07
    Photon-Phase-Equation : 1.0000e-05
    Rate-Stabilize-Equation : 1.0000e-07
    QW-Scattering-Equations : 1.0000e-05
    QW-eScattering-Equation : 1.0000e-05
    QW-hScattering-Equation : 1.0000e-05
    Optical Problem : 1.0000e-03
    Wavelength : 1.0000e-03
    Bandstructure : 1.0000e-03
    EmissionTable : 1.0000e-03
    DephasingRates : 1.0000e-03
    Photon Recycling : 1.0000e-03
    Electron-Temperature : 1.0000e-04
    Hole-Temperature : 1.0000e-04
    Lattice-Hole-Electron-Temperature : 1.0000e-03
    Circuit : 1.0000e-03
    TCircuit : 1.0000e-03
    Contact : 1.0000e-03
    TContact : 1.0000e-03
    Continuation : 1.0000e-03
    eLaplace : 1.0000e-03
    hLaplace : 1.0000e-03
    tLaplace : 1.0000e-03
    MonteCarlo : 1.0000e-03
    MCPoissonPDE : 1.0000e-03
    eQuantumPotential : 1.0000e-03
    hQuantumPotential : 1.0000e-03
    quasi-fermi-potential : 1.0000e-03
    ConductiveInsulator : 1.0000e-03
    ContactAndConductiveInsulator : 1.0000e-03
    SingletExciton : 1.0000e-05
    FEPolarization : 1.0000e-05
    eHopping : 1.0000e-03
    hHopping : 1.0000e-03
    HydrogenAtom : 1.0000e-03
    HydrogenMolecule : 1.0000e-03
    HydrogenIon : 1.0000e-03
    HydrogenSiliconBondOccupation : 1.0000e-03
    TrapPDE : 1.0000e-03
    eSHEDistribution : 1.0000e-03
    hSHEDistribution : 1.0000e-03
    Landau-Lifshitz-Gilbert[theta] : 1.0000e-03
    Landau-Lifshitz-Gilbert[phi] : 1.0000e-03
    Landau-Lifshitz-Gilbert[x] : 1.0000e-03
    Landau-Lifshitz-Gilbert[y] : 1.0000e-03
    Landau-Lifshitz-Gilbert[z] : 1.0000e-03
    Mechanics : 1.0000e-03
    ExternalTransportSolver : 1.0000e-03
    ReactionDiffusionPDE : 1.0000e-03
  RelErrControl (Reference error): 
    Poisson : 0.025852
    eqPoisson : 1
    Electron : 1.0000e+10
    Hole : 1.0000e+10
    Photon-Rate-Equation : 1.0000e-07
    Photon-Phase-Equation : 1
    Rate-Stabilize-Equation : 1.0000e-07
    QW-Scattering-Equations : 1.0000e+10
    QW-eScattering-Equation : 1.0000e+10
    QW-hScattering-Equation : 1.0000e+10
    Optical Problem : 1
    Wavelength : 1
    Bandstructure : 1
    EmissionTable : 1
    DephasingRates : 1
    Photon Recycling : 1
    Electron-Temperature : 3.0000e+02
    Hole-Temperature : 3.0000e+02
    Lattice-Hole-Electron-Temperature : 3.0000e+02
    Circuit : 1
    TCircuit : 1
    Contact : 0.025852
    TContact : 1
    Continuation : 1
    eLaplace : 1
    hLaplace : 1
    tLaplace : 1
    MonteCarlo : 1
    MCPoissonPDE : 1
    eQuantumPotential : 0.025852
    hQuantumPotential : 0.025852
    quasi-fermi-potential : 0.025852
    ConductiveInsulator : 1
    ContactAndConductiveInsulator : 1
    SingletExciton : 1.0000e+10
    FEPolarization : 0.025852
    eHopping : 0.025852
    hHopping : 0.025852
    HydrogenAtom : 1.0000e+10
    HydrogenMolecule : 1.0000e+10
    HydrogenIon : 1.0000e+10
    HydrogenSiliconBondOccupation : 1
    TrapPDE : 1.0000e-05
    eSHEDistribution : 0.025852
    hSHEDistribution : 0.025852
    Landau-Lifshitz-Gilbert[theta] : 1
    Landau-Lifshitz-Gilbert[phi] : 1
    Landau-Lifshitz-Gilbert[x] : 1
    Landau-Lifshitz-Gilbert[y] : 1
    Landau-Lifshitz-Gilbert[z] : 1
    Mechanics : 1
    ExternalTransportSolver : 1
    ReactionDiffusionPDE : 1
  Relative error : 7 digits
  Without checked transient error
  Max. #iterations : 200
  LineSearchDamping=1
  #undamped iterations : 100
  No incomplete Newton
  transient method : Backward Euler
  Linear solver : ILS
  Linear solver for AC analysis : blocked decomposition
  Linear solver for SHEDistribution Model : Super
  use linear extrapolation in transient/quasistationary computations
  use complex supernodal in ac-analysis (if possible)
  do not use smoothed PDE's in transient/quasistationary computations
  use automatic coupling of contact/circuit stuff
  Spice temperature: 3.0015e+02
  Spice nominal temperature of parameter measurements: 3.0015e+02
  Spice minimum conductance gmin: 1.0000e-12
  Use 64 bit (double) normal precision floating point arithmetic.
  Mininum |rhs| : 1.0000e-05
  Maximum |rhs| : 1.0000e+55
  Maximum |rhs| factor : 1.0000e+25
  Maximum |rhs| factor1 : 1.0000e+10
  Lattice Temperature Range : (50,5.0000e+03)
  Carrier Temperature Range : (10,8.0000e+04)
  Simplified first order SHE of BTE will be solved
  SHERefinementCutoff : 20
  No user dependencies.
  Number of assembly threads: 8 (Sentaurus Device command file)
  Number of solver threads: 8 (Sentaurus Device command file)
  Thread stacksize: 1000000 bytes (default)
  Go serial if not enough parallel licenses are available.

Default device parameters:
  Electrodes:
    "source" : 0.0000e+00 V (Ohmic), area factor : 1
    "drain" : 0.0000e+00 V (Ohmic), area factor : 1
    "gate" : 0.0000e+00 V (Ohmic), area factor : 1
  RayTrace Boundaries:
  Files:
    no Boundary file
    Grid file: ../structure/SiSeRO_msh.tdr
    no Doping file
    no MobilityDoping file
    no Load file
    no Save file
    Plot file: ../plts/init_SiSeRO_des.dat
    no DevFieldsName file
    AutoNewtonPlot file: ../plts/init_SiSeRO_%d_des.tdr
    no Path file
    no Lifetime file
    no Temperature file
    Current file: ../currents/init_SiSeRO_des.plt
    no PMIUserFields file
    no Extraction file
    no ModelParameters file
    ParameterPath directories: 
    no Piezo file
    no mcDOS file
    no ModeGain file
    no Optical emission table for stimulated emission file
    no Optical emission table for spontaneous emission file
    no Optical emission table for photon phase change coefficient file
    no EmissionTable file
    no DephasingRates file
    no ASESpectrum file
    no OpticalFarField file
    no OpticalIntensityPattern file
    no SaveOpticalIntensityPattern file
    no OpticalXYAnglePattern file
    no SaveOpticalXYAnglePattern file
    no IlluminationSpectrum file
    no SpectralPlot file
    no OpticalSolverInput file
    no OpticalGenerationInput file
    no OpticalGenerationOutuput file
    no OptGenTransientScaling file
    no MonteCarloInput file
    no MonteCarloOutput file
    no ACPlot file
-----------------------------------------------
  Numerical parameters:
    With avalanche derivatives
    Using old wavelength search algorithm
    Do not reinitialize quasi Fermi potentials in quasi-stationary simulations
    Ignore ionization integral constraints
    Without diagonal preconditioning
    With Thermodynamic Discretization
    Relative error : 7 digits
    Delta for numerical tunnelling derivatives : 1.0000e-03
    Do not compute breakdown paths and ionization integrals
    QuasiFermiPotential is used for Contact Equation
    With usage of best vertex in element (maximum element-vertex volume angle) for impact ionization models
-----------------------------------------------
-----------------------------------------------
  Physical models:
    Without incomplete ionization
    Use Si parameters
    TATNonlocalPathNC = 0.0000e+00
    With SRH-Recombination
      Without field dependent lifetimes
      With doping dependent lifetimes
      With temperature dependent lifetimes (power law)
    Without CDL-Recombination
    With optical generation computation 
    Without Band-to-Band-Tunneling
    With Auger-Recombination (without Generation)
    Without Radiative Recombination
    Without Surface-Recombination
    Without Trap-Assisted-Auger-Recombination
    PMI recombination models: none
    Without thermal resistance interfaces
    Without distributed resistance interfaces for electrons
    Without distributed resistance interfaces for holes
    Without Piezo
    Without Anisotropic Material Properties
    Without Avalanche-Generation 
    Without Alpha Particle
    Without Heavy Ion
    Without polarization
    Volume charge density: 0.0000e+00 cm^-3
    Device Temperature = 3.0000e+02 K
    Electron Quasi Fermi Potential: 0.0000e+00 V
    Hole Quasi Fermi Potential: 0.0000e+00 V
    Without MagneticField
    With SingletExciton Barrier Type
    Fermi Statistic 
    Intrinsic density models:
      default bandgap model
      Bandgap narrowing model: OldSlotboom with bandgap narrowing (Fermi)
    default affinity model
    default effective mass model
    Electron mobility:
      Doping dependence:
        Default
      no Carrier-Carrier scattering
      E_normal dependence:
        Lombardi
      Without ThinLayer mobility model
      High-field mobility: Caughey-Thomas saturation model, using gradient quasi-Fermi potential.
      Einstein relation for diffusivity-mobility ratio.
    Hole mobility:
      Doping dependence:
        Default
      no Carrier-Carrier scattering
      E_normal dependence:
        Lombardi
      Without ThinLayer mobility model
      High-field mobility: Caughey-Thomas saturation model, using gradient quasi-Fermi potential.
      Einstein relation for diffusivity-mobility ratio.
    With quantum potential for electrons
      Use Synopsys' potential-based formula
      Do not resolve abrupt jumps in band edge
    With quantum potential for holes
      Use Synopsys' potential-based formula
      Do not resolve abrupt jumps in band edge
    Energy relaxation time model: according to formula in parameter file
    Schottky resistance model: default bult-in model
    Lattice thermal conductivity model: according to formula in parameter file
    Metal Resistivity model: according to formula in parameter file
    Thermo Electric Power model: extraploted Si data
    Metal Thermo Electric Power model: MetalThermoElectricPower model not defined
    Lattice heat capacity model: temperature dependent
    no piezoelectric polarization model
    Without default parameters from file (use built-in default parameters)
-----------------------------------------------
- - - - - - - - - - - - - - - - - - - - - - - - 
  The following Physical models have been changed
              for Region = 'Silicon_1'
    Without thermal resistance interfaces
    Without distributed resistance interfaces for electrons
    Without distributed resistance interfaces for holes
    Electron Quasi Fermi Potential: 100 V
- - - - - - - - - - - - - - - - - - - - - - - -
- - - - - - - - - - - - - - - - - - - - - - - - 
  The following Physical models have been changed
              for Region = 'BCIM_region'
    Without thermal resistance interfaces
    Without distributed resistance interfaces for electrons
    Without distributed resistance interfaces for holes
    Electron Quasi Fermi Potential: 100 V
- - - - - - - - - - - - - - - - - - - - - - - -
  Process information for extraction purposes:
    none
  Plot variables:
    DopingWells
    eDensity
    hDensity
    eCurrentDensity
    hCurrentDensity
    eQuasiFermiPotential
    hQuasiFermiPotential
    TotalCurrentDensity
    ElectrostaticPotential
    SpaceCharge
    ElectricField
    ElectricField/Vector
    eMobility
    hMobility
    eVelocity
    hVelocity
    DopingConcentration
    DonorConcentration
    AcceptorConcentration

------------------------------------------------
  NoisePlot variables:
    none
  Plot groups:
    none

------------------------------------------------
  CurrentPlot variables:
    none
Devices:
Systems:
Solve :
 Poisson
Coupled ( Digits : 7, Max. #iterations : 200, 
    Solver : ILS,
    #undamped iterations : 100 
    )
    { Poisson Hole } 
Coupled ( Digits : 7, Max. #iterations : 200, 
    Solver : ILS,
    #undamped iterations : 100 
    )
    { Poisson Electron } 
Coupled ( Digits : 7, Max. #iterations : 200, 
    Solver : ILS,
    #undamped iterations : 100 
    )
    { Poisson Electron Hole } 
Quasistationary ( Digits : 7, Max. #iterations : 200, 
      Initial step in t : 1.0000e-05, 
      Minimum step in t : 1.0000e-08, Maximum step in t : 1, 
      Increment : 2, Decrement : 2, 
      Goal values :
        Contact source : 1.5V,
        Contact drain : 0.0000e+00V,
        Contact gate : 1.5V
    )
  {
    Coupled ( Digits : 7, Max. #iterations : 200, 
        Solver : ILS,
        #undamped iterations : 100 
        )
        { Poisson Electron Hole } 
    CurrentPlot ( )
      { }
  }
Plot( FilePrefix = "../plts/PreDrain" overwrite -loadable )
  { }
Save( FilePrefix = "../savs/PreDrain" overwrite )
  { }

===============================

Reading grid '../structure/SiSeRO_msh.tdr' ... 
  coordinate system: UCS, 3d_sprocess (x is device down direction)
  use coordinate system as is (no transformation)
  TDR format
  Number of grid points is 91318.
done.

Adding interfaces and contacts .... done.

Computing edges ...
  Number of edges: 273561
done.
Computing boxes ...

  CVPL_AverageBoxMethod = TRUE 
   
  Boxmethod Parallel Computing: nbThreads = 8 

  Computing Delaunay coefficients ...   done.
  Delaunay coefficients time: (wallclock = 0.0000e+00 s, tcpu = 0.02 s)

  Parallel Computing Voronoi faces, coefficients, and measures ... 
  CVPL_Algorithm = TRUE 

    Computing Obtuse Elements ... 
     Obtuse Elements time:  tcpu = 0.0000e+00 s
      New Parameters time: (wallclock = 0.01 s, tcpu = 0.06 s)

Info for all regions (NumberOfRegions = 12):
        ElementWithMinVolume(178731) Vertex0(65590)(-5.502592e-01, 2.339987e+01) Volume = 1.690891e-08 um3 (3.42e-11 from TotalVolume)
          ElementWithMinEdge(129049) Vertex0(65590)(-5.502592e-01, 2.339987e+01) Length = 1.304448e-04 um
              MaxFlatElement(129052) Vertex0(91316)(-5.000000e-01, 7.700000e+00)  Angle = 8.495461e-01 degrees
         ElementWithMinAngle(124884) Vertex0(63350)(-4.313660e-01, 8.000000e+00)  Angle = 6.413875e-02 degrees
   ElementWithMaxQualityEdge(124884) Vertex0(63350)(-4.313660e-01, 8.000000e+00)    R/L = 4.466550e+02 
 ElementWithMaxQualityHeight(129052) Vertex0(91316)(-5.000000e-01, 7.700000e+00)    R/H = 9.097245e+03 

Info for semiconductor regions (NumberOfRegions = 3):
        ElementWithMinVolume( 56820) Vertex0(28740)( 1.604667e-01, 1.270000e+01) Volume = 3.646289e-07 um3 (7.37e-10 from TotalVolume)
          ElementWithMinEdge( 56775) Vertex0(28710)( 1.604667e-01, 1.205000e+01) Length = 4.667250e-04 um
              MaxFlatElement( 58662) Vertex0(29697)( 2.486627e-02, 1.377500e+01)  Angle = 5.687946e+01 degrees
         ElementWithMinAngle( 56783) Vertex0(28713)( 1.604667e-01, 1.240000e+01)  Angle = 1.337066e-01 degrees
   ElementWithMaxQualityEdge( 56779) Vertex0(28713)( 1.600000e-01, 1.220000e+01)    R/L = 2.142595e+02 
 ElementWithMaxQualityHeight( 56779) Vertex0(28713)( 1.600000e-01, 1.220000e+01)    R/H = 2.142601e+02 

   NumberOfEdges              = 273561 
   NumberOfGeometricalEdges   = 273366 
   NumberOfDoubleEdges        =      0 
   MaxNumberOfEdgesPerVertex  =     13; vertex(63357) = (-5.751546e-01,  8.000000e+00) [um]
   MaxNumberOfElementsPerEdge =      2; edge(1) = (1, 4262) 
                                        vertex(1) = ( 1.975000e+01,  0.000000e+00) [um]
                                        vertex(4262) = ( 1.975000e+01,  2.000000e-01) [um]

                        NumberOfVertices =  91513 
                        NumberOfElements = 182049 
                       NumberOfTriangles = 182049  (100.00 %)
                      NumberOfRectangles =      0  ( 0.00 %)
                  NumberOfObtuseElements =   2019  ( 1.11 %)
             NumberOfNonDelaunayElements =      7  ( 0.00 %)

 Non-Delaunay elements with maximum CoeffIntersection  = -3.371147e+01 (VolumeIntersection = 9.094230e+03)
   Region(Gas_1), elem1 = 129052, vertex0( 91316)(-5.000000e-01, 7.700000e+00) 
   Region(Gas_1), elem2 = 124915, vertex0( 63374)(-5.000000e-01, 7.600000e+00) 

 Non-Delaunay elements with maximum VolumeIntersection = 9.094230e+03 (CoeffIntersection  = -3.371147e+01)
   Region(Gas_1), elem1 = 129052, vertex0( 91316)(-5.000000e-01, 7.700000e+00) 
   Region(Gas_1), elem2 = 124915, vertex0( 63374)(-5.000000e-01, 7.600000e+00) 


  VertexWithMaxMeasure(91316)(-5.000000e-01, 7.700000e+00)
  MaxVertMeasure(1.762338e-01)/VertVolume(3.423672e-03) = 5.15e+01


/-------- Region non-Delaunay elements -----------------------------------------------------------------------
 Region            Volume      BoxMethodVolume  DeltaVolume  Elements  non-Delaunay      non-DelaunayVolume 
  name              [um2]          [um2]           [%]                   Elements              [um2]   [%]   
 -------------------------------------------------------------------------------------------------------------
 Silicon_1      4.6798400e+02  4.6798400e+02     2.5e-11    122019       0 ( 0.00 %)   0.0000000e+00 ( 0.0000) 
 Gas_1          1.6502208e+01  1.6881512e+01       2.299      7035       3 ( 0.04 %)   7.7345962e-01 ( 4.6870) 
 Oxide_1.1      1.2000136e-01  1.2000136e-01     2.5e-12      4136       0 ( 0.00 %)   0.0000000e+00 ( 0.0000) 
 Nitride_1.1    7.9998510e-02  7.9998510e-02     8.9e-13      2981       0 ( 0.00 %)   0.0000000e+00 ( 0.0000) 
 Aluminum_2     2.4250236e+00  2.4313818e+00       0.262      2300       2 ( 0.09 %)   2.1911345e-02 ( 0.9036) 
 Oxide_1.3      1.3500153e-01  1.3500153e-01     1.3e-12      4171       0 ( 0.00 %)   0.0000000e+00 ( 0.0000) 
 Nitride_1.3    8.9998324e-02  8.9998324e-02     1.1e-12      2992       0 ( 0.00 %)   0.0000000e+00 ( 0.0000) 
 Nitride_1.2    1.5599709e-01  1.5599709e-01     1.2e-12      5590       0 ( 0.00 %)   0.0000000e+00 ( 0.0000) 
 Oxide_1.2      2.3400265e-01  2.3400265e-01     7.6e-12      6946       0 ( 0.00 %)   0.0000000e+00 ( 0.0000) 
 PolySilicon_1  3.0250044e+00  3.0250044e+00     1.3e-11     20044       0 ( 0.00 %)   0.0000000e+00 ( 0.0000) 
 BCIM_region    1.6000000e-02  1.6000000e-02     7.3e-14       411       0 ( 0.00 %)   0.0000000e+00 ( 0.0000) 
 Aluminum_1     4.1500000e+00  4.2167369e+00       1.608      3424       2 ( 0.06 %)   1.3889817e-01 ( 3.3469) 
 .............................................................................................................
 Total          4.9491724e+02  4.9536963e+02       0.091    182049       7 ( 0.00 %)   9.3426914e-01 ( 0.1888) 
\-------------------------------------------------------------------------------------------------------------


/-------- Interface non-Delaunay elements --------------------------------------------------------------------
 Region1           Elements  non-Delaunay     Volume            non-Delaunay            Obtuse
 Region2                      Elements         [um2]          DeltaVolume [um2]        Elements
 -------------------------------------------------------------------------------------------------------------
 Silicon_1          247       0 ( 0.00 %)   3.1584300e-03   0.0000000e+00 ( 0.00 %)   0 ( 0.00 %) 
 Oxide_1.1          247       0 ( 0.00 %)   4.4933954e-03   0.0000000e+00 ( 0.00 %)   0 ( 0.00 %) 
 .............................................................................................................
 Silicon_1           41       0 ( 0.00 %)   3.0005085e-03   0.0000000e+00 ( 0.00 %)   0 ( 0.00 %) 
 Aluminum_2          41       0 ( 0.00 %)   4.2687256e-03   0.0000000e+00 ( 0.00 %)   0 ( 0.00 %) 
 .............................................................................................................
 Silicon_1          252       0 ( 0.00 %)   3.5532338e-03   0.0000000e+00 ( 0.00 %)   0 ( 0.00 %) 
 Oxide_1.3          252       0 ( 0.00 %)   5.0550698e-03   0.0000000e+00 ( 0.00 %)   0 ( 0.00 %) 
 .............................................................................................................
 Silicon_1          409       0 ( 0.00 %)   6.1589385e-03   0.0000000e+00 ( 0.00 %)   0 ( 0.00 %) 
 Oxide_1.2          409       0 ( 0.00 %)   8.7621210e-03   0.0000000e+00 ( 0.00 %)   0 ( 0.00 %) 
 .............................................................................................................
 Silicon_1           59       0 ( 0.00 %)   5.3068000e-04   0.0000000e+00 ( 0.00 %)   0 ( 0.00 %) 
 BCIM_region         59       0 ( 0.00 %)   1.6649658e-03   0.0000000e+00 ( 0.00 %)   0 ( 0.00 %) 
 .............................................................................................................
 Silicon_1           38       0 ( 0.00 %)   2.6057047e-03   0.0000000e+00 ( 0.00 %)   0 ( 0.00 %) 
 Aluminum_1          38       0 ( 0.00 %)   3.7070512e-03   0.0000000e+00 ( 0.00 %)   0 ( 0.00 %) 
 .............................................................................................................
 Gas_1               87       0 ( 0.00 %)   5.7831461e-03   0.0000000e+00 ( 0.00 %)   0 ( 0.00 %) 
 Nitride_1.1         87       0 ( 0.00 %)   8.4461207e-04   0.0000000e+00 ( 0.00 %)   0 ( 0.00 %) 
 .............................................................................................................
 Gas_1               75       0 ( 0.00 %)   2.0863532e-01   0.0000000e+00 ( 0.00 %)   0 ( 0.00 %) 
 Aluminum_2          76       0 ( 0.00 %)   2.2527292e-01   0.0000000e+00 ( 0.00 %)   0 ( 0.00 %) 
 .............................................................................................................
 Gas_1               38       0 ( 0.00 %)   2.4504856e-03   0.0000000e+00 ( 0.00 %)   0 ( 0.00 %) 
 Nitride_1.2         38       0 ( 0.00 %)   3.7894926e-04   0.0000000e+00 ( 0.00 %)   0 ( 0.00 %) 
 .............................................................................................................
 Gas_1              281       0 ( 0.00 %)   2.1129778e-03   0.0000000e+00 ( 0.00 %)   0 ( 0.00 %) 
 PolySilicon_1      281       0 ( 0.00 %)   6.2457850e-03   0.0000000e+00 ( 0.00 %)   0 ( 0.00 %) 
 .............................................................................................................
 Gas_1               70       0 ( 0.00 %)   1.9664379e-01   0.0000000e+00 ( 0.00 %)   0 ( 0.00 %) 
 Aluminum_1          69       0 ( 0.00 %)   3.9952505e-01   0.0000000e+00 ( 0.00 %)   0 ( 0.00 %) 
 .............................................................................................................
 Oxide_1.1          238       0 ( 0.00 %)   1.5865400e-03   0.0000000e+00 ( 0.00 %)   0 ( 0.00 %) 
 Nitride_1.1        238       0 ( 0.00 %)   2.9068553e-03   0.0000000e+00 ( 0.00 %)   0 ( 0.00 %) 
 .............................................................................................................
 Oxide_1.1            9       0 ( 0.00 %)   2.3437766e-05   0.0000000e+00 ( 0.00 %)   0 ( 0.00 %) 
 Aluminum_2           9       0 ( 0.00 %)   2.5192998e-05   0.0000000e+00 ( 0.00 %)   0 ( 0.00 %) 
 .............................................................................................................
 Nitride_1.1        117       0 ( 0.00 %)   3.3276877e-04   0.0000000e+00 ( 0.00 %)   0 ( 0.00 %) 
 Aluminum_2         117       0 ( 0.00 %)   2.0894166e-03   0.0000000e+00 ( 0.00 %)   0 ( 0.00 %) 
 .............................................................................................................
 Aluminum_2           7       0 ( 0.00 %)   6.6147495e-05   0.0000000e+00 ( 0.00 %)   0 ( 0.00 %) 
 Nitride_1.2          7       0 ( 0.00 %)   8.1944588e-05   0.0000000e+00 ( 0.00 %)   0 ( 0.00 %) 
 .............................................................................................................
 Aluminum_2          10       0 ( 0.00 %)   2.5192998e-05   0.0000000e+00 ( 0.00 %)   0 ( 0.00 %) 
 Oxide_1.2           10       0 ( 0.00 %)   2.3437766e-05   0.0000000e+00 ( 0.00 %)   0 ( 0.00 %) 
 .............................................................................................................
 Oxide_1.3          241       0 ( 0.00 %)   1.7848576e-03   0.0000000e+00 ( 0.00 %)   0 ( 0.00 %) 
 Nitride_1.3        241       0 ( 0.00 %)   3.2702123e-03   0.0000000e+00 ( 0.00 %)   0 ( 0.00 %) 
 .............................................................................................................
 Oxide_1.3           10       0 ( 0.00 %)   2.3437766e-05   0.0000000e+00 ( 0.00 %)   0 ( 0.00 %) 
 Aluminum_1          10       0 ( 0.00 %)   2.5192998e-05   0.0000000e+00 ( 0.00 %)   0 ( 0.00 %) 
 .............................................................................................................
 Nitride_1.3        203       0 ( 0.00 %)   1.3703359e-03   0.0000000e+00 ( 0.00 %)   0 ( 0.00 %) 
 Aluminum_1         204       0 ( 0.00 %)   8.9019377e-03   0.0000000e+00 ( 0.00 %)   0 ( 0.00 %) 
 .............................................................................................................
 Nitride_1.2        374       0 ( 0.00 %)   5.6683679e-03   0.0000000e+00 ( 0.00 %)   0 ( 0.00 %) 
 Oxide_1.2          374       0 ( 0.00 %)   3.0937531e-03   0.0000000e+00 ( 0.00 %)   0 ( 0.00 %) 
 .............................................................................................................
 Nitride_1.2        299       0 ( 0.00 %)   1.7321705e-03   0.0000000e+00 ( 0.00 %)   0 ( 0.00 %) 
 PolySilicon_1      299       0 ( 0.00 %)   5.0640900e-03   0.0000000e+00 ( 0.00 %)   0 ( 0.00 %) 
 .............................................................................................................
 Nitride_1.2         20       0 ( 0.00 %)   1.7529872e-04   0.0000000e+00 ( 0.00 %)   0 ( 0.00 %) 
 Aluminum_1          20       0 ( 0.00 %)   1.0112029e-03   0.0000000e+00 ( 0.00 %)   0 ( 0.00 %) 
 .............................................................................................................
 Oxide_1.2            9       0 ( 0.00 %)   2.3437766e-05   0.0000000e+00 ( 0.00 %)   0 ( 0.00 %) 
 Aluminum_1           9       0 ( 0.00 %)   2.5192998e-05   0.0000000e+00 ( 0.00 %)   0 ( 0.00 %) 
 .............................................................................................................
 Total             6269       0 ( 0.00 %)   1.1341823e+00   0.0000000e+00 ( 0.00 %)   0 ( 0.00 %) 
\-------------------------------------------------------------------------------------------------------------
    done.
  done.
  (times: wallclock = 0.16 s, tcpu = 0.32 s)
done.
Reading doping '../structure/SiSeRO_msh.tdr' (TDR format) ...
done.
done.


=======
Region: "Aluminum_1"
  (material is "Aluminum")
=======
  Using lattice crystal coordinate system from TDR file:
    slice.angle                   : -9.0000e+01 [deg]
    wafer.orient, vertical.orient : (0, 0, 1)
    flat.orient, horizontal.orient: [1, 1, 0]
    miscut.tilt                   : 0.0000e+00 [deg]
    miscut.toward                 : [1, 1, 0]
    lattice.system                : cubic
    polytype                      : 4H
    lattice.const                 : 4.0500e-08 [cm]
    lattice.const.b               : 4.0500e-08 [cm]
    lattice.const.c               : 4.0500e-08 [cm]
    unit cell angles: alpha = 90, beta = 90, gamma = 90 [deg]
    effective LatticeParameters:
      X = (0.0000e+00, 0.0000e+00, -1.0000e+00)
      Y = (-7.0711e-01, 0.707107, 0.0000e+00)
      Z = (0.707107, 0.707107, 0.0000e+00)
  Constants are not modified and equal to default ones

=======
Region: "Aluminum_2"
  (material is "Aluminum")
=======
  Using lattice crystal coordinate system from TDR file:
    slice.angle                   : -9.0000e+01 [deg]
    wafer.orient, vertical.orient : (0, 0, 1)
    flat.orient, horizontal.orient: [1, 1, 0]
    miscut.tilt                   : 0.0000e+00 [deg]
    miscut.toward                 : [1, 1, 0]
    lattice.system                : cubic
    polytype                      : 4H
    lattice.const                 : 4.0500e-08 [cm]
    lattice.const.b               : 4.0500e-08 [cm]
    lattice.const.c               : 4.0500e-08 [cm]
    unit cell angles: alpha = 90, beta = 90, gamma = 90 [deg]
    effective LatticeParameters:
      X = (0.0000e+00, 0.0000e+00, -1.0000e+00)
      Y = (-7.0711e-01, 0.707107, 0.0000e+00)
      Z = (0.707107, 0.707107, 0.0000e+00)
  Constants are not modified and equal to default ones

=======
Region: "BCIM_region"
  (material is "Silicon")
=======
  Using lattice crystal coordinate system from TDR file:
    slice.angle                   : -9.0000e+01 [deg]
    wafer.orient, vertical.orient : (0, 0, 1)
    flat.orient, horizontal.orient: [1, 1, 0]
    miscut.tilt                   : 0.0000e+00 [deg]
    miscut.toward                 : [1, 1, 0]
    lattice.system                : cubic
    polytype                      : Zincblende
    lattice.const                 : 5.4310e-08 [cm]
    lattice.const.b               : 5.4310e-08 [cm]
    lattice.const.c               : 5.4310e-08 [cm]
    unit cell angles: alpha = 90, beta = 90, gamma = 90 [deg]
    effective LatticeParameters:
      X = (0.0000e+00, 0.0000e+00, -1.0000e+00)
      Y = (-7.0711e-01, 0.707107, 0.0000e+00)
      Z = (0.707107, 0.707107, 0.0000e+00)
  Constants are not modified and equal to default ones

=======
Region: "Gas_1"
  (material is "Gas")
=======
  Using default lattice crystal coordinate system:
    effective LatticeParameters:
      X = (1, 0.0000e+00, 0.0000e+00)
      Y = (0.0000e+00, 1, 0.0000e+00)
      Z = (0.0000e+00, 0.0000e+00, 1)
  Constants are not modified and equal to default ones

=======
Region: "Nitride_1.1"
  (material is "Nitride")
=======
  Using default lattice crystal coordinate system:
    effective LatticeParameters:
      X = (1, 0.0000e+00, 0.0000e+00)
      Y = (0.0000e+00, 1, 0.0000e+00)
      Z = (0.0000e+00, 0.0000e+00, 1)
  Constants are not modified and equal to default ones

=======
Region: "Nitride_1.2"
  (material is "Nitride")
=======
  Using default lattice crystal coordinate system:
    effective LatticeParameters:
      X = (1, 0.0000e+00, 0.0000e+00)
      Y = (0.0000e+00, 1, 0.0000e+00)
      Z = (0.0000e+00, 0.0000e+00, 1)
  Constants are not modified and equal to default ones

=======
Region: "Nitride_1.3"
  (material is "Nitride")
=======
  Using default lattice crystal coordinate system:
    effective LatticeParameters:
      X = (1, 0.0000e+00, 0.0000e+00)
      Y = (0.0000e+00, 1, 0.0000e+00)
      Z = (0.0000e+00, 0.0000e+00, 1)
  Constants are not modified and equal to default ones

=======
Region: "Oxide_1.1"
  (material is "Oxide")
=======
  Using default lattice crystal coordinate system:
    effective LatticeParameters:
      X = (1, 0.0000e+00, 0.0000e+00)
      Y = (0.0000e+00, 1, 0.0000e+00)
      Z = (0.0000e+00, 0.0000e+00, 1)
  Constants are not modified and equal to default ones

=======
Region: "Oxide_1.2"
  (material is "Oxide")
=======
  Using default lattice crystal coordinate system:
    effective LatticeParameters:
      X = (1, 0.0000e+00, 0.0000e+00)
      Y = (0.0000e+00, 1, 0.0000e+00)
      Z = (0.0000e+00, 0.0000e+00, 1)
  Constants are not modified and equal to default ones

=======
Region: "Oxide_1.3"
  (material is "Oxide")
=======
  Using default lattice crystal coordinate system:
    effective LatticeParameters:
      X = (1, 0.0000e+00, 0.0000e+00)
      Y = (0.0000e+00, 1, 0.0000e+00)
      Z = (0.0000e+00, 0.0000e+00, 1)
  Constants are not modified and equal to default ones

=======
Region: "PolySilicon_1"
  (material is "PolySi")
=======
  Using lattice crystal coordinate system from TDR file:
    slice.angle                   : -9.0000e+01 [deg]
    wafer.orient, vertical.orient : (0, 0, 1)
    flat.orient, horizontal.orient: [1, 1, 0]
    miscut.tilt                   : 0.0000e+00 [deg]
    miscut.toward                 : [1, 1, 0]
    lattice.system                : cubic
    polytype                      : Zincblende
    lattice.const                 : 5.4300e-08 [cm]
    lattice.const.b               : 5.4300e-08 [cm]
    lattice.const.c               : 5.4300e-08 [cm]
    unit cell angles: alpha = 90, beta = 90, gamma = 90 [deg]
    effective LatticeParameters:
      X = (0.0000e+00, 0.0000e+00, -1.0000e+00)
      Y = (-7.0711e-01, 0.707107, 0.0000e+00)
      Z = (0.707107, 0.707107, 0.0000e+00)
  Constants are not modified and equal to default ones

=======
Region: "Silicon_1"
  (material is "Silicon")
=======
  Using lattice crystal coordinate system from TDR file:
    slice.angle                   : -9.0000e+01 [deg]
    wafer.orient, vertical.orient : (0, 0, 1)
    flat.orient, horizontal.orient: [1, 1, 0]
    miscut.tilt                   : 0.0000e+00 [deg]
    miscut.toward                 : [1, 1, 0]
    lattice.system                : cubic
    polytype                      : Zincblende
    lattice.const                 : 5.4310e-08 [cm]
    lattice.const.b               : 5.4310e-08 [cm]
    lattice.const.c               : 5.4310e-08 [cm]
    unit cell angles: alpha = 90, beta = 90, gamma = 90 [deg]
    effective LatticeParameters:
      X = (0.0000e+00, 0.0000e+00, -1.0000e+00)
      Y = (-7.0711e-01, 0.707107, 0.0000e+00)
      Z = (0.707107, 0.707107, 0.0000e+00)
  Constants are not modified and equal to default ones

================
RegionInterface: "Gas_1/Aluminum_1"
  (material interface is "Gas/Aluminum")
================
  Constants are not modified and equal to default ones

================
RegionInterface: "Nitride_1.2/Aluminum_1"
  (material interface is "Nitride/Aluminum")
================
  Constants are not modified and equal to default ones

================
RegionInterface: "Nitride_1.3/Aluminum_1"
  (material interface is "Nitride/Aluminum")
================
  Constants are not modified and equal to default ones

================
RegionInterface: "Oxide_1.2/Aluminum_1"
  (material interface is "Oxide/Aluminum")
================
  Constants are not modified and equal to default ones

================
RegionInterface: "Oxide_1.3/Aluminum_1"
  (material interface is "Oxide/Aluminum")
================
  Constants are not modified and equal to default ones

================
RegionInterface: "Silicon_1/Aluminum_1"
  (material interface is "Silicon/Aluminum")
================
  Constants are not modified and equal to default ones

================
RegionInterface: "Gas_1/Aluminum_2"
  (material interface is "Gas/Aluminum")
================
  Constants are not modified and equal to default ones

================
RegionInterface: "Nitride_1.1/Aluminum_2"
  (material interface is "Nitride/Aluminum")
================
  Constants are not modified and equal to default ones

================
RegionInterface: "Aluminum_2/Nitride_1.2"
  (material interface is "Aluminum/Nitride")
================
  Constants are not modified and equal to default ones

================
RegionInterface: "Oxide_1.1/Aluminum_2"
  (material interface is "Oxide/Aluminum")
================
  Constants are not modified and equal to default ones

================
RegionInterface: "Aluminum_2/Oxide_1.2"
  (material interface is "Aluminum/Oxide")
================
  Constants are not modified and equal to default ones

================
RegionInterface: "Silicon_1/Aluminum_2"
  (material interface is "Silicon/Aluminum")
================
  Constants are not modified and equal to default ones

================
RegionInterface: "Silicon_1/BCIM_region"
  (material interface is "Silicon/Silicon")
================
  Constants are not modified and equal to default ones

================
RegionInterface: "Gas_1/Nitride_1.1"
  (material interface is "Gas/Nitride")
================
  Constants are not modified and equal to default ones

================
RegionInterface: "Gas_1/Nitride_1.2"
  (material interface is "Gas/Nitride")
================
  Constants are not modified and equal to default ones

================
RegionInterface: "Gas_1/PolySilicon_1"
  (material interface is "Gas/PolySi")
================
  Constants are not modified and equal to default ones

================
RegionInterface: "Oxide_1.1/Nitride_1.1"
  (material interface is "Oxide/Nitride")
================
  Constants are not modified and equal to default ones

================
RegionInterface: "Nitride_1.2/Oxide_1.2"
  (material interface is "Nitride/Oxide")
================
  Constants are not modified and equal to default ones

================
RegionInterface: "Nitride_1.2/PolySilicon_1"
  (material interface is "Nitride/PolySi")
================
  Constants are not modified and equal to default ones

================
RegionInterface: "Oxide_1.3/Nitride_1.3"
  (material interface is "Oxide/Nitride")
================
  Constants are not modified and equal to default ones

================
RegionInterface: "Silicon_1/Oxide_1.1"
  (material interface is "Silicon/Oxide")
================
  Constants are not modified and equal to default ones

================
RegionInterface: "Silicon_1/Oxide_1.2"
  (material interface is "Silicon/Oxide")
================
  Constants are not modified and equal to default ones

================
RegionInterface: "Silicon_1/Oxide_1.3"
  (material interface is "Silicon/Oxide")
================
  Constants are not modified and equal to default ones

==========
Electrode: "chargeflow"
==========
  Constants are not modified and equal to default ones

==========
Electrode: "drain"
==========
  Constants are not modified and equal to default ones

==========
Electrode: "gate"
==========
  Constants are not modified and equal to default ones

==========
Electrode: "source"
==========
  Constants are not modified and equal to default ones


Acceptor and donor concentrations (AcceptorConcentration, DonorConcentration):
    computed based on the following species from the doping file:
        ArsenicConcentration (donor)
        PhosphorusActiveConcentration (donor)
        BoronActiveConcentration (acceptor)
Net doping concentration (DopingConcentration):
    obtained from doping file
Total doping concentration (TotalConcentration):
    recomputed from acceptor and donor concentrations



With Constant Reference Potential:
  Parameters of Reference Semiconductor:
    The Electron Affinity: 4.07274
    The Band Gap: 1.10821
    The Electron DOS: 2.8583e+19
    The Hole DOS: 3.1046e+19
  The Constant Reference Potential: 4.62578

===============================
Starting solve of next problem:
 Poisson
===============================

Computing poisson-equation 
using Bank/Rose nonlinear solver.

Iteration   |Rhs|      factor     |step|     error   #inner  #iterative  time
------------------------------------------------------------------------------
    0      4.48e+03                                                      0.20
    1      3.89e+11   1.00e+00   1.21e+04   9.73e+06    0        34      1.95
    2      7.48e+10   1.00e+00   7.54e+03   7.87e+06    0        24      3.12
    3      1.44e+10   1.00e+00   2.51e+03   4.45e+06    0        25      4.28
    4      2.77e+09   1.00e+00   8.36e+02   2.09e+06    0        25      5.45
    5      5.34e+08   1.00e+00   2.79e+02   1.23e+06    0        25      6.56
    6      1.03e+08   1.00e+00   9.34e+01   1.50e+06    0        27      7.74
    7      1.98e+07   1.00e+00   3.16e+01   3.07e+06    0        30      8.98
    8      3.80e+06   1.00e+00   1.27e+01   1.00e+06    0        31     10.24
    9      7.33e+05   1.00e+00   1.28e+01   3.97e+05    0        32     12.54
   10      1.43e+05   1.00e+00   1.50e+01   7.84e+05    0        32     13.83
   11      4.06e+04   1.00e+00   2.02e+01   3.82e+05    0        32     15.13
   12      1.41e+04   1.00e+00   2.67e+01   5.45e+05    0        32     16.44
   13      5.08e+03   1.00e+00   3.29e+01   6.81e+05    0        33     17.74
   14      1.93e+03   1.00e+00   4.14e+01   1.13e+06    0        33     19.08
   15      2.50e+03   1.00e+00   5.10e+01   1.42e+06    0        33     20.39
   16      8.55e+03   1.00e+00   6.16e+01   1.81e+06    0        33     22.10
   17      1.06e+05   1.00e+00   7.50e+01   1.72e+06    0        33     23.45
   18      2.19e+04   1.00e+00   8.67e+01   1.84e+06    0        34     24.80
   19      1.31e+05   1.00e+00   8.53e+01   1.49e+06    0        35     26.17
   20      2.55e+04   1.00e+00   7.83e+01   1.66e+06    0        34     27.52
   21      5.79e+03   1.00e+00   8.47e+01   1.71e+06    0        36     28.90
   22      1.68e+03   1.00e+00   9.82e+01   2.25e+06    0        35     30.25
   23      5.33e+02   1.00e+00   1.04e+02   2.71e+06    0        37     31.64
   24      1.82e+02   1.00e+00   7.16e+01   1.82e+06    0        37     34.32
   25      1.48e+02   1.00e+00   1.41e+01   2.42e+05    0        36     35.76
   26      1.24e+02   1.00e+00   5.06e+00   8.90e+04    0        36     37.14
   27      7.85e+01   1.00e+00   2.25e+00   3.96e+04    0        36     38.54
   28      3.50e+01   1.00e+00   9.84e-01   1.72e+04    0        36     39.95
   29      1.25e+01   1.00e+00   3.19e-01   5.31e+03    0        35     41.36
   30      1.94e+00   1.00e+00   6.50e-02   1.09e+03    0        36     42.76
   31      4.73e-02   1.00e+00   7.97e-03   1.25e+02    0        35     45.39
   32      5.99e-05   1.00e+00   1.52e-04   2.17e+00    0        36     46.85
   33      4.17e-10   1.00e+00   8.94e-08   1.17e-03    0        36     48.22
Finished, because...
Error smaller than 1 ( 1.1733E-03 ).

Accumulated times:
Rhs time:        6.23 s
Jacobian time:  13.73 s
Solve time:     28.19 s
Total time:     48.22 s

contact        voltage     electron current    hole current  conduction current
 drain        0.000E+00       5.761E-15         0.000E+00        5.761E-15
 gate         0.000E+00       2.672E-23        -2.672E-23        0.000E+00
 source       0.000E+00       2.304E-15         0.000E+00        2.304E-15


===============================
Starting solve of next problem:
Coupled ( Digits : 7, Max. #iterations : 200, 
    Solver : ILS,
    #undamped iterations : 100 
    )
    { Poisson Hole } 
===============================

Computing Coupled( 1 poisson-equation(s) , 1 current-contact-equation(s) , 
                   1 hole-equation(s) ) 
using Bank/Rose nonlinear solver.

Iteration   |Rhs|      factor     |step|     error   #inner  #iterative  time
------------------------------------------------------------------------------
    0      3.17e-02                                                      1.96
    1      4.42e-03   1.00e+00   1.83e+01   9.82e-01    0        72     10.32
Finished, because...
Error smaller than 1 ( 9.8222E-01 ).

Accumulated times:
Rhs time:        5.17 s
Jacobian time:   0.53 s
Solve time:      4.53 s
Total time:     10.32 s

contact        voltage     electron current    hole current  conduction current
 drain        0.000E+00      -2.280E-15         0.000E+00       -2.280E-15
 gate         0.000E+00      -6.358E-21         6.358E-21        0.000E+00
 source       0.000E+00      -1.146E-15         0.000E+00       -1.146E-15


===============================
Starting solve of next problem:
Coupled ( Digits : 7, Max. #iterations : 200, 
    Solver : ILS,
    #undamped iterations : 100 
    )
    { Poisson Electron } 
===============================

Computing Coupled( 1 poisson-equation(s) , 1 current-contact-equation(s) , 
                   1 electron-equation(s) ) 
using Bank/Rose nonlinear solver.

Iteration   |Rhs|      factor     |step|     error   #inner  #iterative  time
------------------------------------------------------------------------------
    0      4.42e-03                                                      2.10
Repeating solve of linear system with higher accuracy requirement.
    1      4.42e-03   8.16e-11   1.44e+17   1.00e+00    6       200     74.76
Finished, because...
Convergence problems.

Accumulated times:
Rhs time:       49.11 s
Jacobian time:   0.52 s
Solve time:     24.13 s
Total time:     74.76 s

contact        voltage     electron current    hole current  conduction current
 drain        0.000E+00      -2.864E-15         0.000E+00       -2.864E-15
 gate         0.000E+00      -6.357E-21         6.357E-21        0.000E+00
 source       0.000E+00      -1.010E-15         0.000E+00       -1.010E-15


===============================
Starting solve of next problem:
Coupled ( Digits : 7, Max. #iterations : 200, 
    Solver : ILS,
    #undamped iterations : 100 
    )
    { Poisson Electron Hole } 
===============================

Computing Coupled( 1 poisson-equation(s) , 1 current-contact-equation(s) , 
                   1 electron-equation(s) , 1 hole-equation(s) ) 
using Bank/Rose nonlinear solver.

Iteration   |Rhs|      factor     |step|     error   #inner  #iterative  time
------------------------------------------------------------------------------
    0      6.65e-03                                                      2.13
    1      3.03e+20   1.36e-07   2.98e+20   8.23e+32    0         1     26.78
    2      3.03e+20   1.36e-06   1.34e+13   1.04e+26    0         1     36.32
    3      6.03e+26   3.40e-05   3.28e+21   4.38e+31    0         1     45.62
Finished, because...
|RHS| increased by more than factor 1.0000E+25.

Accumulated times:
Rhs time:       26.61 s
Jacobian time:   2.68 s
Solve time:     16.07 s
Total time:     45.62 s

contact        voltage     electron current    hole current  conduction current
 drain        0.000E+00      -3.794E-07         0.000E+00       -3.794E-07
 gate         0.000E+00       3.260E-16        -3.260E-16        0.000E+00
 source       0.000E+00       1.530E-09         0.000E+00        1.530E-09


===============================
Starting solve of next problem:
Quasistationary ( Digits : 7, Max. #iterations : 200, 
      Initial step in t : 1.0000e-05, 
      Minimum step in t : 1.0000e-08, Maximum step in t : 1, 
      Increment : 2, Decrement : 2, 
      Goal values :
        Contact source : 1.5V,
        Contact drain : 0.0000e+00V,
        Contact gate : 1.5V
    )
  {
    Coupled ( Digits : 7, Max. #iterations : 200, 
        Solver : ILS,
        #undamped iterations : 100 
        )
        { Poisson Electron Hole } 
    CurrentPlot ( )
      { }
  }
===============================

Computing step from t=0.0000e+00 to t=1.0000e-05 (Stepsize: 1.0000e-05) :
Computing Coupled( 1 poisson-equation(s) , 1 current-contact-equation(s) , 
                   1 electron-equation(s) , 1 hole-equation(s) ) 
using Bank/Rose nonlinear solver.

Iteration   |Rhs|      factor     |step|     error   #inner  #iterative  time
------------------------------------------------------------------------------
    0      6.03e+26                                                      3.44
Repeating solve of linear system with higher accuracy requirement.
    1      6.03e+26   1.40e-19   8.28e+55   1.00e+00    6       200    106.38
Finished, because...
Convergence problems.

Accumulated times:
Rhs time:       54.36 s
Jacobian time:   0.91 s
Solve time:     50.89 s
Total time:    106.38 s

Newton didn't converge, trying again with smaller step...

Computing step from t=0.0000e+00 to t=5.0000e-06 (Stepsize: 5.0000e-06) :
Computing Coupled( 1 poisson-equation(s) , 1 current-contact-equation(s) , 
                   1 electron-equation(s) , 1 hole-equation(s) ) 
using Bank/Rose nonlinear solver.

Iteration   |Rhs|      factor     |step|     error   #inner  #iterative  time
------------------------------------------------------------------------------
    0      5.74e+26                                                      3.47
Repeating solve of linear system with higher accuracy requirement.
    1      5.74e+26   2.80e-19   5.94e+53   1.00e+00    6       200    107.74
Finished, because...
Convergence problems.

Accumulated times:
Rhs time:       54.26 s
Jacobian time:   0.90 s
Solve time:     52.35 s
Total time:    107.74 s

Newton didn't converge, trying again with smaller step...

Computing step from t=0.0000e+00 to t=2.5000e-06 (Stepsize: 2.5000e-06) :
Computing Coupled( 1 poisson-equation(s) , 1 current-contact-equation(s) , 
                   1 electron-equation(s) , 1 hole-equation(s) ) 
using Bank/Rose nonlinear solver.

Iteration   |Rhs|      factor     |step|     error   #inner  #iterative  time
------------------------------------------------------------------------------
    0      5.74e+26                                                      3.46
Repeating solve of linear system with higher accuracy requirement.
    1      5.74e+26   2.80e-19   5.88e+53   1.00e+00    6       200    107.15
Finished, because...
Convergence problems.

Accumulated times:
Rhs time:       54.29 s
Jacobian time:   0.92 s
Solve time:     51.69 s
Total time:    107.15 s

Newton didn't converge, trying again with smaller step...

Computing step from t=0.0000e+00 to t=1.2500e-06 (Stepsize: 1.2500e-06) :
Computing Coupled( 1 poisson-equation(s) , 1 current-contact-equation(s) , 
                   1 electron-equation(s) , 1 hole-equation(s) ) 
using Bank/Rose nonlinear solver.

Iteration   |Rhs|      factor     |step|     error   #inner  #iterative  time
------------------------------------------------------------------------------
    0      5.74e+26                                                      3.48
Repeating solve of linear system with higher accuracy requirement.
    1      5.74e+26   2.80e-19   5.95e+53   1.00e+00    6       200    107.22
Finished, because...
Convergence problems.

Accumulated times:
Rhs time:       54.34 s
Jacobian time:   0.92 s
Solve time:     51.76 s
Total time:    107.22 s

Newton didn't converge, trying again with smaller step...

Computing step from t=0.0000e+00 to t=6.2500e-07 (Stepsize: 6.2500e-07) :
Computing Coupled( 1 poisson-equation(s) , 1 current-contact-equation(s) , 
                   1 electron-equation(s) , 1 hole-equation(s) ) 
using Bank/Rose nonlinear solver.

Iteration   |Rhs|      factor     |step|     error   #inner  #iterative  time
------------------------------------------------------------------------------
    0      5.74e+26                                                      3.44
Repeating solve of linear system with higher accuracy requirement.
    1      5.74e+26   2.83e-19   5.64e+53   1.00e+00    6       200    107.32
Finished, because...
Convergence problems.

Accumulated times:
Rhs time:       54.38 s
Jacobian time:   0.91 s
Solve time:     51.82 s
Total time:    107.32 s

Newton didn't converge, trying again with smaller step...

Computing step from t=0.0000e+00 to t=3.1250e-07 (Stepsize: 3.1250e-07) :
Computing Coupled( 1 poisson-equation(s) , 1 current-contact-equation(s) , 
                   1 electron-equation(s) , 1 hole-equation(s) ) 
using Bank/Rose nonlinear solver.

Iteration   |Rhs|      factor     |step|     error   #inner  #iterative  time
------------------------------------------------------------------------------
    0      5.74e+26                                                      3.44
Repeating solve of linear system with higher accuracy requirement.
    1      5.74e+26   2.81e-19   5.81e+53   1.00e+00    6       200    106.92
Finished, because...
Convergence problems.

Accumulated times:
Rhs time:       54.34 s
Jacobian time:   0.90 s
Solve time:     51.46 s
Total time:    106.92 s

Newton didn't converge, trying again with smaller step...

Computing step from t=0.0000e+00 to t=1.5625e-07 (Stepsize: 1.5625e-07) :
Computing Coupled( 1 poisson-equation(s) , 1 current-contact-equation(s) , 
                   1 electron-equation(s) , 1 hole-equation(s) ) 
using Bank/Rose nonlinear solver.

Iteration   |Rhs|      factor     |step|     error   #inner  #iterative  time
------------------------------------------------------------------------------
    0      5.74e+26                                                      3.44
Repeating solve of linear system with higher accuracy requirement.
    1      5.74e+26   2.82e-19   5.76e+53   1.00e+00    6       200    106.71
Finished, because...
Convergence problems.

Accumulated times:
Rhs time:       54.38 s
Jacobian time:   0.89 s
Solve time:     51.25 s
Total time:    106.71 s

Newton didn't converge, trying again with smaller step...

Computing step from t=0.0000e+00 to t=7.8125e-08 (Stepsize: 7.8125e-08) :
Computing Coupled( 1 poisson-equation(s) , 1 current-contact-equation(s) , 
                   1 electron-equation(s) , 1 hole-equation(s) ) 
using Bank/Rose nonlinear solver.

Iteration   |Rhs|      factor     |step|     error   #inner  #iterative  time
------------------------------------------------------------------------------
    0      5.74e+26                                                      3.46
Repeating solve of linear system with higher accuracy requirement.
    1      5.74e+26   2.81e-19   5.82e+53   1.00e+00    6       200    106.68
Finished, because...
Convergence problems.

Accumulated times:
Rhs time:       54.39 s
Jacobian time:   0.90 s
Solve time:     51.19 s
Total time:    106.68 s

Newton didn't converge, trying again with smaller step...

Computing step from t=0.0000e+00 to t=3.9063e-08 (Stepsize: 3.9063e-08) :
Computing Coupled( 1 poisson-equation(s) , 1 current-contact-equation(s) , 
                   1 electron-equation(s) , 1 hole-equation(s) ) 
using Bank/Rose nonlinear solver.

Iteration   |Rhs|      factor     |step|     error   #inner  #iterative  time
------------------------------------------------------------------------------
    0      5.74e+26                                                      3.42
Repeating solve of linear system with higher accuracy requirement.
    1      5.74e+26   2.82e-19   5.76e+53   1.00e+00    6       200    107.00
Finished, because...
Convergence problems.

Accumulated times:
Rhs time:       54.34 s
Jacobian time:   0.90 s
Solve time:     51.55 s
Total time:    107.00 s

Newton didn't converge, trying again with smaller step...

Computing step from t=0.0000e+00 to t=1.9531e-08 (Stepsize: 1.9531e-08) :
Computing Coupled( 1 poisson-equation(s) , 1 current-contact-equation(s) , 
                   1 electron-equation(s) , 1 hole-equation(s) ) 
using Bank/Rose nonlinear solver.

Iteration   |Rhs|      factor     |step|     error   #inner  #iterative  time
------------------------------------------------------------------------------
    0      5.74e+26                                                      3.46
C-norm_equation  max_error	vertex		coordinate [um]		value 
 poisson:	1.000000e+00	0	(1.950000e+01, 0.000000e+00)	-7.319006e+42 
C-norm_equation  max_error	vertex		coordinate [um]		value 
 QuasiFermiPo:	1.000000e+00	18217	(0.000000e+00, 1.560000e+01)	-3.722524e+34 
 electron:	1.166028e+58	5465	(8.815790e-01, 2.257500e+01)	2.190128e+10 
 hole:		6.459809e+59	37900	(9.259868e-01, 6.000000e+00)	3.923885e+10 
C-norm_equation  max_error	vertex		coordinate [um]		value 
 poisson:	5.520234e+00	0	(1.950000e+01, 0.000000e+00)	-1.325851e+42 
C-norm_equation  max_error	vertex		coordinate [um]		value 
 QuasiFermiPo:	5.520234e+00	18217	(0.000000e+00, 1.560000e+01)	-6.743417e+33 
 electron:	1.166028e+58	5465	(8.815790e-01, 2.257500e+01)	2.190128e+10 
 hole:		6.459809e+59	37900	(9.259868e-01, 6.000000e+00)	3.923885e+10 
C-norm_equation  max_error	vertex		coordinate [um]		value 
 poisson:	9.286025e+02	2	(1.950000e+01, 2.000000e-01)	-7.868783e+39 
C-norm_equation  max_error	vertex		coordinate [um]		value 
 QuasiFermiPo:	9.286025e+02	18259	(0.000000e+00, 1.760000e+01)	-5.473797e+34 
 electron:	1.166028e+58	5465	(8.815790e-01, 2.257500e+01)	2.190128e+10 
 hole:		6.459809e+59	37900	(9.259868e-01, 6.000000e+00)	3.923885e+10 
C-norm_equation  max_error	vertex		coordinate [um]		value 
 poisson:	4.760112e+06	61732	(-5.751546e-01, 2.320000e+01)	-5.977604e+13 
C-norm_equation  max_error	vertex		coordinate [um]		value 
 QuasiFermiPo:	4.760112e+06	18217	(0.000000e+00, 1.560000e+01)	-7.820244e+27 
 electron:	1.166028e+58	5465	(8.815790e-01, 2.257500e+01)	2.190128e+10 
 hole:		6.459809e+59	37900	(9.259868e-01, 6.000000e+00)	3.923885e+10 
C-norm_equation  max_error	vertex		coordinate [um]		value 
 poisson:	7.435659e+11	61732	(-5.751546e-01, 2.320000e+01)	-3.826704e+08 
C-norm_equation  max_error	vertex		coordinate [um]		value 
 QuasiFermiPo:	7.435659e+11	18221	(0.000000e+00, 1.560625e+01)	-3.874733e+22 
 electron:	1.166028e+58	5465	(8.815790e-01, 2.257500e+01)	2.190128e+10 
 hole:		6.459809e+59	37900	(9.259868e-01, 6.000000e+00)	3.923885e+10 
C-norm_equation  max_error	vertex		coordinate [um]		value 
 poisson:	3.561605e+18	61732	(-5.751546e-01, 2.320000e+01)	-7.986527e+01 
C-norm_equation  max_error	vertex		coordinate [um]		value 
 QuasiFermiPo:	3.539457e+18	18217	(0.000000e+00, 1.560000e+01)	-1.051722e+16 
 electron:	1.166028e+58	5465	(8.815790e-01, 2.257500e+01)	2.190128e+10 
 hole:		6.459809e+59	37900	(9.259868e-01, 6.000000e+00)	3.923885e+10 
Repeating solve of linear system with higher accuracy requirement.
C-norm_equation  max_error	vertex		coordinate [um]		value 
 poisson:	1.000000e+00	0	(1.950000e+01, 0.000000e+00)	-7.536106e+42 
C-norm_equation  max_error	vertex		coordinate [um]		value 
 QuasiFermiPo:	1.000000e+00	18217	(0.000000e+00, 1.560000e+01)	-3.843550e+34 
 electron:	1.206331e+58	5465	(8.815790e-01, 2.257500e+01)	2.190128e+10 
 hole:		6.664233e+59	37900	(9.259868e-01, 6.000000e+00)	3.923885e+10 
C-norm_equation  max_error	vertex		coordinate [um]		value 
 poisson:	5.521955e+00	3	(1.925000e+01, 2.000000e-01)	-1.376435e+42 
C-norm_equation  max_error	vertex		coordinate [um]		value 
 QuasiFermiPo:	5.521955e+00	18217	(0.000000e+00, 1.560000e+01)	-6.960488e+33 
 electron:	1.206331e+58	5465	(8.815790e-01, 2.257500e+01)	2.190128e+10 
 hole:		6.664233e+59	37900	(9.259868e-01, 6.000000e+00)	3.923885e+10 
C-norm_equation  max_error	vertex		coordinate [um]		value 
 poisson:	9.297610e+02	0	(1.950000e+01, 0.000000e+00)	-8.105423e+39 
C-norm_equation  max_error	vertex		coordinate [um]		value 
 QuasiFermiPo:	9.297610e+02	18217	(0.000000e+00, 1.560000e+01)	-4.133912e+31 
 electron:	1.206331e+58	5465	(8.815790e-01, 2.257500e+01)	2.190128e+10 
 hole:		6.664233e+59	37900	(9.259868e-01, 6.000000e+00)	3.923885e+10 
C-norm_equation  max_error	vertex		coordinate [um]		value 
 poisson:	4.773484e+06	61732	(-5.751546e-01, 2.320000e+01)	-6.159667e+13 
C-norm_equation  max_error	vertex		coordinate [um]		value 
 QuasiFermiPo:	4.773484e+06	18231	(0.000000e+00, 1.565000e+01)	-2.112959e+28 
 electron:	1.206331e+58	5465	(8.815790e-01, 2.257500e+01)	2.190128e+10 
 hole:		6.664233e+59	37900	(9.259868e-01, 6.000000e+00)	3.923885e+10 
C-norm_equation  max_error	vertex		coordinate [um]		value 
 poisson:	7.472833e+11	61732	(-5.751546e-01, 2.320000e+01)	-3.934662e+08 
C-norm_equation  max_error	vertex		coordinate [um]		value 
 QuasiFermiPo:	7.472833e+11	18229	(0.000000e+00, 1.563750e+01)	-1.095410e+23 
 electron:	1.206331e+58	5465	(8.815790e-01, 2.257500e+01)	2.190128e+10 
 hole:		6.664233e+59	37900	(9.259868e-01, 6.000000e+00)	3.923885e+10 
C-norm_equation  max_error	vertex		coordinate [um]		value 
 poisson:	3.588912e+18	61732	(-5.751546e-01, 2.320000e+01)	-8.190169e+01 
C-norm_equation  max_error	vertex		coordinate [um]		value 
 QuasiFermiPo:	3.567145e+18	18241	(0.000000e+00, 1.590000e+01)	-1.465587e+17 
 electron:	1.206331e+58	5465	(8.815790e-01, 2.257500e+01)	2.190128e+10 
 hole:		6.664233e+59	37900	(9.259868e-01, 6.000000e+00)	3.923885e+10 
    1      5.74e+26   2.80e-19   5.89e+53   1.00e+00    6       200    106.66
Finished, because...
Convergence problems.

Accumulated times:
Rhs time:       54.34 s
Jacobian time:   0.90 s
Solve time:     51.01 s
Total time:    106.83 s

Newton didn't converge, trying again with smaller step...


Finished, because of...
Step-size less than MinStep ( step-size = 9.7656e-09).


===============================
Starting solve of next problem:
Plot( FilePrefix = "../plts/PreDrain" overwrite -loadable )
  { }
===============================

Saving device '':
    Writing plot '../plts/PreDrain_des.tdr' (TDR format) ... done.


===============================
Starting solve of next problem:
Save( FilePrefix = "../savs/PreDrain" overwrite )
  { }
===============================

Saving device '':
    Writing save '../savs/PreDrain_des.sav' (TDR format) ... done.
Saving circuit:
    Writing '../savs/PreDrain_circuit_des.sav' ... done.

Writing plot '../plts/init_SiSeRO_des.tdr' (TDR format) ... done.

Sat Oct 17 15:33:10 2020: checked in 2 sparallel license(s)
Sat Oct 17 15:33:10 2020: checked in 2 sdevice-parallel license(s)
Sat Oct 17 15:33:10 2020: checked in 1 sdevice license(s)

******************************************************************************
Sentaurus Device process size: 2192 megabytes
Sentaurus Device simulation times:
  wallclock: 289.23 s (0 h:04 m:49 s)
  total cpu: 1309.08 s (0 h:21 m:49 s)
Sentaurus Device simulation finished (Date: Sat Oct 17 15:33:10 2020  (-03)).
********************************* Good Bye ! *********************************
