###########################################
# Sentaurus Visual O-2018.06.
# Tcl log file.
#------------------------------------------
# Date: oct. 01, 2020. 10:14:01.
# Version: 28.0.1030 (1.1030)
# Mode: Interactive (GUI).
# Mesa: enabled.
# Hostname: microib.cab.cnea.gov.ar.
# Machine: Linux, x86_64, x86_64.
# Kernel: 3.10.0-1127.8.2.el7.x86_64.
###########################################

load_file /home/msofo/tcad_sisero/sisero_ll/plts/init_SiSeRO_des.tdr
create_plot -dataset init_SiSeRO_des
select_plots {Plot_init_SiSeRO_des}
#-> Plot_init_SiSeRO_des
#-> Plot_init_SiSeRO_des
#-> init_SiSeRO_des
set_field_prop -plot Plot_init_SiSeRO_des -geom init_SiSeRO_des ElectrostaticPotential -show_bands
#-> 0
exit 0
 
