###########################################
# Sentaurus Visual O-2018.06.
# Tcl log file.
#------------------------------------------
# Date: oct. 09, 2020. 12:17:21.
# Version: 28.0.1030 (1.1030)
# Mode: Interactive (GUI).
# Mesa: enabled.
# Hostname: microib.cab.cnea.gov.ar.
# Machine: Linux, x86_64, x86_64.
# Kernel: 3.10.0-1127.8.2.el7.x86_64.
###########################################

load_file /home/msofo/tcad_sisero/sisero_ll/structure/SiSeRO_msh.tdr
create_plot -dataset SiSeRO_msh
select_plots {Plot_SiSeRO_msh}
#-> Plot_SiSeRO_msh
#-> Plot_SiSeRO_msh
#-> SiSeRO_msh
set_region_prop {Aluminum_1} -plot Plot_SiSeRO_msh -geom SiSeRO_msh -off
#-> 0
set_region_prop {Aluminum_1+Gas_1} -plot Plot_SiSeRO_msh -geom SiSeRO_msh -off
#-> 0
set_region_prop {Aluminum_1+Nitride_1.2} -plot Plot_SiSeRO_msh -geom SiSeRO_msh -off
#-> 0
set_region_prop {Aluminum_1+Nitride_1.3} -plot Plot_SiSeRO_msh -geom SiSeRO_msh -off
#-> 0
set_region_prop {Aluminum_1+Oxide_1.2} -plot Plot_SiSeRO_msh -geom SiSeRO_msh -off
#-> 0
set_region_prop {Aluminum_1+Oxide_1.3} -plot Plot_SiSeRO_msh -geom SiSeRO_msh -off
#-> 0
set_region_prop {Aluminum_1+Silicon_1} -plot Plot_SiSeRO_msh -geom SiSeRO_msh -off
#-> 0
set_region_prop {Aluminum_2} -plot Plot_SiSeRO_msh -geom SiSeRO_msh -off
#-> 0
set_region_prop {Aluminum_2+Gas_1} -plot Plot_SiSeRO_msh -geom SiSeRO_msh -off
#-> 0
set_region_prop {Aluminum_2+Nitride_1.1} -plot Plot_SiSeRO_msh -geom SiSeRO_msh -off
#-> 0
set_region_prop {Aluminum_2+Nitride_1.2} -plot Plot_SiSeRO_msh -geom SiSeRO_msh -off
#-> 0
set_region_prop {Aluminum_2+Oxide_1.1} -plot Plot_SiSeRO_msh -geom SiSeRO_msh -off
#-> 0
set_region_prop {Aluminum_2+Oxide_1.2} -plot Plot_SiSeRO_msh -geom SiSeRO_msh -off
#-> 0
set_region_prop {Aluminum_2+Silicon_1} -plot Plot_SiSeRO_msh -geom SiSeRO_msh -off
#-> 0
set_region_prop {BCIM_region} -plot Plot_SiSeRO_msh -geom SiSeRO_msh -off
#-> 0
set_region_prop {BCIM_region} -plot Plot_SiSeRO_msh -geom SiSeRO_msh -on
#-> 0
set_region_prop {BCIM_region+Silicon_1} -plot Plot_SiSeRO_msh -geom SiSeRO_msh -off
#-> 0
set_region_prop {BCIM_region+Silicon_1} -plot Plot_SiSeRO_msh -geom SiSeRO_msh -on
#-> 0
set_region_prop {BCIM_region} -plot Plot_SiSeRO_msh -geom SiSeRO_msh -off
#-> 0
set_region_prop {BCIM_region} -plot Plot_SiSeRO_msh -geom SiSeRO_msh -on
#-> 0
set_region_prop {Gas_1+Nitride_1.1} -plot Plot_SiSeRO_msh -geom SiSeRO_msh -off
#-> 0
set_region_prop {Silicon_1} -plot Plot_SiSeRO_msh -geom SiSeRO_msh -off
#-> 0
set_region_prop {Silicon_1} -plot Plot_SiSeRO_msh -geom SiSeRO_msh -on
#-> 0
set_region_prop {PolySilicon_1} -plot Plot_SiSeRO_msh -geom SiSeRO_msh -off
#-> 0
set_region_prop {Silicon_1} -plot Plot_SiSeRO_msh -geom SiSeRO_msh -hide_bulk
#-> 0
set_region_prop {Silicon_1} -plot Plot_SiSeRO_msh -geom SiSeRO_msh -show_bulk
#-> 0
set_region_prop {PolySilicon_1} -plot Plot_SiSeRO_msh -geom SiSeRO_msh -on
#-> 0
set_region_prop {Silicon_1} -plot Plot_SiSeRO_msh -geom SiSeRO_msh -off
#-> 0
set_region_prop {Silicon_1} -plot Plot_SiSeRO_msh -geom SiSeRO_msh -on
#-> 0
set_region_prop {Silicon_1} -plot Plot_SiSeRO_msh -geom SiSeRO_msh -off
#-> 0
set_region_prop {Silicon_1} -plot Plot_SiSeRO_msh -geom SiSeRO_msh -on
#-> 0
set_region_prop {Silicon_1} -plot Plot_SiSeRO_msh -geom SiSeRO_msh -off
#-> 0
set_region_prop {Silicon_1} -plot Plot_SiSeRO_msh -geom SiSeRO_msh -on
#-> 0
set_region_prop {Silicon_1} -plot Plot_SiSeRO_msh -geom SiSeRO_msh -off
#-> 0
set_region_prop {Silicon_1} -plot Plot_SiSeRO_msh -geom SiSeRO_msh -on
#-> 0
exit 0
 
