###########################################
# Sentaurus Visual O-2018.06.
# Tcl log file.
#------------------------------------------
# Date: oct. 07, 2020. 18:07:51.
# Version: 28.0.1030 (1.1030)
# Mode: Batch X.
# Mesa: enabled.
# Hostname: microib.cab.cnea.gov.ar.
# Machine: Linux, x86_64, x86_64.
# Kernel: 3.10.0-1127.8.2.el7.x86_64.
###########################################

load_script_file /home/msofo/tcad_sisero/sisero_ll/cmds_svisual/svisual_pmos_gate_bias.tcl
cd /home/msofo/tcad_sisero/sisero_ll/cmds_svisual
  load_file ../savs/Vgs_1.50_des.tdr
#--> Vgs_1.50_des
  create_plot -dataset Vgs_1.50_des
  select_plots {Plot_Vgs_1.50_des}
#--> Plot_Vgs_1.50_des
#--> Plot_Vgs_1.50_des
  list_fields -plot Plot_Vgs_1.50_des -geom Vgs_1.50_des
#--> AcceptorConcentration DonorConcentration DopingConcentration ElectricField ElectrostaticPotential LatticeTemperature QuasiFermiPotential SpaceCharge TotalCurrentDensity X Y eCurrentDensity eDensity eMobility eQuantumPotential eQuasiFermiPotential eVelocity hCurrentDensity hDensity hMobility hQuantumPotential hQuasiFermiPotential hVelocity
  set_field_prop -plot Plot_Vgs_1.50_des -geom Vgs_1.50_des hDensity -show_bands
#--> 0
  zoom_plot -plot Plot_Vgs_1.50_des -window {-1 10 0.1 15}
  export_view ../out_svisual/Vgs_1.50.png -plots {Plot_Vgs_1.50_des} -format png -overwrite
#--> 0
  create_cutline -plot Plot_Vgs_1.50_des -type y -at 13.5
#--> C1(Vgs_1.50_des)
  export_variables {hDensity xMoleFraction X} -dataset C1(Vgs_1.50_des) -filename ../out_svisual/Vgs_1.50_hDensity.csv -overwrite
#--> ../out_svisual/Vgs_1.50_hDensity.csv
  export_variables {eDensity xMoleFraction X} -dataset C1(Vgs_1.50_des) -filename ../out_svisual/Vgs_1.50_eDensity.csv -overwrite
#--> ../out_svisual/Vgs_1.50_eDensity.csv
  export_variables {TotalCurrentDensity xMoleFraction X} -dataset C1(Vgs_1.50_des) -filename ../out_svisual/Vgs_1.50_TotalCurrentDensity.csv -overwrite
#--> ../out_svisual/Vgs_1.50_TotalCurrentDensity.csv
#-> 0
 
