****************************************************************************
***                          Sentaurus Process                           ***
***                          Version O-2018.06                           ***
***                       (1.1029, x86_64, Linux)                        ***
***                                                                      ***
***                       Copyright (C) 1993-2002                        ***
***          The board of regents of the University of Florida           ***
***                       Copyright (C) 1994-2018                        ***
***                            Synopsys, Inc.                            ***
***                                                                      ***
***  This software and the associated documentation are confidential     ***
***  and proprietary to Synopsys, Inc.  Your use or disclosure of this   ***
***  software is subject to the terms and conditions of a written        ***
***  license agreement between you, or your company, and Synopsys, Inc.  ***
****************************************************************************

Compiled Thu May  3 06:21:22 PDT 2018 on tcadprod10

      Started at: Mon Oct 12 22:44:05 2020 (-03)
       User name: msofo
       Host name: microib.cab.cnea.gov.ar
             PID: 21347
    Architecture: x86_64
Operating system: Linux rel. 3.10.0-1127.8.2.el7.x86_64 ver. #1 SMP Tue May 12 16:57:42 UTC 2020

------------------------------------------------------------------------------
Checking syntax of SPROCESS_SiSeRO_PMOS_base.cmd:

Syntax check complete.
------------------------------------------------------------------------------

Starting Tcl interpreter with inputfile: SPROCESS_SiSeRO_PMOS_base.cmd
            sprocess: Checked Out

Loading models file: /opt/synopsys/TCADSentaurus/O_2018.06/tcad/current/lib/sprocess-28.0.1029/TclLib/SPROCESS.models... done.

- - - - - - - - - - - - - - - - - - - - - - - - - - - - - - - - - - - - - - -
Loading Advanced Calibration 2018.06 (1.1)


- - - - - - - - - - - - - - - - - - - - - - - - - - - - - - - - - - - - - - -

------------------------------------------------------------- SetTDRList -----
SetTDRList DopingConcentration
------------------------------------------------------------------------------
------------------------------------------------------------------- line -----
line X location= 0.00e+00<um> spacing= 15.00<nm> tag= "SiTop"
------------------------------------------------------------------------------
------------------------------------------------------------------- line -----
line X location= 0.0500<um> spacing= 25.00<nm>
------------------------------------------------------------------------------
------------------------------------------------------------------- line -----
line X location= 0.250<um> spacing= 50.00<nm>
------------------------------------------------------------------------------
------------------------------------------------------------------- line -----
line X location= 0.500<um> spacing= 100.00<nm>
------------------------------------------------------------------------------
------------------------------------------------------------------- line -----
line X location= 1.00<um> spacing= 250.00<nm>
------------------------------------------------------------------------------
------------------------------------------------------------------- line -----
line X location= 20.00<um> spacing= 250.00<nm> tag= "SiBot"
------------------------------------------------------------------------------
------------------------------------------------------------------- line -----
line Y location= 0.00e+00<um> spacing= 200.00<nm> tag= "SiLef"
------------------------------------------------------------------------------
------------------------------------------------------------------- line -----
line Y location= 23.40<um> spacing= 200.00<nm> tag= "SiRig"
------------------------------------------------------------------------------
----------------------------------------------------------------- region -----
region xlo= "SiTop" xhi= "SiBot" ylo= "SiLef" yhi= "SiRig" Silicon
------------------------------------------------------------------------------
------------------------------------------------------------------- init -----
init field= "Boron" resistivity= 5000.00<ohm-cm> wafer.orient= {100.00}
------------------------------------------------------------------------------
          sprocess2d: Checked Out

Creating structure...
Recreating refinements to take into account updated simulation dimension.
Done recreating refinements.


Points: 91
Nodes: 91
Edges: 90
Faces: 0
Volumes: 0

------------------------------------------------------------------- grid -----
grid set.min.normal.size= 3.00<nm> set.normal.growth.ratio.2d= 1.40
------------------------------------------------------------------------------
----------------------------------------------------------------- pdbSet -----
pdbSet grid adaptive 1
------------------------------------------------------------------------------
----------------------------------------------------------------- pdbSet -----
pdbSet grid AdaptiveField Refine.Rel.Error 0.50
------------------------------------------------------------------------------
---------------------------------------------------------------- polygon -----
polygon name= "BCIM_contact" rectangle max= {0.320<um> 12.40<um>} min= {0.300<um> 12.20<um>} xy
------------------------------------------------------------------------------
------------------------------------------------------------------ mater -----
mater add name= "Silicon2" alt.matername= "Silicon" new.like= "Silicon"
------------------------------------------------------------------------------
----------------------------------------------------------------- insert -----
insert polygon= "BCIM_contact" new.material= "Silicon2" new.region= "BCIM_region"
------------------------------------------------------------------------------
Increasing dimension 1 -> 2
Creating structure... 
Points: 10738
Nodes: 10738
Edges: 31797
Faces: 21060
Volumes: 0

Copying data...done

Recreating refinements to take into account updated simulation dimension.
Done recreating refinements.


Remeshing to match geometry after insert command ...
Generating SnMesh mesh... 
SnMesh time: 1.37261

========================  tri-grid quality (Gas excluded)  =======================
    0  10  20  30  40  50  60  70  80  90 100 110 120 130 140 150 160 170 180
 %    1   2   2   2  27  27   2   2   2  34  .   .   .                     
---------------------------------------------------------------------------------
minAngle: 1.01394  maxAngle: 122.347
nVerts = 11776  nTris = 23129  nMats = 2
max connectivity (tris per node): 8
bmin: 20 0
bmax: -0 23.4
min edgeLength: 0.0004442  [near (0.299778 12.4)]
min volume: 3.47031e-07  max volume: 0.025  Total volume: 468
bbox  volume: 468
Are all boundaries on bbox? true
=================================================================================

Smallest region: BCIM_region  Total volume: 0.004
Initializing sprocess...time: 0.0885
Interpolating...elapsed time: 0.16
------------------------------------------------------------------- mask -----
mask clear
------------------------------------------------------------------------------
------------------------------------------------------------------- mask -----
mask name= "SCP" left= 0.00e+00<um> right= 2.50<um>
------------------------------------------------------------------------------
------------------------------------------------------------------- mask -----
mask name= "SCP" left= 22.90<um> right= 23.40<um>
------------------------------------------------------------------------------
------------------------------------------------------------------- mask -----
mask name= "SUBIM" left= 3.50<um> right= 10.10<um>
------------------------------------------------------------------------------
------------------------------------------------------------------- mask -----
mask name= "SUBIM" left= 14.50<um> right= 19.40<um>
------------------------------------------------------------------------------
------------------------------------------------------------------- mask -----
mask name= "BCIM" left= 11.10<um> right= 13.50<um>
------------------------------------------------------------------------------
------------------------------------------------------------------- mask -----
mask name= "TRGH" left= 11.90<um> right= 12.70<um>
------------------------------------------------------------------------------
------------------------------------------------------------------- mask -----
mask name= "DEP" left= 11.30<um> right= 13.30<um>
------------------------------------------------------------------------------
------------------------------------------------------------------- mask -----
mask name= "BUR" left= 10.10<um> right= 14.50<um>
------------------------------------------------------------------------------
------------------------------------------------------------------- mask -----
mask name= "GATE_POLY" left= 8.95<um> right= 15.00<um>
------------------------------------------------------------------------------
------------------------------------------------------------------- mask -----
mask name= "SOURCE_METAL" left= 15.10<um> right= 23.40<um>
------------------------------------------------------------------------------
------------------------------------------------------------------- mask -----
mask name= "DRAIN_METAL" left= 2.95<um> right= 7.80<um>
------------------------------------------------------------------------------
------------------------------------------------------------------- mask -----
mask name= "CON_ETCH" left= 15.60<um> right= 18.90<um>
------------------------------------------------------------------------------
------------------------------------------------------------------- mask -----
mask name= "CON_ETCH" left= 4.00<um> right= 7.80<um>
------------------------------------------------------------------------------

Gas not found in structure, adding.
Generating SnMesh mesh... 
SnMesh time: 1.97861

========================  tri-grid quality (Gas excluded)  =======================
    0  10  20  30  40  50  60  70  80  90 100 110 120 130 140 150 160 170 180
 %    4   1   1   1  22  22   1   1   1  33  .   .   .                     
---------------------------------------------------------------------------------
minAngle: 0.452402  maxAngle: 122.347
nVerts = 14133  nTris = 27805  nMats = 3
max connectivity (tris per node): 8
bmin: 20 0
bmax: -0.1 23.4
min edgeLength: 0.0004442  [near (0.299778 12.2)]
min volume: 3.47031e-07  max volume: 0.025  Total volume: 468
bbox  volume: 470.34
Are all boundaries on bbox? true
=================================================================================

Smallest region: BCIM_region  Total volume: 0.004
Initializing sprocess...time: 0.144809
Interpolating...elapsed time: 0.14
---------------------------------------------------------------- deposit -----
deposit Oxide type= "isotropic" thickness= 0.0300<um>
------------------------------------------------------------------------------
MGoals time: 1.02721

Updating sprocess mesh before Etch/Depo relax.
Generating SnMesh mesh... 
SnMesh time: 2.66263

========================  tri-grid quality (Gas excluded)  =======================
    0  10  20  30  40  50  60  70  80  90 100 110 120 130 140 150 160 170 180
 %    6   1   1   1  20  20   1   1   1  36  .   .   .                     
---------------------------------------------------------------------------------
minAngle: 0.447566  maxAngle: 122.347
nVerts = 15485  nTris = 30487  nMats = 4
max connectivity (tris per node): 8
bmin: 20 0
bmax: -0.130003 23.4
min edgeLength: 0.0004442  [near (0.299778 12.2)]
min volume: 3.47031e-07  max volume: 0.025  Total volume: 468.702
bbox  volume: 471.042
Are all boundaries on bbox? true
=================================================================================

Smallest region: BCIM_region  Total volume: 0.004
Initializing sprocess...time: 0.195629
Interpolating...elapsed time: 0.17
sprocess ILS thread count = 1
sprocess parallel assembly thread count = 1
Mechanics:         0s   to         1s   step    :         1s   temp: 26.9C->26.9C
---------------------------------------------------------------- deposit -----
deposit Nitride type= "isotropic" thickness= 0.0200<um>
------------------------------------------------------------------------------
MGoals time: 1.03261

Updating sprocess mesh before Etch/Depo relax.
Generating SnMesh mesh... 
SnMesh time: 2.67376

========================  tri-grid quality (Gas excluded)  =======================
    0  10  20  30  40  50  60  70  80  90 100 110 120 130 140 150 160 170 180
 %    7   1   1   1  20  20   1   1   1  39  .   .   .                     
---------------------------------------------------------------------------------
minAngle: 0.134291  maxAngle: 122.347
nVerts = 15474  nTris = 30465  nMats = 5
max connectivity (tris per node): 8
bmin: 20 0
bmax: -0.150002 23.4
min edgeLength: 0.0004442  [near (0.299778 12.2)]
min volume: 3.47031e-07  max volume: 0.025  Total volume: 469.17
bbox  volume: 471.51
Are all boundaries on bbox? true
=================================================================================

Smallest region: BCIM_region  Total volume: 0.004
Initializing sprocess...time: 0.327439
Interpolating...elapsed time: 0.45
Mechanics:         0s   to         1s   step    :         1s   temp: 26.9C->26.9C
------------------------------------------------------------------ photo -----
photo mask= "SCP" thickness= 1.00<um>
------------------------------------------------------------------------------
MGoals time: 2.75391

Remeshing to match geometry after photo command ...
Generating SnMesh mesh... 
SnMesh time: 3.02931

========================  tri-grid quality (Gas excluded)  =======================
    0  10  20  30  40  50  60  70  80  90 100 110 120 130 140 150 160 170 180
 %    8   2   2   1  20  20   1   2   2  40  .   .   .                     
---------------------------------------------------------------------------------
minAngle: 0.167792  maxAngle: 122.347
nVerts = 16875  nTris = 33252  nMats = 6
max connectivity (tris per node): 8
bmin: 20 0
bmax: -1.15 23.4
min edgeLength: 0.0004442  [near (0.299778 12.2)]
min volume: 3.47031e-07  max volume: 0.025  Total volume: 489.57
bbox  volume: 494.91
Are all boundaries on bbox? true
=================================================================================

Smallest region: BCIM_region  Total volume: 0.004
Initializing sprocess...time: 0.403709
Interpolating...elapsed time: 0.47
---------------------------------------------------------------- implant -----
implant beam.dose energy= 150.00<keV> dose= 1.00e+14<cm-2> tilt= 7.00<degree> rotation= 0.00e+00<degree> Phosphorus
------------------------------------------------------------------------------
No substrate defined (implant).  Skip updateStrain.
Species           =  Phosphorus
Dataset           =  Phosphorus
Energy            = 150keV
Dose (WaferDose)  =  9.9255e+13/cm2
BeamDose          =  1e+14/cm2
BeamDose2D        =  1e+14/cm2
Tilt              =   7deg
Tilt2D            =  -0deg
Rotation          =   0deg
Slice angle       = -90deg
Temperature       = 300.00K
LeftBoundary      =  Extend
RightBoundary     =  Extend


Generating SnMesh mesh... 
SnMesh time: 19.8491

========================  tri-grid quality (Gas excluded)  =======================
    0  10  20  30  40  50  60  70  80  90 100 110 120 130 140 150 160 170 180
 %    8   6   4   3  11  11   3   4   6  40  .   .   .   .                 
---------------------------------------------------------------------------------
minAngle: 0.167792  maxAngle: 125.701
nVerts = 35861  nTris = 71131  nMats = 6
max connectivity (tris per node): 8
bmin: 20 0
bmax: -1.15 23.4
min edgeLength: 0.0004442  [near (0.299778 12.2)]
min volume: 3.47031e-07  max volume: 0.025  Total volume: 489.57
bbox  volume: 494.91
Are all boundaries on bbox? true
=================================================================================

Smallest region: BCIM_region  Total volume: 0.004
Initializing sprocess...time: 0.683537
Interpolating...elapsed time: 1.04
Total implant time:    28.1sec
- - - - - - - - - - - - - - - - - - - - - - - - - - - - - - - - - - - - - - - 
Computing finite volumes...
Finite volumes done

   Dose in:   Silicon_1     Oxide_1   Nitride_1 Photoresist BCIM_region       Total
                Silicon       Oxide     Nitride Photoresist    Silicon2
      Boron  5.3404e+09  0.0000e+00  0.0000e+00  0.0000e+00  4.5644e+04  5.3404e+09
 Phosphorus  1.2412e+13  1.2333e+11  5.2650e+10  8.4358e+13  2.9197e-12  9.6946e+13
- - - - - - - - - - - - - - - - - - - - - - - - - - - - - - - - - - - - - - - 


No substrate defined (implant).  Skip updateStrain.
------------------------------------------------------------------ strip -----
strip Photoresist
------------------------------------------------------------------------------
MGoals time: 0.315423

Remeshing to match geometry after strip command ...
Generating SnMesh mesh... 
SnMesh time: 9.33814

========================  tri-grid quality (Gas excluded)  =======================
    0  10  20  30  40  50  60  70  80  90 100 110 120 130 140 150 160 170 180
 %    4   4   3   2  10  10   2   3   4  25  .   .   .                     
---------------------------------------------------------------------------------
minAngle: 0.167792  maxAngle: 122.347
nVerts = 35894  nTris = 71188  nMats = 5
max connectivity (tris per node): 8
bmin: 20 0
bmax: -1.15 23.4
min edgeLength: 0.0004442  [near (0.299778 12.2)]
min volume: 3.47031e-07  max volume: 0.025  Total volume: 469.17
bbox  volume: 494.91
Are all boundaries on bbox? true
=================================================================================

Smallest region: BCIM_region  Total volume: 0.004
Initializing sprocess...time: 0.878871
Interpolating...elapsed time: 0.83
------------------------------------------------------------------ photo -----
photo mask= "SUBIM" thickness= 1.00<um>
------------------------------------------------------------------------------
MGoals time: 6.74546

Remeshing to match geometry after photo command ...
Generating SnMesh mesh... 
SnMesh time: 5.6689

========================  tri-grid quality (Gas excluded)  =======================
    0  10  20  30  40  50  60  70  80  90 100 110 120 130 140 150 160 170 180
 %    5   6   4   3  14  14   3   4   6  37  .   .   .                     
---------------------------------------------------------------------------------
minAngle: 0.167792  maxAngle: 122.347
nVerts = 26262  nTris = 51936  nMats = 8
max connectivity (tris per node): 8
bmin: 20 0
bmax: -1.15 23.4
min edgeLength: 0.0004442  [near (0.299778 12.2)]
min volume: 3.47031e-07  max volume: 0.025  Total volume: 481.07
bbox  volume: 494.91
Are all boundaries on bbox? true
=================================================================================

Smallest region: BCIM_region  Total volume: 0.004
Initializing sprocess...time: 0.735387
Interpolating...elapsed time: 0.93
---------------------------------------------------------------- implant -----
implant beam.dose energy= 40.00<keV> dose= 4.50e+15<cm-2> tilt= 7.00<degree> rotation= 0.00e+00<degree> Boron
------------------------------------------------------------------------------
No substrate defined (implant).  Skip updateStrain.
Species           =  Boron
Dataset           =  Boron
Energy            =  40keV
Dose (WaferDose)  =  4.4665e+15/cm2
BeamDose          =  4.5e+15/cm2
BeamDose2D        =  4.5e+15/cm2
Tilt              =   7deg
Tilt2D            =  -0deg
Rotation          =   0deg
Slice angle       = -90deg
Temperature       = 300.00K
LeftBoundary      =  Extend
RightBoundary     =  Extend


Generating SnMesh mesh... 
SnMesh time: 38.6292

========================  tri-grid quality (Gas excluded)  =======================
    0  10  20  30  40  50  60  70  80  90 100 110 120 130 140 150 160 170 180
 %    6   7   7   4   9   9   4   7   7  37  .   .   .   .                 
---------------------------------------------------------------------------------
minAngle: 0.167792  maxAngle: 125.701
nVerts = 65614  nTris = 130503  nMats = 8
max connectivity (tris per node): 9
bmin: 20 0
bmax: -1.15 23.4
min edgeLength: 0.0004442  [near (0.299778 12.2)]
min volume: 3.47031e-07  max volume: 0.025  Total volume: 481.07
bbox  volume: 494.91
Are all boundaries on bbox? true
=================================================================================

Smallest region: BCIM_region  Total volume: 0.004
Initializing sprocess...time: 1.31052
Interpolating...elapsed time: 1.84
Total implant time:    51.3sec
- - - - - - - - - - - - - - - - - - - - - - - - - - - - - - - - - - - - - - - 
Computing finite volumes...
Finite volumes done

   Dose in:   Silicon_1 Photoresist     Oxide_1   Nitride_1 Photoresist Photoresist
            BCIM_region       Total
                Silicon Photoresist       Oxide     Nitride Photoresist Photoresist
               Silicon2
      Boron  2.0585e+15  7.4308e+14  7.3553e+13  3.2940e+13  6.4828e+14  8.0794e+14
             4.5644e+04  4.3643e+15
 Phosphorus  1.2412e+13  0.0000e+00  1.2333e+11  5.2650e+10  0.0000e+00  0.0000e+00
             2.9197e-12  1.2588e+13
- - - - - - - - - - - - - - - - - - - - - - - - - - - - - - - - - - - - - - - 


No substrate defined (implant).  Skip updateStrain.
------------------------------------------------------------------ strip -----
strip Photoresist
------------------------------------------------------------------------------
MGoals time: 0.474663

Remeshing to match geometry after strip command ...
Generating SnMesh mesh... 
SnMesh time: 17.2855

========================  tri-grid quality (Gas excluded)  =======================
    0  10  20  30  40  50  60  70  80  90 100 110 120 130 140 150 160 170 180
 %    4   4   4   4   8   8   4   4   4  27  .   .   .                     
---------------------------------------------------------------------------------
minAngle: 0.167792  maxAngle: 123.142
nVerts = 61210  nTris = 121697  nMats = 5
max connectivity (tris per node): 8
bmin: 20 0
bmax: -1.15 23.4
min edgeLength: 0.0004442  [near (0.299778 12.2)]
min volume: 3.47031e-07  max volume: 0.025  Total volume: 469.17
bbox  volume: 494.91
Are all boundaries on bbox? true
=================================================================================

Smallest region: BCIM_region  Total volume: 0.004
Initializing sprocess...time: 1.74768
Interpolating...elapsed time: 1.72
------------------------------------------------------------------ photo -----
photo mask= "BCIM" thickness= 1.00<um>
------------------------------------------------------------------------------
MGoals time: 9.86528

Remeshing to match geometry after photo command ...
Generating SnMesh mesh... 
SnMesh time: 12.3632

========================  tri-grid quality (Gas excluded)  =======================
    0  10  20  30  40  50  60  70  80  90 100 110 120 130 140 150 160 170 180
 %    5   5   6   5  11  11   5   6   5  38  .   .   .                     
---------------------------------------------------------------------------------
minAngle: 0.167792  maxAngle: 123.142
nVerts = 47096  nTris = 93604  nMats = 7
max connectivity (tris per node): 8
bmin: 20 0
bmax: -1.15 23.4
min edgeLength: 0.0004442  [near (0.299778 12.2)]
min volume: 3.47031e-07  max volume: 0.025  Total volume: 490.17
bbox  volume: 494.91
Are all boundaries on bbox? true
=================================================================================

Smallest region: BCIM_region  Total volume: 0.004
Initializing sprocess...time: 1.67107
Interpolating...elapsed time: 1.47
---------------------------------------------------------------- implant -----
implant beam.dose energy= 100.00<keV> dose= 1.30e+12<cm-2> tilt= 7.00<degree> rotation= 0.00e+00<degree> Phosphorus
------------------------------------------------------------------------------
No substrate defined (implant).  Skip updateStrain.
Species           =  Phosphorus
Dataset           =  Phosphorus
Energy            = 100keV
Dose (WaferDose)  =  1.2903e+12/cm2
BeamDose          =  1.3e+12/cm2
BeamDose2D        =  1.3e+12/cm2
Tilt              =   7deg
Tilt2D            =  -0deg
Rotation          =   0deg
Slice angle       = -90deg
Temperature       = 300.00K
LeftBoundary      =  Extend
RightBoundary     =  Extend


Generating SnMesh mesh... 
SnMesh time: 34.5424

========================  tri-grid quality (Gas excluded)  =======================
    0  10  20  30  40  50  60  70  80  90 100 110 120 130 140 150 160 170 180
 %    7   6   6   5  10   9   5   6   6  39  .   .   .   .                 
---------------------------------------------------------------------------------
minAngle: 0.167792  maxAngle: 125.701
nVerts = 62224  nTris = 123747  nMats = 7
max connectivity (tris per node): 8
bmin: 20 0
bmax: -1.15 23.4
min edgeLength: 0.0004442  [near (0.299778 12.4)]
min volume: 3.47031e-07  max volume: 0.025  Total volume: 490.17
bbox  volume: 494.91
Are all boundaries on bbox? true
=================================================================================

Smallest region: BCIM_region  Total volume: 0.004
Initializing sprocess...time: 2.18019
Interpolating...elapsed time: 1.97
Total implant time:    50.7sec
- - - - - - - - - - - - - - - - - - - - - - - - - - - - - - - - - - - - - - - 
Computing finite volumes...
Finite volumes done

   Dose in:   Silicon_1 Photoresist     Oxide_1   Nitride_1 Photoresist BCIM_region
                  Total
                Silicon Photoresist       Oxide     Nitride Photoresist    Silicon2
           
      Boron  2.0595e+15  0.0000e+00  7.3553e+13  3.2940e+13  0.0000e+00  4.5644e+04
             2.1660e+15
 Phosphorus  1.2536e+13  5.2946e+11  1.2873e+11  5.4321e+10  5.9383e+11  1.2028e+05
             1.3843e+13
- - - - - - - - - - - - - - - - - - - - - - - - - - - - - - - - - - - - - - - 


No substrate defined (implant).  Skip updateStrain.
------------------------------------------------------------------ strip -----
strip Photoresist
------------------------------------------------------------------------------
MGoals time: 0.445025

Remeshing to match geometry after strip command ...
Generating SnMesh mesh... 
SnMesh time: 18.5852

========================  tri-grid quality (Gas excluded)  =======================
    0  10  20  30  40  50  60  70  80  90 100 110 120 130 140 150 160 170 180
 %    4   4   5   5   9   9   5   5   4  31  .   .   .                     
---------------------------------------------------------------------------------
minAngle: 0.167792  maxAngle: 123.142
nVerts = 62187  nTris = 123674  nMats = 5
max connectivity (tris per node): 8
bmin: 20 0
bmax: -1.15 23.4
min edgeLength: 0.0004442  [near (0.299778 12.4)]
min volume: 3.47031e-07  max volume: 0.025  Total volume: 469.17
bbox  volume: 494.91
Are all boundaries on bbox? true
=================================================================================

Smallest region: BCIM_region  Total volume: 0.004
Initializing sprocess...time: 2.50019
Interpolating...elapsed time: 1.73
------------------------------------------------------------------ photo -----
photo mask= "TRGH" thickness= 1.00<um>
------------------------------------------------------------------------------
MGoals time: 12.0981

Remeshing to match geometry after photo command ...
Generating SnMesh mesh... 
SnMesh time: 15.3401

========================  tri-grid quality (Gas excluded)  =======================
    0  10  20  30  40  50  60  70  80  90 100 110 120 130 140 150 160 170 180
 %    5   5   7   5  11  11   6   7   6  37  .   .   .                     
---------------------------------------------------------------------------------
minAngle: 0.167792  maxAngle: 123.142
nVerts = 54955  nTris = 109322  nMats = 7
max connectivity (tris per node): 8
bmin: 20 0
bmax: -1.15 23.4
min edgeLength: 0.0004442  [near (0.299778 12.4)]
min volume: 3.47031e-07  max volume: 0.025  Total volume: 491.77
bbox  volume: 494.91
Are all boundaries on bbox? true
=================================================================================

Smallest region: BCIM_region  Total volume: 0.004
Initializing sprocess...time: 2.0206
Interpolating...elapsed time: 1.9
---------------------------------------------------------------- implant -----
implant beam.dose energy= 150.00<keV> dose= 4.00e+11<cm-2> tilt= 7.00<degree> rotation= 0.00e+00<degree> Phosphorus
------------------------------------------------------------------------------
No substrate defined (implant).  Skip updateStrain.
Species           =  Phosphorus
Dataset           =  Phosphorus
Energy            = 150keV
Dose (WaferDose)  =  3.9702e+11/cm2
BeamDose          =  4e+11/cm2
BeamDose2D        =  4e+11/cm2
Tilt              =   7deg
Tilt2D            =  -0deg
Rotation          =   0deg
Slice angle       = -90deg
Temperature       = 300.00K
LeftBoundary      =  Extend
RightBoundary     =  Extend


Generating SnMesh mesh... 
SnMesh time: 48.3034

========================  tri-grid quality (Gas excluded)  =======================
    0  10  20  30  40  50  60  70  80  90 100 110 120 130 140 150 160 170 180
 %    5   7   6   6  10  10   6   6   7  37  .   .   .                     
---------------------------------------------------------------------------------
minAngle: 0.167792  maxAngle: 124.824
nVerts = 68489  nTris = 136312  nMats = 7
max connectivity (tris per node): 8
bmin: 20 0
bmax: -1.15 23.4
min edgeLength: 0.0004442  [near (0.299778 12.2)]
min volume: 3.47031e-07  max volume: 0.025  Total volume: 491.77
bbox  volume: 494.91
Are all boundaries on bbox? true
=================================================================================

Smallest region: BCIM_region  Total volume: 0.004
Initializing sprocess...time: 2.09039
Interpolating...elapsed time: 1.56
Total implant time:    74.1sec
- - - - - - - - - - - - - - - - - - - - - - - - - - - - - - - - - - - - - - - 
Computing finite volumes...
Finite volumes done

   Dose in:   Silicon_1 Photoresist     Oxide_1   Nitride_1 Photoresist BCIM_region
                  Total
                Silicon Photoresist       Oxide     Nitride Photoresist    Silicon2
           
      Boron  2.0595e+15  0.0000e+00  7.3553e+13  3.2940e+13  0.0000e+00  4.5644e+04
             2.1660e+15
 Phosphorus  1.2550e+13  1.7617e+11  1.2886e+11  5.4379e+10  1.9622e+11  4.7196e+06
             1.3105e+13
- - - - - - - - - - - - - - - - - - - - - - - - - - - - - - - - - - - - - - - 


No substrate defined (implant).  Skip updateStrain.
------------------------------------------------------------------ strip -----
strip Photoresist
------------------------------------------------------------------------------
MGoals time: 0.453581

Remeshing to match geometry after strip command ...
Generating SnMesh mesh... 
SnMesh time: 17.7173

========================  tri-grid quality (Gas excluded)  =======================
    0  10  20  30  40  50  60  70  80  90 100 110 120 130 140 150 160 170 180
 %    4   4   5   5   9   9   5   5   4  31  .   .   .                     
---------------------------------------------------------------------------------
minAngle: 0.167792  maxAngle: 123.142
nVerts = 63076  nTris = 125490  nMats = 5
max connectivity (tris per node): 8
bmin: 20 0
bmax: -1.15 23.4
min edgeLength: 0.0004442  [near (0.299778 12.4)]
min volume: 3.47031e-07  max volume: 0.025  Total volume: 469.17
bbox  volume: 494.91
Are all boundaries on bbox? true
=================================================================================

Smallest region: BCIM_region  Total volume: 0.004
Initializing sprocess...time: 2.99572
Interpolating...elapsed time: 1.81
------------------------------------------------------------------ photo -----
photo mask= "DEP" thickness= 1.00<um>
------------------------------------------------------------------------------
MGoals time: 11.8462

Remeshing to match geometry after photo command ...
Generating SnMesh mesh... 
SnMesh time: 15.1479

========================  tri-grid quality (Gas excluded)  =======================
    0  10  20  30  40  50  60  70  80  90 100 110 120 130 140 150 160 170 180
 %    5   5   7   5  11  11   6   7   5  37  .   .   .                     
---------------------------------------------------------------------------------
minAngle: 0.167792  maxAngle: 123.142
nVerts = 55586  nTris = 110584  nMats = 7
max connectivity (tris per node): 8
bmin: 20 0
bmax: -1.15 23.4
min edgeLength: 0.0004442  [near (0.299778 12.4)]
min volume: 3.47031e-07  max volume: 0.025  Total volume: 490.57
bbox  volume: 494.91
Are all boundaries on bbox? true
=================================================================================

Smallest region: BCIM_region  Total volume: 0.004
Initializing sprocess...time: 2.63621
Interpolating...elapsed time: 1.85
---------------------------------------------------------------- implant -----
implant beam.dose energy= 180.00<keV> dose= 2.40e+12<cm-2> tilt= 7.00<degree> rotation= 0.00e+00<degree> Phosphorus
------------------------------------------------------------------------------
No substrate defined (implant).  Skip updateStrain.
Species           =  Phosphorus
Dataset           =  Phosphorus
Energy            = 180keV
Dose (WaferDose)  =  2.3821e+12/cm2
BeamDose          =  2.4e+12/cm2
BeamDose2D        =  2.4e+12/cm2
Tilt              =   7deg
Tilt2D            =  -0deg
Rotation          =   0deg
Slice angle       = -90deg
Temperature       = 300.00K
LeftBoundary      =  Extend
RightBoundary     =  Extend


Generating SnMesh mesh... 
SnMesh time: 47.419

========================  tri-grid quality (Gas excluded)  =======================
    0  10  20  30  40  50  60  70  80  90 100 110 120 130 140 150 160 170 180
 %    5   6   7   5  10   9   6   7   7  37  .   .   .                     
---------------------------------------------------------------------------------
minAngle: 0.167792  maxAngle: 124.824
nVerts = 69261  nTris = 137862  nMats = 7
max connectivity (tris per node): 8
bmin: 20 0
bmax: -1.15 23.4
min edgeLength: 0.0004442  [near (0.299778 12.2)]
min volume: 3.47031e-07  max volume: 0.025  Total volume: 490.57
bbox  volume: 494.91
Are all boundaries on bbox? true
=================================================================================

Smallest region: BCIM_region  Total volume: 0.004
Initializing sprocess...time: 3.34235
Interpolating...elapsed time: 2.32
Total implant time:    72.2sec
- - - - - - - - - - - - - - - - - - - - - - - - - - - - - - - - - - - - - - - 
Computing finite volumes...
Finite volumes done

   Dose in:   Silicon_1 Photoresist     Oxide_1   Nitride_1 Photoresist BCIM_region
                  Total
                Silicon Photoresist       Oxide     Nitride Photoresist    Silicon2
           
      Boron  2.0595e+15  0.0000e+00  7.3553e+13  3.2940e+13  0.0000e+00  4.5644e+04
             2.1660e+15
 Phosphorus  1.2751e+13  1.0086e+12  1.2994e+11  5.4901e+10  1.1305e+12  3.1956e+08
             1.5075e+13
- - - - - - - - - - - - - - - - - - - - - - - - - - - - - - - - - - - - - - - 


No substrate defined (implant).  Skip updateStrain.
------------------------------------------------------------------ strip -----
strip Photoresist
------------------------------------------------------------------------------
MGoals time: 0.486583

Remeshing to match geometry after strip command ...
Generating SnMesh mesh... 
SnMesh time: 18.1304

========================  tri-grid quality (Gas excluded)  =======================
    0  10  20  30  40  50  60  70  80  90 100 110 120 130 140 150 160 170 180
 %    4   4   5   5   9   9   5   5   4  30  .   .   .                     
---------------------------------------------------------------------------------
minAngle: 0.167792  maxAngle: 123.142
nVerts = 64771  nTris = 128884  nMats = 5
max connectivity (tris per node): 8
bmin: 20 0
bmax: -1.15 23.4
min edgeLength: 0.0004442  [near (0.299778 12.4)]
min volume: 3.47031e-07  max volume: 0.025  Total volume: 469.17
bbox  volume: 494.91
Are all boundaries on bbox? true
=================================================================================

Smallest region: BCIM_region  Total volume: 0.004
Initializing sprocess...time: 3.44278
Interpolating...elapsed time: 1.92
------------------------------------------------------------------ photo -----
photo mask= "BUR" thickness= 1.00<um>
------------------------------------------------------------------------------
MGoals time: 12.5386

Remeshing to match geometry after photo command ...
Generating SnMesh mesh... 
SnMesh time: 15.2855

========================  tri-grid quality (Gas excluded)  =======================
    0  10  20  30  40  50  60  70  80  90 100 110 120 130 140 150 160 170 180
 %    5   5   7   5  11  11   6   7   5  36  .   .   .                     
---------------------------------------------------------------------------------
minAngle: 0.167792  maxAngle: 123.142
nVerts = 55794  nTris = 111000  nMats = 7
max connectivity (tris per node): 8
bmin: 20 0
bmax: -1.15 23.4
min edgeLength: 0.0004442  [near (0.299778 12.4)]
min volume: 3.47031e-07  max volume: 0.025  Total volume: 488.17
bbox  volume: 494.91
Are all boundaries on bbox? true
=================================================================================

Smallest region: BCIM_region  Total volume: 0.004
Initializing sprocess...time: 3.43531
Interpolating...elapsed time: 1.95
---------------------------------------------------------------- implant -----
implant beam.dose energy= 25.00<keV> dose= 5.00e+12<cm-2> tilt= 7.00<degree> rotation= 0.00e+00<degree> Boron
------------------------------------------------------------------------------
No substrate defined (implant).  Skip updateStrain.
Species           =  Boron
Dataset           =  Boron
Energy            =  25keV
Dose (WaferDose)  =  4.9627e+12/cm2
BeamDose          =  5e+12/cm2
BeamDose2D        =  5e+12/cm2
Tilt              =   7deg
Tilt2D            =  -0deg
Rotation          =   0deg
Slice angle       = -90deg
Temperature       = 300.00K
LeftBoundary      =  Extend
RightBoundary     =  Extend


Generating SnMesh mesh... 
SnMesh time: 40.313

========================  tri-grid quality (Gas excluded)  =======================
    0  10  20  30  40  50  60  70  80  90 100 110 120 130 140 150 160 170 180
 %    5   6   6   6  10   9   6   7   6  37  .   .   .   .                 
---------------------------------------------------------------------------------
minAngle: 0.167792  maxAngle: 125.701
nVerts = 74598  nTris = 148522  nMats = 7
max connectivity (tris per node): 9
bmin: 20 0
bmax: -1.15 23.4
min edgeLength: 0.0004442  [near (0.299778 12.4)]
min volume: 3.47031e-07  max volume: 0.025  Total volume: 488.17
bbox  volume: 494.91
Are all boundaries on bbox? true
=================================================================================

Smallest region: BCIM_region  Total volume: 0.004
Initializing sprocess...time: 4.35906
Interpolating...elapsed time: 2.37
Total implant time:    56.6sec
- - - - - - - - - - - - - - - - - - - - - - - - - - - - - - - - - - - - - - - 
Computing finite volumes...
Finite volumes done

   Dose in:   Silicon_1 Photoresist     Oxide_1   Nitride_1 Photoresist BCIM_region
                  Total
                Silicon Photoresist       Oxide     Nitride Photoresist    Silicon2
           
      Boron  2.0602e+15  1.8196e+12  7.3667e+13  3.2987e+13  2.0668e+12  5.0964e+04
             2.1707e+15
 Phosphorus  1.2750e+13  0.0000e+00  1.2994e+11  5.4900e+10  0.0000e+00  3.1956e+08
             1.2936e+13
- - - - - - - - - - - - - - - - - - - - - - - - - - - - - - - - - - - - - - - 


No substrate defined (implant).  Skip updateStrain.
------------------------------------------------------------------ strip -----
strip Photoresist
------------------------------------------------------------------------------
MGoals time: 0.546494

Remeshing to match geometry after strip command ...
Generating SnMesh mesh... 
SnMesh time: 18.5495

========================  tri-grid quality (Gas excluded)  =======================
    0  10  20  30  40  50  60  70  80  90 100 110 120 130 140 150 160 170 180
 %    4   5   5   4   9   9   5   5   5  31  .   .   .                     
---------------------------------------------------------------------------------
minAngle: 0.167792  maxAngle: 123.142
nVerts = 63519  nTris = 126366  nMats = 5
max connectivity (tris per node): 9
bmin: 20 0
bmax: -1.15 23.4
min edgeLength: 0.0004442  [near (0.299778 12.2)]
min volume: 3.47031e-07  max volume: 0.025  Total volume: 469.17
bbox  volume: 494.91
Are all boundaries on bbox? true
=================================================================================

Smallest region: BCIM_region  Total volume: 0.004
Initializing sprocess...time: 3.79951
Interpolating...elapsed time: 2.29
---------------------------------------------------------------- diffuse -----
diffuse time= 20.00<min> temperature= 900.00<C>
------------------------------------------------------------------------------
---- ---- ---- ---- ---- ---- ---- ---- ---- ---- ---- ---- ---- ---- ---- ---
Anneal step:	
	Time        = 20min
	Temperature = 900.0C
	Ramp rate   = 0C/s
Mechanics:         0s   to    0.0001s   step    :    0.0001s   temp: 900.0C
--- --- --- --- --- --- --- --- --- --- --- --- --- --- --- --- --- --- --- --
Initializing:  
--- --- --- --- --- --- --- --- --- --- --- --- --- --- --- --- --- --- --- --
Initialization is done.
--- --- --- --- --- --- --- --- --- --- --- --- --- --- --- --- --- --- --- --
Diffusion:         0s   to    0.0001s   step (s):    0.0001s   temp: 900.0C
Mechanics:    0.0001s   to 0.0001932s   step    : 9.324e-05s   temp: 900.0C
Diffusion:    0.0001s   to 0.0001932s   step (s): 9.324e-05s   temp: 900.0C
Mechanics: 0.0001932s   to 0.0003396s   step    : 0.0001463s   temp: 900.0C
Diffusion: 0.0001932s   to 0.0003396s   step (s): 0.0001463s   temp: 900.0C
Mechanics: 0.0003396s   to 0.0006281s   step    : 0.0002885s   temp: 900.0C
Diffusion: 0.0003396s   to 0.0006281s   step (s): 0.0002885s   temp: 900.0C

Adaptive check...
Requires remesh.

Generating SnMesh mesh... 
SnMesh time: 23.9538

========================  tri-grid quality (Gas excluded)  =======================
    0  10  20  30  40  50  60  70  80  90 100 110 120 130 140 150 160 170 180
 %    4   5   6   7   9   9   8   6   5  35  .   .   .                     
---------------------------------------------------------------------------------
minAngle: 0.167792  maxAngle: 123.142
nVerts = 75396  nTris = 150168  nMats = 5
max connectivity (tris per node): 8
bmin: 20 0
bmax: -1.15 23.4
min edgeLength: 0.0004442  [near (0.299778 12.2)]
min volume: 3.47031e-07  max volume: 0.025  Total volume: 469.17
bbox  volume: 494.91
Are all boundaries on bbox? true
=================================================================================

Smallest region: BCIM_region  Total volume: 0.004
Initializing sprocess...time: 6.17382
Interpolating...elapsed time: 2.69
Mechanics: 0.0006281s   to    0.0012s   step    : 0.0005716s   temp: 900.0C
Diffusion: 0.0006281s   to    0.0012s   step (s): 0.0005716s   temp: 900.0C
Mechanics:    0.0012s   to  0.002325s   step    :  0.001126s   temp: 900.0C
Diffusion:    0.0012s   to  0.002325s   step (s):  0.001126s   temp: 900.0C
Mechanics:  0.002325s   to  0.004577s   step    :  0.002251s   temp: 900.0C
Diffusion:  0.002325s   to  0.004577s   step (s):  0.002251s   temp: 900.0C
Mechanics:  0.004577s   to  0.009079s   step    :  0.004503s   temp: 900.0C
Diffusion:  0.004577s   to  0.009079s   step (s):  0.004503s   temp: 900.0C

Adaptive check...
No remesh required.

Mechanics:  0.009079s   to   0.01735s   step    :  0.008274s   temp: 900.0C
Diffusion:  0.009079s   to   0.01735s   step (s):  0.008274s   temp: 900.0C
Mechanics:   0.01735s   to   0.02682s   step    :  0.009465s   temp: 900.0C
Diffusion:   0.01735s   to   0.02682s   step (s):  0.009465s   temp: 900.0C
Mechanics:   0.02682s   to   0.03721s   step    :   0.01039s   temp: 900.0C
Diffusion:   0.02682s   to   0.03721s   step (s):   0.01039s   temp: 900.0C
Mechanics:   0.03721s   to      0.05s   step    :   0.01279s   temp: 900.0C
Diffusion:   0.03721s   to      0.05s   step (s):   0.01279s   temp: 900.0C

Adaptive check...
No remesh required.

Mechanics:      0.05s   to   0.06649s   step    :   0.01649s   temp: 900.0C
Diffusion:      0.05s   to   0.06649s   step (s):   0.01649s   temp: 900.0C
Mechanics:   0.06649s   to   0.08861s   step    :   0.02212s   temp: 900.0C
Diffusion:   0.06649s   to   0.08861s   step (s):   0.02212s   temp: 900.0C
Mechanics:   0.08861s   to    0.1188s   step    :   0.03019s   temp: 900.0C
Diffusion:   0.08861s   to    0.1188s   step (s):   0.03019s   temp: 900.0C
Mechanics:    0.1188s   to    0.1615s   step    :   0.04273s   temp: 900.0C
Diffusion:    0.1188s   to    0.1615s   step (s):   0.04273s   temp: 900.0C

Adaptive check...
Requires remesh.

Generating SnMesh mesh... 
SnMesh time: 26.9099

========================  tri-grid quality (Gas excluded)  =======================
    0  10  20  30  40  50  60  70  80  90 100 110 120 130 140 150 160 170 180
 %    4   4   5   9   9   9   9   6   4  36  .   .   .                     
---------------------------------------------------------------------------------
minAngle: 0.167792  maxAngle: 123.142
nVerts = 80378  nTris = 160120  nMats = 5
max connectivity (tris per node): 9
bmin: 20 0
bmax: -1.15 23.4
min edgeLength: 0.0004442  [near (0.299778 12.2)]
min volume: 3.47031e-07  max volume: 0.025  Total volume: 469.17
bbox  volume: 494.91
Are all boundaries on bbox? true
=================================================================================

Smallest region: BCIM_region  Total volume: 0.004
Initializing sprocess...time: 6.71178
Interpolating...elapsed time: 3.04
Mechanics:    0.1615s   to    0.2221s   step    :    0.0606s   temp: 900.0C
Diffusion:    0.1615s   to    0.2221s   step (s):    0.0606s   temp: 900.0C
Mechanics:    0.2221s   to     0.303s   step    :   0.08084s   temp: 900.0C
Diffusion:    0.2221s   to     0.303s   step (s):   0.08084s   temp: 900.0C
Mechanics:     0.303s   to    0.4238s   step    :    0.1208s   temp: 900.0C
Diffusion:     0.303s   to    0.4238s   step (s):    0.1208s   temp: 900.0C
Mechanics:    0.4238s   to    0.5904s   step    :    0.1666s   temp: 900.0C
Diffusion:    0.4238s   to    0.5904s   step (s):    0.1666s   temp: 900.0C

Adaptive check...
No remesh required.

Mechanics:    0.5904s   to    0.8145s   step    :    0.2241s   temp: 900.0C
Diffusion:    0.5904s   to    0.8145s   step (s):    0.2241s   temp: 900.0C
Mechanics:    0.8145s   to     1.088s   step    :    0.2733s   temp: 900.0C
Diffusion:    0.8145s   to     1.088s   step (s):    0.2733s   temp: 900.0C
Mechanics:     1.088s   to     1.406s   step    :     0.318s   temp: 900.0C
Diffusion:     1.088s   to     1.406s   step (s):     0.318s   temp: 900.0C
Mechanics:     1.406s   to     1.852s   step    :    0.4458s   temp: 900.0C
Diffusion:     1.406s   to     1.852s   step (s):    0.4458s   temp: 900.0C

Adaptive check...
No remesh required.

Mechanics:     1.852s   to     2.472s   step    :    0.6204s   temp: 900.0C
Diffusion:     1.852s   to     2.472s   step (s):    0.6204s   temp: 900.0C
Mechanics:     2.472s   to     3.251s   step    :    0.7786s   temp: 900.0C
Diffusion:     2.472s   to     3.251s   step (s):    0.7786s   temp: 900.0C
Mechanics:     3.251s   to     4.219s   step    :    0.9684s   temp: 900.0C
Diffusion:     3.251s   to     4.219s   step (s):    0.9684s   temp: 900.0C
Mechanics:     4.219s   to     5.407s   step    :     1.188s   temp: 900.0C
Diffusion:     4.219s   to     5.407s   step (s):     1.188s   temp: 900.0C

Adaptive check...
Requires remesh.

Generating SnMesh mesh... 
SnMesh time: 26.4007

========================  tri-grid quality (Gas excluded)  =======================
    0  10  20  30  40  50  60  70  80  90 100 110 120 130 140 150 160 170 180
 %    5   4   6   7  10  10   7   6   4  36  .   .   .   .                 
---------------------------------------------------------------------------------
minAngle: 0.167792  maxAngle: 125.701
nVerts = 82796  nTris = 164998  nMats = 5
max connectivity (tris per node): 9
bmin: 20 0
bmax: -1.15 23.4
min edgeLength: 0.0004442  [near (0.299778 12.2)]
min volume: 3.47031e-07  max volume: 0.025  Total volume: 469.17
bbox  volume: 494.91
Are all boundaries on bbox? true
=================================================================================

Smallest region: BCIM_region  Total volume: 0.004
Initializing sprocess...time: 9.08916
Interpolating...elapsed time: 3.21
Mechanics:     5.407s   to     6.757s   step    :      1.35s   temp: 900.0C
Diffusion:     5.407s   to     6.757s   step (s):      1.35s   temp: 900.0C
Mechanics:     6.757s   to     8.331s   step    :     1.574s   temp: 900.0C
Diffusion:     6.757s   to     8.331s   step (s):     1.574s   temp: 900.0C
Mechanics:     8.331s   to     10.46s   step    :     2.132s   temp: 900.0C
Diffusion:     8.331s   to     10.46s   step (s):     2.132s   temp: 900.0C
Mechanics:     10.46s   to     12.74s   step    :     2.281s   temp: 900.0C
Diffusion:     10.46s   to     12.74s   step (s):     2.281s   temp: 900.0C

Adaptive check...
Requires remesh.

Generating SnMesh mesh... 
SnMesh time: 28.453

========================  tri-grid quality (Gas excluded)  =======================
    0  10  20  30  40  50  60  70  80  90 100 110 120 130 140 150 160 170 180
 %    5   5   6   6   9   9   7   7   5  36  .   .   .   .                 
---------------------------------------------------------------------------------
minAngle: 0.167792  maxAngle: 125.701
nVerts = 83555  nTris = 166529  nMats = 5
max connectivity (tris per node): 9
bmin: 20 0
bmax: -1.15 23.4
min edgeLength: 0.0004442  [near (0.299778 12.2)]
min volume: 3.47031e-07  max volume: 0.025  Total volume: 469.17
bbox  volume: 494.91
Are all boundaries on bbox? true
=================================================================================

Smallest region: BCIM_region  Total volume: 0.004
Initializing sprocess...time: 10.6289
Interpolating...elapsed time: 3.19
Mechanics:     12.74s   to     15.23s   step    :     2.491s   temp: 900.0C
Diffusion:     12.74s   to     15.23s   step (s):     2.491s   temp: 900.0C
Mechanics:     15.23s   to     18.31s   step    :     3.077s   temp: 900.0C
Diffusion:     15.23s   to     18.31s   step (s):     3.077s   temp: 900.0C
Mechanics:     18.31s   to     22.64s   step    :      4.33s   temp: 900.0C
Diffusion:     18.31s   to     22.64s   step (s):      4.33s   temp: 900.0C
Mechanics:     22.64s   to     27.93s   step    :     5.293s   temp: 900.0C
Diffusion:     22.64s   to     27.93s   step (s):     5.293s   temp: 900.0C

Adaptive check...
Requires remesh.

Generating SnMesh mesh... 
SnMesh time: 29.9479

========================  tri-grid quality (Gas excluded)  =======================
    0  10  20  30  40  50  60  70  80  90 100 110 120 130 140 150 160 170 180
 %    5   4   7   6   9   9   7   7   5  36  .   .   .   .                 
---------------------------------------------------------------------------------
minAngle: 0.167792  maxAngle: 125.701
nVerts = 88201  nTris = 175814  nMats = 5
max connectivity (tris per node): 9
bmin: 20 0
bmax: -1.15 23.4
min edgeLength: 0.0004442  [near (0.299778 12.4)]
min volume: 3.47031e-07  max volume: 0.025  Total volume: 469.17
bbox  volume: 494.91
Are all boundaries on bbox? true
=================================================================================

Smallest region: BCIM_region  Total volume: 0.004
Initializing sprocess...time: 12.7409
Interpolating...elapsed time: 3.78
Mechanics:     27.93s   to     34.76s   step    :     6.827s   temp: 900.0C
Diffusion:     27.93s   to     34.76s   step (s):     6.827s   temp: 900.0C
Mechanics:     34.76s   to     42.46s   step    :     7.701s   temp: 900.0C
Diffusion:     34.76s   to     42.46s   step (s):     7.701s   temp: 900.0C
Mechanics:     42.46s   to     51.74s   step    :      9.28s   temp: 900.0C
Diffusion:     42.46s   to     51.74s   step (s):      9.28s   temp: 900.0C
Diffusion:     42.46s   to     44.78s   step*(s):      2.32s   temp: 900.0C
Diffusion:     44.78s   to     49.14s   step (s):     4.359s   temp: 900.0C

Adaptive check...
No remesh required.

Diffusion:     49.14s   to     51.74s   step (r):     2.601s   temp: 900.0C
Mechanics:     51.74s   to     55.71s   step    :     3.968s   temp: 900.0C
Diffusion:     51.74s   to     55.71s   step (s):     3.968s   temp: 900.0C
Mechanics:     55.71s   to     58.33s   step    :     2.624s   temp: 900.0C
Diffusion:     55.71s   to     58.33s   step (s):     2.624s   temp: 900.0C
Mechanics:     58.33s   to      1.01min step    :     2.255s   temp: 900.0C
Diffusion:     58.33s   to      1.01min step (s):     2.255s   temp: 900.0C

Adaptive check...
No remesh required.

Mechanics:      1.01min to     1.053min step    :     2.587s   temp: 900.0C
Diffusion:      1.01min to     1.053min step (s):     2.587s   temp: 900.0C
Mechanics:     1.053min to     1.107min step    :     3.241s   temp: 900.0C
Diffusion:     1.053min to     1.107min step (s):     3.241s   temp: 900.0C
Mechanics:     1.107min to     1.202min step    :     5.688s   temp: 900.0C
Diffusion:     1.107min to     1.202min step (s):     5.688s   temp: 900.0C
Mechanics:     1.202min to     1.379min step    :     10.65s   temp: 900.0C
Diffusion:     1.202min to     1.379min step (s):     10.65s   temp: 900.0C

Adaptive check...
No remesh required.

Mechanics:     1.379min to     1.689min step    :     18.58s   temp: 900.0C
Diffusion:     1.379min to     1.689min step (s):     18.58s   temp: 900.0C
Mechanics:     1.689min to     2.228min step    :     32.36s   temp: 900.0C
Diffusion:     1.689min to     2.228min step (s):     32.36s   temp: 900.0C
Mechanics:     2.228min to     3.001min step    :     46.37s   temp: 900.0C
Diffusion:     2.228min to     3.001min step (s):     46.37s   temp: 900.0C
Mechanics:     3.001min to     3.542min step    :     32.47s   temp: 900.0C
Diffusion:     3.001min to     3.542min step (s):     32.47s   temp: 900.0C

Adaptive check...
Requires remesh.

Generating SnMesh mesh... 
SnMesh time: 24.6634

========================  tri-grid quality (Gas excluded)  =======================
    0  10  20  30  40  50  60  70  80  90 100 110 120 130 140 150 160 170 180
 %    4   5   6   7   9   9   7   7   5  35  .   .   .   .                 
---------------------------------------------------------------------------------
minAngle: 0.167792  maxAngle: 125.701
nVerts = 77677  nTris = 154777  nMats = 5
max connectivity (tris per node): 9
bmin: 20 0
bmax: -1.15 23.4
min edgeLength: 0.0004442  [near (0.299778 12.4)]
min volume: 3.47031e-07  max volume: 0.025  Total volume: 469.17
bbox  volume: 494.91
Are all boundaries on bbox? true
=================================================================================

Smallest region: BCIM_region  Total volume: 0.004
Initializing sprocess...time: 11.9
Interpolating...elapsed time: 3.43
Mechanics:     3.542min to     4.195min step    :     39.15s   temp: 900.0C
Diffusion:     3.542min to     4.195min step (s):     39.15s   temp: 900.0C
Mechanics:     4.195min to     5.231min step    :     1.037min temp: 900.0C
Diffusion:     4.195min to     5.231min step (s):     1.037min temp: 900.0C
Mechanics:     5.231min to     6.459min step    :     1.228min temp: 900.0C
Diffusion:     5.231min to     6.459min step (s):     1.228min temp: 900.0C
Mechanics:     6.459min to     7.963min step    :     1.503min temp: 900.0C
Diffusion:     6.459min to     7.963min step (s):     1.503min temp: 900.0C

Adaptive check...
Requires remesh.

Generating SnMesh mesh... 
SnMesh time: 25.4502

========================  tri-grid quality (Gas excluded)  =======================
    0  10  20  30  40  50  60  70  80  90 100 110 120 130 140 150 160 170 180
 %    4   4   6   8   9   9   8   6   5  35  .   .   .   .                 
---------------------------------------------------------------------------------
minAngle: 0.167792  maxAngle: 125.701
nVerts = 77325  nTris = 154072  nMats = 5
max connectivity (tris per node): 9
bmin: 20 0
bmax: -1.15 23.4
min edgeLength: 0.0004442  [near (0.299778 12.2)]
min volume: 3.47031e-07  max volume: 0.025  Total volume: 469.17
bbox  volume: 494.91
Are all boundaries on bbox? true
=================================================================================

Smallest region: BCIM_region  Total volume: 0.004
Initializing sprocess...time: 12.4343
Interpolating...elapsed time: 2.84
Mechanics:     7.963min to     9.849min step    :     1.886min temp: 900.0C
Diffusion:     7.963min to     9.849min step (s):     1.886min temp: 900.0C
Mechanics:     9.849min to     11.96min step    :     2.109min temp: 900.0C
Diffusion:     9.849min to     11.96min step (s):     2.109min temp: 900.0C
Mechanics:     11.96min to     14.98min step    :     3.025min temp: 900.0C
Diffusion:     11.96min to     14.98min step (s):     3.025min temp: 900.0C
Mechanics:     14.98min to     17.49min step    :     2.508min temp: 900.0C
Diffusion:     14.98min to     17.49min step (s):     2.508min temp: 900.0C

Adaptive check...
No remesh required.

Mechanics:     17.49min to        20min step    :     2.508min temp: 900.0C
Diffusion:     17.49min to        20min step (s):     2.508min temp: 900.0C

Elapsed time for diffuse 2.2334e+03s
---------------------------------------------------------------- deposit -----
deposit PolySilicon type= "isotropic" thickness= 0.500<um>
------------------------------------------------------------------------------

MGoals time: 7.48489

Updating sprocess mesh before Etch/Depo relax.
Generating SnMesh mesh... 
SnMesh time: 25.4556

========================  tri-grid quality (Gas excluded)  =======================
    0  10  20  30  40  50  60  70  80  90 100 110 120 130 140 150 160 170 180
 %    5   5   6   6   9   9   7   6   6  36  .   .   .   .                 
---------------------------------------------------------------------------------
minAngle: 0.167792  maxAngle: 125.701
nVerts = 79634  nTris = 158620  nMats = 6
max connectivity (tris per node): 9
bmin: 20 0
bmax: -1.15 23.4
min edgeLength: 0.0004442  [near (0.299778 12.2)]
min volume: 3.47031e-07  max volume: 0.025  Total volume: 480.87
bbox  volume: 494.91
Are all boundaries on bbox? true
=================================================================================

Smallest region: BCIM_region  Total volume: 0.004
Initializing sprocess...time: 9.28625
Interpolating...elapsed time: 2.8
Mechanics:         0s   to         1s   step    :         1s   temp: 26.9C->26.9C

---------------------------------------------------------------- implant -----
implant beam.dose energy= 40.00<keV> dose= 5.00e+15<cm-2> tilt= 7.00<degree> rotation= 0.00e+00<degree> Arsenic
------------------------------------------------------------------------------
No substrate defined (implant).  Skip updateStrain.
Species           =  Arsenic
Dataset           =  Arsenic
Energy            =  40keV
Dose (WaferDose)  =  4.9627e+15/cm2
BeamDose          =  5e+15/cm2
BeamDose2D        =  5e+15/cm2
Tilt              =   7deg
Tilt2D            =  -0deg
Rotation          =   0deg
Slice angle       = -90deg
Temperature       = 300.00K
LeftBoundary      =  Extend
RightBoundary     =  Extend


Generating SnMesh mesh... 
SnMesh time: 51.7554

========================  tri-grid quality (Gas excluded)  =======================
    0  10  20  30  40  50  60  70  80  90 100 110 120 130 140 150 160 170 180
 %    9   5   5   6   8   8   6   5   5  41  .   .   .   .                 
---------------------------------------------------------------------------------
minAngle: 0.167792  maxAngle: 125.701
nVerts = 91446  nTris = 182100  nMats = 6
max connectivity (tris per node): 9
bmin: 20 0
bmax: -1.15 23.4
min edgeLength: 0.0004442  [near (0.299778 12.2)]
min volume: 3.47031e-07  max volume: 0.025  Total volume: 480.87
bbox  volume: 494.91
Are all boundaries on bbox? true
=================================================================================

Smallest region: BCIM_region  Total volume: 0.004
Initializing sprocess...time: 7.60671
Interpolating...elapsed time: 3.22
Total implant time:    73.2sec
- - - - - - - - - - - - - - - - - - - - - - - - - - - - - - - - - - - - - - - 
Computing finite volumes...
Finite volumes done

   Dose in:   Silicon_1     Oxide_1 PolySilicon   Nitride_1 BCIM_region Oxide_1+Sil
                  Total
                Silicon       Oxide PolySilicon     Nitride    Silicon2 Oxide_Silic
           
      Boron  8.1944e+14  2.0359e+14  0.0000e+00  3.3492e+13  8.2759e+04  4.3264e+13
             1.0998e+15
 Phosphorus  1.2294e+13  1.2507e+11  0.0000e+00  5.1660e+10  4.7459e+08  3.5682e+11
             1.2828e+13
    Arsenic  2.9597e-08  4.4394e-11  4.8831e+15  2.9595e-11  2.5403e-13  0.0000e+00
             4.8831e+15
        Int  2.3198e+08  3.0000e+01  0.0000e+00  1.9999e+01  1.4214e+03  1.0000e+05
             2.3218e+08
        Vac  1.9169e+11  3.0000e+01  0.0000e+00  1.9999e+01  2.2313e+06  1.0000e+05
             1.9170e+11
   ICluster  1.3613e+07  0.0000e+00  0.0000e+00  0.0000e+00  5.8549e+01  1.0000e+05
             1.3815e+07
     P2trap  2.0000e+04  3.0000e+01  0.0000e+00  1.9999e+01  1.7094e-01  9.4362e+09
             9.4363e+09
         B4  2.6462e+14  3.0000e+01  0.0000e+00  1.9999e+01  1.0683e-14  1.0000e+05
             2.6462e+14
         P3  1.4172e+03  3.0000e+01  0.0000e+00  1.9999e+01  1.2718e-06  1.0000e+05
             2.0335e+05
- - - - - - - - - - - - - - - - - - - - - - - - - - - - - - - - - - - - - - - 


No substrate defined (implant).  Skip updateStrain.
------------------------------------------------------------------- etch -----
etch mask= "GATE_POLY" PolySilicon type= "anisotropic" thickness= 0.510<um>
------------------------------------------------------------------------------
MGoals time: 8.76425

Updating sprocess mesh before Etch/Depo relax.
Generating SnMesh mesh... 
SnMesh time: 37.2058

========================  tri-grid quality (Gas excluded)  =======================
    0  10  20  30  40  50  60  70  80  90 100 110 120 130 140 150 160 170 180
 %    5   5   5   5   8   7   5   5   5  32  .   .   .   .                 
---------------------------------------------------------------------------------
minAngle: 0.167792  maxAngle: 125.701
nVerts = 98062  nTris = 195364  nMats = 6
max connectivity (tris per node): 9
bmin: 20 0
bmax: -1.15 23.4
min edgeLength: 0.0004442  [near (0.299778 12.2)]
min volume: 3.47031e-07  max volume: 0.025  Total volume: 472.195
bbox  volume: 494.91
Are all boundaries on bbox? true
=================================================================================

Smallest region: BCIM_region  Total volume: 0.004
Initializing sprocess...time: 11.572
Interpolating...elapsed time: 3.28
Mechanics:         0s   to         1s   step    :         1s   temp: 26.9C->26.9C

------------------------------------------------------------------- mask -----
mask name= "CON_ETCH" negative
------------------------------------------------------------------------------
------------------------------------------------------------------- mask -----
mask name= "SOURCE_METAL" negative
------------------------------------------------------------------------------
------------------------------------------------------------------- mask -----
mask name= "DRAIN_METAL" negative
------------------------------------------------------------------------------
------------------------------------------------------------------- etch -----
etch mask= "CON_ETCH" Nitride type= "anisotropic" thickness= 0.0500<um>
------------------------------------------------------------------------------
MGoals time: 9.22374

Updating sprocess mesh before Etch/Depo relax.
Generating SnMesh mesh... 
SnMesh time: 30.034

========================  tri-grid quality (Gas excluded)  =======================
    0  10  20  30  40  50  60  70  80  90 100 110 120 130 140 150 160 170 180
 %    6   5   5   6   9   8   6   5   6  37  .   .   .   .                 
---------------------------------------------------------------------------------
minAngle: 0.167792  maxAngle: 125.701
nVerts = 85967  nTris = 171354  nMats = 8
max connectivity (tris per node): 9
bmin: 20 0
bmax: -1.15 23.4
min edgeLength: 0.0004442  [near (0.299778 12.2)]
min volume: 3.47031e-07  max volume: 0.025  Total volume: 472.053
bbox  volume: 494.91
Are all boundaries on bbox? true
=================================================================================

Smallest region: BCIM_region  Total volume: 0.004
Initializing sprocess...time: 12.0558
Interpolating...elapsed time: 3.26
Mechanics:         0s   to         1s   step    :         1s   temp: 26.9C->26.9C

------------------------------------------------------------------- etch -----
etch mask= "CON_ETCH" Oxide type= "anisotropic" thickness= 0.0500<um>
------------------------------------------------------------------------------
MGoals time: 7.80483

Updating sprocess mesh before Etch/Depo relax.
Generating SnMesh mesh... 
SnMesh time: 32.6787

========================  tri-grid quality (Gas excluded)  =======================
    0  10  20  30  40  50  60  70  80  90 100 110 120 130 140 150 160 170 180
 %    6   6   5   6   8   8   6   5   6  36  .   .   .   .                 
---------------------------------------------------------------------------------
minAngle: 0.167792  maxAngle: 125.701
nVerts = 91096  nTris = 181612  nMats = 10
max connectivity (tris per node): 9
bmin: 20 0
bmax: -1.15 23.4
min edgeLength: 0.0004442  [near (0.299778 12.2)]
min volume: 3.47031e-07  max volume: 0.025  Total volume: 471.84
bbox  volume: 494.91
Are all boundaries on bbox? true
=================================================================================

Smallest region: BCIM_region  Total volume: 0.004
Initializing sprocess...time: 13.7195
Interpolating...elapsed time: 3.24
Mechanics:         0s   to         1s   step    :         1s   temp: 26.9C->26.9C

---------------------------------------------------------------- deposit -----
deposit Aluminum type= "anisotropic" thickness= 0.500<um> mask= "SOURCE_METAL"
------------------------------------------------------------------------------
MGoals time: 13.1371

Updating sprocess mesh before Etch/Depo relax.
Generating SnMesh mesh... 
SnMesh time: 30.4037

========================  tri-grid quality (Gas excluded)  =======================
    0  10  20  30  40  50  60  70  80  90 100 110 120 130 140 150 160 170 180
 %    6   6   6   6   8   8   6   6   6  37  .   .   .                   . 
---------------------------------------------------------------------------------
minAngle: 0.167187  maxAngle: 176.13
nVerts = 91023  nTris = 181459  nMats = 11
max connectivity (tris per node): 9
bmin: 20 0
bmax: -1.15005 23.4
min edgeLength: 0.000130445  [near (-0.550259 23.3999)]
min volume: 1.69089e-08  max volume: 0.025  Total volume: 475.99
bbox  volume: 494.911
Are all boundaries on bbox? true
=================================================================================

Smallest region: BCIM_region  Total volume: 0.004
Initializing sprocess...time: 14.7186
Interpolating...elapsed time: 3.94
Mechanics:         0s   to         1s   step    :         1s   temp: 26.9C->26.9C
---------------------------------------------------------------- deposit -----
deposit Aluminum type= "anisotropic" thickness= 0.500<um> mask= "DRAIN_METAL"
------------------------------------------------------------------------------
MGoals time: 13.4207

Updating sprocess mesh before Etch/Depo relax.
Generating SnMesh mesh... 
SnMesh time: 30.9226

========================  tri-grid quality (Gas excluded)  =======================
    0  10  20  30  40  50  60  70  80  90 100 110 120 130 140 150 160 170 180
 %    6   6   6   6   8   8   6   6   6  37  .   .   .       .           . 
---------------------------------------------------------------------------------
minAngle: 0.163985  maxAngle: 176.127
nVerts = 91227  nTris = 181867  nMats = 12
max connectivity (tris per node): 13
bmin: 20 0
bmax: -1.15031 23.4
min edgeLength: 0.000130445  [near (-0.550259 23.3999)]
min volume: 1.69089e-08  max volume: 0.025  Total volume: 478.415
bbox  volume: 494.917
Are all boundaries on bbox? true
=================================================================================

Smallest region: BCIM_region  Total volume: 0.004
Initializing sprocess...time: 16.8973
Interpolating...elapsed time: 4.06
Mechanics:         0s   to         1s   step    :         1s   temp: 26.9C->26.9C
---------------------------------------------------------------- contact -----
contact Aluminum name= "source" xlo= -0.600<um> xhi= -0.500<um> ylo= 15.20<um> yhi= 23.30<um> box add
------------------------------------------------------------------------------
---------------------------------------------------------------- contact -----
contact Aluminum name= "drain" xlo= -0.600<um> xhi= -0.500<um> ylo= 3.05<um> yhi= 7.70<um> box add
------------------------------------------------------------------------------
---------------------------------------------------------------- contact -----
contact PolySilicon name= "gate" xlo= -0.600<um> xhi= -0.500<um> ylo= 9.05<um> yhi= 14.90<um> box add
------------------------------------------------------------------------------
---------------------------------------------------------------- contact -----
contact Silicon name= "chargeflow" xlo= 0.210<um> xhi= 0.410<um> ylo= 12.10<um> yhi= 12.50<um> box add
------------------------------------------------------------------------------
---------------------------------------------------------------- contact -----
contact Silicon name= "substrate" xlo= 4.90<um> xhi= 5.10<um> ylo= 0.100<um> yhi= 23.50<um> box add
------------------------------------------------------------------------------
----------------------------------------------------------------- struct -----
struct tdr= "Loadable"
------------------------------------------------------------------------------
Interpolating...elapsed time: 2.28
Points: 91230
Nodes: 97688
Edges: 279524
Faces: 181873
Volumes: 0

[1m
** Warning **
[0mNo coordinate system has been set. Default coordinate system is coord.ucs. Using default value. !

 ... continuing execution

Writing file Loadable_fps.tdr...done

------------------------------------------------------------------- grid -----
grid remesh
------------------------------------------------------------------------------
Generating SnMesh mesh... 
SnMesh time: 32.1082

========================  tri-grid quality (Gas excluded)  =======================
    0  10  20  30  40  50  60  70  80  90 100 110 120 130 140 150 160 170 180
 %    6   6   6   6   8   8   6   6   6  37  .   .   .       .           . 
---------------------------------------------------------------------------------
minAngle: 0.163985  maxAngle: 176.127
nVerts = 91259  nTris = 181931  nMats = 12
max connectivity (tris per node): 13
bmin: 20 0
bmax: -1.15031 23.4
min edgeLength: 0.000130445  [near (-0.550259 23.3999)]
min volume: 1.69089e-08  max volume: 0.025  Total volume: 478.415
bbox  volume: 494.917
Are all boundaries on bbox? true
=================================================================================

Smallest region: BCIM_region  Total volume: 0.004
Initializing sprocess...time: 17.0946
Interpolating...elapsed time: 3.46
-------------------------------------------------------------- refinebox -----
refinebox clear
------------------------------------------------------------------------------
------------------------------------------------------------------- line -----
line clear
------------------------------------------------------------------------------
------------------------------------------------------------------- grid -----
grid set.Delaunay.type= "boxmethod"
------------------------------------------------------------------------------
-------------------------------------------------------------- refinebox -----
refinebox Silicon Adaptive refine.max.edge= {50.00<nm>} max.asinhdiff= {NetActive= 0.500} refine.fields= {NetActive}
------------------------------------------------------------------------------
-------------------------------------------------------------- refinebox -----
refinebox Silicon2 Adaptive refine.max.edge= {50.00<nm>} max.asinhdiff= {NetActive= 0.500} refine.fields= {NetActive}
------------------------------------------------------------------------------
-------------------------------------------------------------- refinebox -----
refinebox Silicon min= {0.00e+00<um> 10.10<um>} max= {0.300<um> 14.50<um>} xrefine= {0.0100<um> 0.0100<um> 0.0100<um>} yrefine= {0.0100<um> 0.0100<um> 0.0100<um>}
------------------------------------------------------------------------------
-------------------------------------------------------------- refinebox -----
refinebox Silicon2 min= {0.00e+00<um> 10.10<um>} max= {0.300<um> 14.50<um>} xrefine= {0.0100<um> 0.0100<um> 0.0100<um>} yrefine= {0.0100<um> 0.0100<um> 0.0100<um>}
------------------------------------------------------------------------------
------------------------------------------------------------------- grid -----
grid remesh
------------------------------------------------------------------------------
           NetActive   5.000e-01   1.000e+10   1.000e+37   1.000e+37   5.000e-01   1.000e+37  -1.000e+00
              Damage   1.000e+03   1.000e+19   1.000e+37   1.000e+37   1.000e+37   1.000e+37  -1.000e+00
  Interval Refinement criteria:
             species      tgt ln  tgt ln scl     min val      mx val
              Damage   2.000e-07   1.000e+00   1.150e+22   1.150e+22
           NetActive   5.000e-01   1.000e+10   1.000e+37   1.000e+37   5.000e-01   1.000e+37  -1.000e+00
              Damage   1.000e+03   1.000e+19   1.000e+37   1.000e+37   1.000e+37   1.000e+37  -1.000e+00
  Interval Refinement criteria:
             species      tgt ln  tgt ln scl     min val      mx val
              Damage   2.000e-07   1.000e+00   1.150e+22   1.150e+22
Generating SnMesh mesh... 
SnMesh time: 30.4101

========================  tri-grid quality (Gas excluded)  =======================
    0  10  20  30  40  50  60  70  80  90 100 110 120 130 140 150 160 170 180
 %    1   4  13   3  13  13   3  13   4  33  .   .   .       .           . 
---------------------------------------------------------------------------------
minAngle: 0.248712  maxAngle: 176.225
nVerts = 165240  nTris = 329220  nMats = 12
max connectivity (tris per node): 12
bmin: 20 0
bmax: -1.15031 23.4
min edgeLength: 0.000130445  [near (-0.550259 23.3999)]
min volume: 1.69089e-08  max volume: 0.120829  Total volume: 478.415
bbox  volume: 494.917
Are all boundaries on bbox? true
=================================================================================

Smallest region: BCIM_region  Total volume: 0.004
Initializing sprocess...time: 45.9248
Interpolating...elapsed time: 7.37

Turning off restart capability for Full_remesh_fps.tdr (requires gas and interfaces)
----------------------------------------------------------------- struct -----
struct tdr= "Full_remesh" !Gas
------------------------------------------------------------------------------
Interpolating...elapsed time: 4.32
Points: 165246
Nodes: 169705
Edges: 498900
Faces: 329232
Volumes: 0

[1m
** Warning **
[0mNo coordinate system has been set. Default coordinate system is coord.ucs. Using default value. !

 ... continuing execution

Writing file Full_remesh_fps.tdr...done

------------------------------------------------------------------------------
Summary:
Anneal time stepping:
  reaction/mechanics steps=59 minimum=1.0000e+38s maximum=1.0000e+38s
  diffusion steps=62 minimum=9.3244e-05s maximum=1.8151e+02s
Edge/Face swapping:
 calls=100 flips=0
------------------------------------------------------------------------------
License features used:
    sprocess
    sprocess2d
------------------------------------------------------------------------------

Elapsed Time:	00:59:32
User Time:	00:59:07
CPU Time:	00:57:51

Detailed CPU time report:

1128.07 sec (31.9%) Solver(PDE). (653 calls).
890.77 sec (25.2%) SnMesh meshing (39 calls).
270.13 sec (7.6%) Store nodal values: Serial. (5398 calls).
264.83 sec (7.5%) Diffusion step time. (59 calls).
253.00 sec (7.1%) Transfer from mesher 1D/2D (38 calls).
121.14 sec (3.4%) Serial mode assembly. (903 calls).
119.92 sec (3.4%) mgoals (20 calls).
91.22 sec (2.6%) implant command (298 calls).
90.22 sec (2.5%) Bulk Interpolation (40 calls).
51.69 sec (1.5%) Mechanics step (59 calls).
47.50 sec (1.3%) FieldServer copy (42 calls).
43.72 sec (1.2%) Mechanics assembly (serial mode) (67 calls).
37.59 sec (1.1%) Solver(Mechanics) (67 calls).

Detailed elapsed time report:

1133.89 sec (31.8%) Solver(PDE). (653 calls).
895.26 sec (25.1%) SnMesh meshing (39 calls).
272.12 sec (7.6%) Store nodal values: Serial. (5398 calls).
266.10 sec (7.5%) Diffusion step time. (59 calls).
254.66 sec (7.1%) Transfer from mesher 1D/2D (38 calls).
121.80 sec (3.4%) Serial mode assembly. (903 calls).
120.46 sec (3.4%) mgoals (20 calls).
92.43 sec (2.6%) implant command (298 calls).
90.74 sec (2.5%) Bulk Interpolation (40 calls).
52.01 sec (1.5%) Mechanics step (59 calls).
47.83 sec (1.3%) FieldServer copy (42 calls).
43.98 sec (1.2%) Mechanics assembly (serial mode) (67 calls).
37.67 sec (1.1%) Solver(Mechanics) (67 calls).

Simulation completed with 1 warning.
================================================

WARNING 1 2 times
=======================================================
No coordinate system has been set. Default coordinate system is coord.ucs. Using default value.

