****************************************************************************
***                          Sentaurus Process                           ***
***                          Version O-2018.06                           ***
***                       (1.1029, x86_64, Linux)                        ***
***                                                                      ***
***                       Copyright (C) 1993-2002                        ***
***          The board of regents of the University of Florida           ***
***                       Copyright (C) 1994-2018                        ***
***                            Synopsys, Inc.                            ***
***                                                                      ***
***  This software and the associated documentation are confidential     ***
***  and proprietary to Synopsys, Inc.  Your use or disclosure of this   ***
***  software is subject to the terms and conditions of a written        ***
***  license agreement between you, or your company, and Synopsys, Inc.  ***
****************************************************************************

Compiled Thu May  3 06:21:22 PDT 2018 on tcadprod10

      Started at: Sat Sep 26 15:47:39 2020 (-03)
       User name: msofo
       Host name: microib.cab.cnea.gov.ar
             PID: 27863
    Architecture: x86_64
Operating system: Linux rel. 3.10.0-1127.8.2.el7.x86_64 ver. #1 SMP Tue May 12 16:57:42 UTC 2020

------------------------------------------------------------------------------
Checking syntax of SPROCESS_SiSeRO_CCDChannel_base.cmd:

Syntax check complete.
------------------------------------------------------------------------------

Starting Tcl interpreter with inputfile: SPROCESS_SiSeRO_CCDChannel_base.cmd
            sprocess: Checked Out

Loading models file: /opt/synopsys/TCADSentaurus/O_2018.06/tcad/current/lib/sprocess-28.0.1029/TclLib/SPROCESS.models... done.

- - - - - - - - - - - - - - - - - - - - - - - - - - - - - - - - - - - - - - -
Loading Advanced Calibration 2018.06 (1.1)


- - - - - - - - - - - - - - - - - - - - - - - - - - - - - - - - - - - - - - -

------------------------------------------------------------- SetTDRList -----
SetTDRList DopingConcentration
------------------------------------------------------------------------------
------------------------------------------------------------------- line -----
line X location= 0.00e+00<um> spacing= 15.00<nm> tag= "SiTop"
------------------------------------------------------------------------------
------------------------------------------------------------------- line -----
line X location= 0.0500<um> spacing= 25.00<nm>
------------------------------------------------------------------------------
------------------------------------------------------------------- line -----
line X location= 0.250<um> spacing= 50.00<nm>
------------------------------------------------------------------------------
------------------------------------------------------------------- line -----
line X location= 0.500<um> spacing= 100.00<nm>
------------------------------------------------------------------------------
------------------------------------------------------------------- line -----
line X location= 1.00<um> spacing= 250.00<nm>
------------------------------------------------------------------------------
------------------------------------------------------------------- line -----
line X location= 20.00<um> spacing= 250.00<nm> tag= "SiBot"
------------------------------------------------------------------------------
------------------------------------------------------------------- line -----
line Y location= 0.00e+00<um> spacing= 200.00<nm> tag= "SiLef"
------------------------------------------------------------------------------
------------------------------------------------------------------- line -----
line Y location= 26.00<um> spacing= 200.00<nm> tag= "SiRig"
------------------------------------------------------------------------------
----------------------------------------------------------------- region -----
region xlo= "SiTop" xhi= "SiBot" ylo= "SiLef" yhi= "SiRig" Silicon
------------------------------------------------------------------------------
------------------------------------------------------------------- init -----
init field= "Boron" resistivity= 5000.00<ohm-cm> wafer.orient= {100.00}
------------------------------------------------------------------------------
          sprocess2d: Checked Out

Creating structure...
Recreating refinements to take into account updated simulation dimension.
Done recreating refinements.


Points: 91
Nodes: 91
Edges: 90
Faces: 0
Volumes: 0

------------------------------------------------------------------- grid -----
grid set.min.normal.size= 3.00<nm> set.normal.growth.ratio.2d= 1.40
------------------------------------------------------------------------------
----------------------------------------------------------------- pdbSet -----
pdbSet grid adaptive 1
------------------------------------------------------------------------------
----------------------------------------------------------------- pdbSet -----
pdbSet grid AdaptiveField Refine.Rel.Error 0.50
------------------------------------------------------------------------------
------------------------------------------------------------------- mask -----
mask clear
------------------------------------------------------------------------------
------------------------------------------------------------------- mask -----
mask name= "CSTP" left= 20.95<um> right= 22.95<um>
------------------------------------------------------------------------------
------------------------------------------------------------------- mask -----
mask name= "SCP" left= 23.95<um> right= 26.00<um>
------------------------------------------------------------------------------
------------------------------------------------------------------- mask -----
mask name= "SDI" left= 15.65<um> right= 19.95<um>
------------------------------------------------------------------------------
------------------------------------------------------------------- mask -----
mask name= "BCIM" left= 0.00e+00<um> right= 16.45<um>
------------------------------------------------------------------------------
------------------------------------------------------------------- mask -----
mask name= "TRGH" left= 0.00e+00<um> right= 16.45<um>
------------------------------------------------------------------------------
------------------------------------------------------------------- mask -----
mask name= "DEP" left= 9.85<um> right= 11.95<um>
------------------------------------------------------------------------------
------------------------------------------------------------------- mask -----
mask name= "BUR" left= 9.85<um> right= 11.95<um>
------------------------------------------------------------------------------
------------------------------------------------------------------- mask -----
mask name= "GATE_POLY" left= 0.00e+00<um> right= 3.50<um>
------------------------------------------------------------------------------
------------------------------------------------------------------- mask -----
mask name= "GATE_POLY" left= 3.65<um> right= 6.65<um>
------------------------------------------------------------------------------
------------------------------------------------------------------- mask -----
mask name= "GATE_POLY" left= 6.80<um> right= 9.75<um>
------------------------------------------------------------------------------
------------------------------------------------------------------- mask -----
mask name= "GATE_POLY" left= 9.90<um> right= 11.90<um>
------------------------------------------------------------------------------
------------------------------------------------------------------- mask -----
mask name= "GATE_POLY" left= 12.05<um> right= 15.55<um>
------------------------------------------------------------------------------
------------------------------------------------------------------- mask -----
mask name= "RESET_METAL" left= 15.65<um> right= 20.45<um>
------------------------------------------------------------------------------
------------------------------------------------------------------- mask -----
mask name= "CON_ETCH" left= 16.15<um> right= 17.05<um>
------------------------------------------------------------------------------
------------------------------------------------------------------- mask -----
mask name= "CON_ETCH" left= 18.55<um> right= 19.45<um>
------------------------------------------------------------------------------
---------------------------------------------------------------- deposit -----
deposit Oxide type= "isotropic" thickness= 0.0300<um>
------------------------------------------------------------------------------
MGoals time: 0.0145791

Updating sprocess mesh before Etch/Depo relax.
Generating SnMesh mesh... 
SnMesh time: 4.9300e-03

========================  tri-grid quality (Gas excluded)  =======================
    0  10  20  30  40  50  60  70  80  90 100 110 120 130 140 150 160 170 180
 %   24   1       3   2   2   3       1  54                                
---------------------------------------------------------------------------------
minAngle: 0.461336  maxAngle: 90
nVerts = 242  nTris = 240  nMats = 5
max connectivity (tris per node): 3
bmin: 20 0
bmax: -0.130003 0.002013
min edgeLength: 0.00156167  [near (-0.029219 0.002013)]
min volume: 1.57182e-06  max volume: 0.000251625  Total volume: 0.0403204
bbox  volume: 0.0405217
Are all boundaries on bbox? true
=================================================================================

Smallest region: Oxide_1  Total volume: 6.03897e-05
Initializing sprocess...time: 0.011593
Interpolating...elapsed time: 0.01
sprocess Pardiso thread count = 1
sprocess parallel assembly thread count = 1
Mechanics:         0s   to         1s   step    :         1s   temp: 26.9C->26.9C
---------------------------------------------------------------- deposit -----
deposit Nitride type= "isotropic" thickness= 0.0140<um>
------------------------------------------------------------------------------
MGoals time: 0.0110939

Updating sprocess mesh before Etch/Depo relax.
Generating SnMesh mesh... 
SnMesh time: 5.8430e-03

========================  tri-grid quality (Gas excluded)  =======================
    0  10  20  30  40  50  60  70  80  90 100 110 120 130 140 150 160 170 180
 %   24   1   1   2   3   3   2   1   1  55                                
---------------------------------------------------------------------------------
minAngle: 0.461657  maxAngle: 90
nVerts = 240  nTris = 238  nMats = 7
max connectivity (tris per node): 3
bmin: 20 0
bmax: -0.144001 0.0020144
min edgeLength: 0.00150044  [near (-0.03075 0.0020144)]
min volume: 1.51125e-06  max volume: 0.0002518  Total volume: 0.0403766
bbox  volume: 0.0405781
Are all boundaries on bbox? true
=================================================================================

Smallest region: Nitride_1  Total volume: 2.82012e-05
Initializing sprocess...time: 0.021574
Interpolating...elapsed time: 0.02
Mechanics:         0s   to         1s   step    :         1s   temp: 26.9C->26.9C
---------------------------------------------------------------- deposit -----
deposit Oxide type= "isotropic" thickness= 0.00600<um>
------------------------------------------------------------------------------
MGoals time: 9.3760e-03

Updating sprocess mesh before Etch/Depo relax.
Generating SnMesh mesh... 
SnMesh time: 5.1240e-03

========================  tri-grid quality (Gas excluded)  =======================
    0  10  20  30  40  50  60  70  80  90 100 110 120 130 140 150 160 170 180
 %   23   1   1   2   4   4   2   1   1  53                                
---------------------------------------------------------------------------------
minAngle: 0.461794  maxAngle: 90
nVerts = 256  nTris = 254  nMats = 9
max connectivity (tris per node): 3
bmin: 20 0
bmax: -0.15 0.002015
min edgeLength: 0.00157921  [near (0.000789607 0.002015)]
min volume: 1.59106e-06  max volume: 0.000251875  Total volume: 0.0404007
bbox  volume: 0.0406023
Are all boundaries on bbox? true
=================================================================================

Smallest region: Oxide_2  Total volume: 1.20896e-05
Initializing sprocess...time: 0.02209
Interpolating...elapsed time: 0.02
Mechanics:         0s   to         1s   step    :         1s   temp: 26.9C->26.9C
------------------------------------------------------------------ photo -----
photo mask= "SCP" thickness= 1.00<um>
------------------------------------------------------------------------------
Increasing dimension 1 -> 2
Creating structure... 
Points: 16768
Nodes: 17816
Edges: 50827
Faces: 33020
Volumes: 0

Copying data...done

Recreating refinements to take into account updated simulation dimension.
Done recreating refinements.

MGoals time: 1.46091

Remeshing to match geometry after photo command ...
Generating SnMesh mesh... 
SnMesh time: 2.91168

========================  tri-grid quality (Gas excluded)  =======================
    0  10  20  30  40  50  60  70  80  90 100 110 120 130 140 150 160 170 180
 %   10   2   1   1  19  19   1   1   2  42      .                         
---------------------------------------------------------------------------------
minAngle: 0.134349  maxAngle: 110.755
nVerts = 18651  nTris = 36759  nMats = 6
max connectivity (tris per node): 7
bmin: 20 0
bmax: -1.15 26
min edgeLength: 0.000468966  [near (-0.0302343 0.6)]
min volume: 1.17242e-05  max volume: 0.025  Total volume: 545.25
bbox  volume: 549.9
Are all boundaries on bbox? true
=================================================================================

Smallest region: Oxide_2  Total volume: 0.155995
Initializing sprocess...time: 0.230907
Interpolating...elapsed time: 0.62
---------------------------------------------------------------- implant -----
implant beam.dose energy= 150.00<keV> dose= 1.00e+14<cm-2> tilt= 7.00<degree> rotation= 27.00<degree> Phosphorus
------------------------------------------------------------------------------
No substrate defined (implant).  Skip updateStrain.
Species           =  Phosphorus
Dataset           =  Phosphorus
Energy            = 150keV
Dose (WaferDose)  =  9.9255e+13/cm2
BeamDose          =  1e+14/cm2
BeamDose2D        =  1.0016e+14/cm2
Tilt              =   7deg
Tilt2D            = -3.1905deg
Rotation          =  27deg
Slice angle       = -90deg
Temperature       = 300.00K
LeftBoundary      =  Extend
RightBoundary     =  Extend

Generating SnMesh mesh... 
SnMesh time: 19.7943

========================  tri-grid quality (Gas excluded)  =======================
    0  10  20  30  40  50  60  70  80  90 100 110 120 130 140 150 160 170 180
 %   11   4   3   3  12  11   3   4   4  43  .   .   .                     
---------------------------------------------------------------------------------
minAngle: 0.134349  maxAngle: 123.69
nVerts = 33950  nTris = 67255  nMats = 6
max connectivity (tris per node): 8
bmin: 20 0
bmax: -1.15 26
min edgeLength: 0.000468966  [near (-0.0302343 23.7594)]
min volume: 4.1536e-07  max volume: 0.025  Total volume: 545.25
bbox  volume: 549.9
Are all boundaries on bbox? true
=================================================================================

Smallest region: Oxide_2  Total volume: 0.155995
Initializing sprocess...time: 0.533273
Interpolating...elapsed time: 0.98
Total implant time:    25.2sec
- - - - - - - - - - - - - - - - - - - - - - - - - - - - - - - - - - - - - - - 
Computing finite volumes...
Finite volumes done

   Dose in:   Silicon_1   Nitride_1 Photoresist     Oxide_1     Oxide_2       Total
                Silicon     Nitride Photoresist       Oxide       Oxide
      Boron  5.3404e+09  0.0000e+00  0.0000e+00  0.0000e+00  0.0000e+00  5.3404e+09
 Phosphorus  7.7144e+12  2.9702e+10  8.9951e+13  8.3460e+10  5.3039e+09  9.7784e+13
- - - - - - - - - - - - - - - - - - - - - - - - - - - - - - - - - - - - - - - 


No substrate defined (implant).  Skip updateStrain.
------------------------------------------------------------------ strip -----
strip Photoresist
------------------------------------------------------------------------------
MGoals time: 0.221092

Remeshing to match geometry after strip command ...
Generating SnMesh mesh... 
SnMesh time: 9.04511

========================  tri-grid quality (Gas excluded)  =======================
    0  10  20  30  40  50  60  70  80  90 100 110 120 130 140 150 160 170 180
 %    4   3   2   1  11  11   1   2   3  25  .   .   .                     
---------------------------------------------------------------------------------
minAngle: 0.134349  maxAngle: 121.975
nVerts = 34451  nTris = 68257  nMats = 5
max connectivity (tris per node): 8
bmin: 20 0
bmax: -1.15 26
min edgeLength: 0.000468966  [near (-0.0302343 23.45)]
min volume: 4.1536e-07  max volume: 0.025  Total volume: 521.3
bbox  volume: 549.9
Are all boundaries on bbox? true
=================================================================================

Smallest region: Oxide_2  Total volume: 0.155995
Initializing sprocess...time: 0.554367
Interpolating...elapsed time: 0.75
------------------------------------------------------------------ photo -----
photo mask= "CSTP" thickness= 1.00<um>
------------------------------------------------------------------------------
MGoals time: 4.61492

Remeshing to match geometry after photo command ...
Generating SnMesh mesh... 
SnMesh time: 5.73054

========================  tri-grid quality (Gas excluded)  =======================
    0  10  20  30  40  50  60  70  80  90 100 110 120 130 140 150 160 170 180
 %    8   4   3   2  16  15   2   3   4  40  .   .   .                     
---------------------------------------------------------------------------------
minAngle: 0.134349  maxAngle: 121.975
nVerts = 24691  nTris = 48792  nMats = 7
max connectivity (tris per node): 8
bmin: 20 0
bmax: -1.15 26
min edgeLength: 0.000468966  [near (-0.0302343 0.6)]
min volume: 4.1536e-07  max volume: 0.025  Total volume: 545.3
bbox  volume: 549.9
Are all boundaries on bbox? true
=================================================================================

Smallest region: Oxide_2  Total volume: 0.155995
Initializing sprocess...time: 0.478016
Interpolating...elapsed time: 0.59
---------------------------------------------------------------- implant -----
implant beam.dose energy= 100.00<keV> dose= 7.00e+12<cm-2> tilt= 7.00<degree> rotation= 27.00<degree> Boron
------------------------------------------------------------------------------
No substrate defined (implant).  Skip updateStrain.
Species           =  Boron
Dataset           =  Boron
Energy            = 100keV
Dose (WaferDose)  =  6.9478e+12/cm2
BeamDose          =  7e+12/cm2
BeamDose2D        =  7.0109e+12/cm2
Tilt              =   7deg
Tilt2D            = -3.1905deg
Rotation          =  27deg
Slice angle       = -90deg
Temperature       = 300.00K
LeftBoundary      =  Extend
RightBoundary     =  Extend

Generating SnMesh mesh... 
SnMesh time: 35.4388

========================  tri-grid quality (Gas excluded)  =======================
    0  10  20  30  40  50  60  70  80  90 100 110 120 130 140 150 160 170 180
 %    8   5   6   4  11  10   4   6   5  40  .   .   .   .                 
---------------------------------------------------------------------------------
minAngle: 0.134349  maxAngle: 128.66
nVerts = 45843  nTris = 91008  nMats = 7
max connectivity (tris per node): 8
bmin: 20 0
bmax: -1.15 26
min edgeLength: 0.000468966  [near (-0.0302343 23.5)]
min volume: 3.6638e-07  max volume: 0.025  Total volume: 545.3
bbox  volume: 549.9
Are all boundaries on bbox? true
=================================================================================

Smallest region: Oxide_2  Total volume: 0.155995
Initializing sprocess...time: 0.965211
Interpolating...elapsed time: 1.38
Total implant time:    44.6sec
- - - - - - - - - - - - - - - - - - - - - - - - - - - - - - - - - - - - - - - 
Computing finite volumes...
Finite volumes done

   Dose in:   Silicon_1   Nitride_1 Photoresist     Oxide_1     Oxide_2 Photoresist
                  Total
                Silicon     Nitride Photoresist       Oxide       Oxide Photoresist
           
      Boron  5.2314e+11  1.6890e+09  5.4915e+12  2.3965e+09  4.3794e+08  7.7720e+11
             6.7964e+12
 Phosphorus  7.7144e+12  2.9711e+10  0.0000e+00  8.3459e+10  5.3149e+09  0.0000e+00
             7.8329e+12
- - - - - - - - - - - - - - - - - - - - - - - - - - - - - - - - - - - - - - - 


No substrate defined (implant).  Skip updateStrain.
------------------------------------------------------------------ strip -----
strip Photoresist
------------------------------------------------------------------------------
MGoals time: 0.350991

Remeshing to match geometry after strip command ...
Generating SnMesh mesh... 
SnMesh time: 12.5996

========================  tri-grid quality (Gas excluded)  =======================
    0  10  20  30  40  50  60  70  80  90 100 110 120 130 140 150 160 170 180
 %    4   3   3   2  10   9   2   4   3  26  .   .   .                     
---------------------------------------------------------------------------------
minAngle: 0.134349  maxAngle: 122.347
nVerts = 44433  nTris = 88190  nMats = 5
max connectivity (tris per node): 8
bmin: 20 0
bmax: -1.15 26
min edgeLength: 0.000468966  [near (-0.0302343 20.725)]
min volume: 3.6638e-07  max volume: 0.025  Total volume: 521.3
bbox  volume: 549.9
Are all boundaries on bbox? true
=================================================================================

Smallest region: Oxide_2  Total volume: 0.155995
Initializing sprocess...time: 1.21925
Interpolating...elapsed time: 1.16
------------------------------------------------------------------ photo -----
photo mask= "SDI" thickness= 1.00<um>
------------------------------------------------------------------------------
MGoals time: 7.95774

Remeshing to match geometry after photo command ...
Generating SnMesh mesh... 
SnMesh time: 8.23432

========================  tri-grid quality (Gas excluded)  =======================
    0  10  20  30  40  50  60  70  80  90 100 110 120 130 140 150 160 170 180
 %    6   5   5   3  14  13   3   5   5  38  .   .   .                     
---------------------------------------------------------------------------------
minAngle: 0.134349  maxAngle: 122.347
nVerts = 32984  nTris = 65378  nMats = 7
max connectivity (tris per node): 8
bmin: 20 0
bmax: -1.15 26
min edgeLength: 0.000468966  [near (-0.0302343 0.6)]
min volume: 3.6638e-07  max volume: 0.025  Total volume: 543
bbox  volume: 549.9
Are all boundaries on bbox? true
=================================================================================

Smallest region: Oxide_2  Total volume: 0.155995
Initializing sprocess...time: 0.926425
Interpolating...elapsed time: 1.08
---------------------------------------------------------------- implant -----
implant beam.dose energy= 70.00<keV> dose= 5.00e+15<cm-2> tilt= 7.00<degree> rotation= 27.00<degree> Phosphorus
------------------------------------------------------------------------------
No substrate defined (implant).  Skip updateStrain.
Species           =  Phosphorus
Dataset           =  Phosphorus
Energy            =  70keV
Dose (WaferDose)  =  4.9627e+15/cm2
BeamDose          =  5e+15/cm2
BeamDose2D        =  5.0078e+15/cm2
Tilt              =   7deg
Tilt2D            = -3.1905deg
Rotation          =  27deg
Slice angle       = -90deg
Temperature       = 300.00K
LeftBoundary      =  Extend
RightBoundary     =  Extend

Generating SnMesh mesh... 
SnMesh time: 32.0829

========================  tri-grid quality (Gas excluded)  =======================
    0  10  20  30  40  50  60  70  80  90 100 110 120 130 140 150 160 170 180
 %    8   6   6   4   9   8   4   6   6  40  .   .   .                     
---------------------------------------------------------------------------------
minAngle: 0.134349  maxAngle: 123.69
nVerts = 62363  nTris = 123960  nMats = 7
max connectivity (tris per node): 8
bmin: 20 0
bmax: -1.15 26
min edgeLength: 0.000468966  [near (-0.0302343 15.325)]
min volume: 3.6638e-07  max volume: 0.025  Total volume: 543
bbox  volume: 549.9
Are all boundaries on bbox? true
=================================================================================

Smallest region: Oxide_2  Total volume: 0.155995
Initializing sprocess...time: 1.6325
Interpolating...elapsed time: 1.89
Total implant time:      41sec
- - - - - - - - - - - - - - - - - - - - - - - - - - - - - - - - - - - - - - - 
Computing finite volumes...
Finite volumes done

   Dose in:   Silicon_1 Photoresist   Nitride_1 Photoresist     Oxide_1     Oxide_2
                  Total
                Silicon Photoresist     Nitride Photoresist       Oxide       Oxide
           
      Boron  5.2318e+11  0.0000e+00  1.6895e+09  0.0000e+00  2.3964e+09  4.3778e+08
             5.2770e+11
 Phosphorus  6.9573e+14  1.1388e+15  1.8828e+13  2.9571e+15  1.0237e+14  1.5712e+12
             4.9144e+15
- - - - - - - - - - - - - - - - - - - - - - - - - - - - - - - - - - - - - - - 


No substrate defined (implant).  Skip updateStrain.
------------------------------------------------------------------ strip -----
strip Photoresist
------------------------------------------------------------------------------
MGoals time: 0.464827

Remeshing to match geometry after strip command ...
Generating SnMesh mesh... 
SnMesh time: 20.0515

========================  tri-grid quality (Gas excluded)  =======================
    0  10  20  30  40  50  60  70  80  90 100 110 120 130 140 150 160 170 180
 %    3   4   4   3   8   8   4   4   4  25  .   .   .                     
---------------------------------------------------------------------------------
minAngle: 0.134349  maxAngle: 123.142
nVerts = 63228  nTris = 125692  nMats = 5
max connectivity (tris per node): 8
bmin: 20 0
bmax: -1.15 26
min edgeLength: 0.000468966  [near (-0.0302343 15.2875)]
min volume: 3.6638e-07  max volume: 0.025  Total volume: 521.3
bbox  volume: 549.9
Are all boundaries on bbox? true
=================================================================================

Smallest region: Oxide_2  Total volume: 0.155995
Initializing sprocess...time: 1.72693
Interpolating...elapsed time: 1.61
------------------------------------------------------------------ photo -----
photo mask= "BCIM" thickness= 1.00<um>
------------------------------------------------------------------------------
MGoals time: 12.8236

Remeshing to match geometry after photo command ...
Generating SnMesh mesh... 
SnMesh time: 13.1707

========================  tri-grid quality (Gas excluded)  =======================
    0  10  20  30  40  50  60  70  80  90 100 110 120 130 140 150 160 170 180
 %    4   6   6   5  11  10   5   6   6  35  .   .   .                     
---------------------------------------------------------------------------------
minAngle: 0.134349  maxAngle: 123.142
nVerts = 46995  nTris = 93401  nMats = 6
max connectivity (tris per node): 8
bmin: 20 0
bmax: -1.15 26
min edgeLength: 0.000468966  [near (-0.0302343 15.4562)]
min volume: 3.6638e-07  max volume: 0.025  Total volume: 530.85
bbox  volume: 549.9
Are all boundaries on bbox? true
=================================================================================

Smallest region: Oxide_2  Total volume: 0.155995
Initializing sprocess...time: 1.6705
Interpolating...elapsed time: 1.26
---------------------------------------------------------------- implant -----
implant beam.dose energy= 100.00<keV> dose= 1.30e+12<cm-2> tilt= 7.00<degree> rotation= 27.00<degree> Phosphorus
------------------------------------------------------------------------------
No substrate defined (implant).  Skip updateStrain.
Species           =  Phosphorus
Dataset           =  Phosphorus
Energy            = 100keV
Dose (WaferDose)  =  1.2903e+12/cm2
BeamDose          =  1.3e+12/cm2
BeamDose2D        =  1.302e+12/cm2
Tilt              =   7deg
Tilt2D            = -3.1905deg
Rotation          =  27deg
Slice angle       = -90deg
Temperature       = 300.00K
LeftBoundary      =  Extend
RightBoundary     =  Extend

Generating SnMesh mesh... 
SnMesh time: 32.8671

========================  tri-grid quality (Gas excluded)  =======================
    0  10  20  30  40  50  60  70  80  90 100 110 120 130 140 150 160 170 180
 %    6   6   6   5   9   9   5   6   6  37  .   .   .                     
---------------------------------------------------------------------------------
minAngle: 0.134349  maxAngle: 123.142
nVerts = 59812  nTris = 118926  nMats = 6
max connectivity (tris per node): 8
bmin: 20 0
bmax: -1.15 26
min edgeLength: 0.000468966  [near (-0.0302343 0)]
min volume: 3.6638e-07  max volume: 0.025  Total volume: 530.85
bbox  volume: 549.9
Are all boundaries on bbox? true
=================================================================================

Smallest region: Oxide_2  Total volume: 0.155995
Initializing sprocess...time: 1.87834
Interpolating...elapsed time: 1.94
Total implant time:    43.4sec
- - - - - - - - - - - - - - - - - - - - - - - - - - - - - - - - - - - - - - - 
Computing finite volumes...
Finite volumes done

   Dose in:   Silicon_1     Oxide_1   Nitride_1     Oxide_2 Photoresist       Total
                Silicon       Oxide     Nitride       Oxide Photoresist
      Boron  5.2318e+11  2.3964e+09  1.6895e+09  4.3778e+08  0.0000e+00  5.2770e+11
 Phosphorus  6.9651e+14  1.0240e+14  1.8834e+13  1.5723e+12  4.6183e+11  8.1978e+14
- - - - - - - - - - - - - - - - - - - - - - - - - - - - - - - - - - - - - - - 


No substrate defined (implant).  Skip updateStrain.
------------------------------------------------------------------ strip -----
strip Photoresist
------------------------------------------------------------------------------
MGoals time: 0.435444

Remeshing to match geometry after strip command ...
Generating SnMesh mesh... 
SnMesh time: 15.4809

========================  tri-grid quality (Gas excluded)  =======================
    0  10  20  30  40  50  60  70  80  90 100 110 120 130 140 150 160 170 180
 %    5   5   4   3   9   9   4   4   5  32  .   .   .                     
---------------------------------------------------------------------------------
minAngle: 0.134349  maxAngle: 123.142
nVerts = 50760  nTris = 100828  nMats = 5
max connectivity (tris per node): 8
bmin: 20 0
bmax: -1.15 26
min edgeLength: 0.000468966  [near (-0.0302343 0)]
min volume: 3.6638e-07  max volume: 0.025  Total volume: 521.3
bbox  volume: 549.9
Are all boundaries on bbox? true
=================================================================================

Smallest region: Oxide_2  Total volume: 0.155995
Initializing sprocess...time: 2.03657
Interpolating...elapsed time: 1.72
------------------------------------------------------------------ photo -----
photo mask= "TRGH" thickness= 1.00<um>
------------------------------------------------------------------------------
MGoals time: 9.24768

Remeshing to match geometry after photo command ...
Generating SnMesh mesh... 
SnMesh time: 13.4613

========================  tri-grid quality (Gas excluded)  =======================
    0  10  20  30  40  50  60  70  80  90 100 110 120 130 140 150 160 170 180
 %    6   6   5   4  11  10   4   6   6  37  .   .   .                     
---------------------------------------------------------------------------------
minAngle: 0.134349  maxAngle: 123.142
nVerts = 47304  nTris = 93984  nMats = 6
max connectivity (tris per node): 8
bmin: 20 0
bmax: -1.15 26
min edgeLength: 0.000468966  [near (-0.0302343 0)]
min volume: 3.6638e-07  max volume: 0.025  Total volume: 530.85
bbox  volume: 549.9
Are all boundaries on bbox? true
=================================================================================

Smallest region: Oxide_2  Total volume: 0.155995
Initializing sprocess...time: 1.95161
Interpolating...elapsed time: 1.34
---------------------------------------------------------------- implant -----
implant beam.dose energy= 150.00<keV> dose= 4.00e+11<cm-2> tilt= 7.00<degree> rotation= 27.00<degree> Phosphorus
------------------------------------------------------------------------------
No substrate defined (implant).  Skip updateStrain.
Species           =  Phosphorus
Dataset           =  Phosphorus
Energy            = 150keV
Dose (WaferDose)  =  3.9702e+11/cm2
BeamDose          =  4e+11/cm2
BeamDose2D        =  4.0062e+11/cm2
Tilt              =   7deg
Tilt2D            = -3.1905deg
Rotation          =  27deg
Slice angle       = -90deg
Temperature       = 300.00K
LeftBoundary      =  Extend
RightBoundary     =  Extend

Generating SnMesh mesh... 
SnMesh time: 33.6941

========================  tri-grid quality (Gas excluded)  =======================
    0  10  20  30  40  50  60  70  80  90 100 110 120 130 140 150 160 170 180
 %    7   5   6   4  10   9   4   6   6  38  .   .   .                     
---------------------------------------------------------------------------------
minAngle: 0.134349  maxAngle: 123.142
nVerts = 57700  nTris = 114700  nMats = 6
max connectivity (tris per node): 8
bmin: 20 0
bmax: -1.15 26
min edgeLength: 0.000468966  [near (-0.0302343 0.4)]
min volume: 3.6638e-07  max volume: 0.025  Total volume: 530.85
bbox  volume: 549.9
Are all boundaries on bbox? true
=================================================================================

Smallest region: Oxide_2  Total volume: 0.155995
Initializing sprocess...time: 2.36931
Interpolating...elapsed time: 1.91
Total implant time:    44.6sec
- - - - - - - - - - - - - - - - - - - - - - - - - - - - - - - - - - - - - - - 
Computing finite volumes...
Finite volumes done

   Dose in:   Silicon_1     Oxide_1   Nitride_1     Oxide_2 Photoresist       Total
                Silicon       Oxide     Nitride       Oxide Photoresist
      Boron  5.2318e+11  2.3964e+09  1.6895e+09  4.3778e+08  0.0000e+00  5.2770e+11
 Phosphorus  6.9676e+14  1.0239e+14  1.8835e+13  1.5727e+12  1.4294e+11  8.1970e+14
- - - - - - - - - - - - - - - - - - - - - - - - - - - - - - - - - - - - - - - 


No substrate defined (implant).  Skip updateStrain.
------------------------------------------------------------------ strip -----
strip Photoresist
------------------------------------------------------------------------------
MGoals time: 0.441388

Remeshing to match geometry after strip command ...
Generating SnMesh mesh... 
SnMesh time: 15.1597

========================  tri-grid quality (Gas excluded)  =======================
    0  10  20  30  40  50  60  70  80  90 100 110 120 130 140 150 160 170 180
 %    5   5   4   3  10   9   4   5   5  33  .   .   .                     
---------------------------------------------------------------------------------
minAngle: 0.134349  maxAngle: 123.142
nVerts = 49779  nTris = 98877  nMats = 5
max connectivity (tris per node): 8
bmin: 20 0
bmax: -1.15 26
min edgeLength: 0.000468966  [near (-0.0302343 19.9297)]
min volume: 3.6638e-07  max volume: 0.025  Total volume: 521.3
bbox  volume: 549.9
Are all boundaries on bbox? true
=================================================================================

Smallest region: Oxide_2  Total volume: 0.155995
Initializing sprocess...time: 2.23336
Interpolating...elapsed time: 1.74
------------------------------------------------------------------ photo -----
photo mask= "DEP" thickness= 1.00<um>
------------------------------------------------------------------------------
MGoals time: 10.4905

Remeshing to match geometry after photo command ...
Generating SnMesh mesh... 
SnMesh time: 13.6991

========================  tri-grid quality (Gas excluded)  =======================
    0  10  20  30  40  50  60  70  80  90 100 110 120 130 140 150 160 170 180
 %    6   6   6   4  11  10   4   6   6  39  .   .   .                     
---------------------------------------------------------------------------------
minAngle: 0.134349  maxAngle: 123.142
nVerts = 47197  nTris = 93770  nMats = 7
max connectivity (tris per node): 8
bmin: 20 0
bmax: -1.15 26
min edgeLength: 0.000468966  [near (-0.0302343 9.8)]
min volume: 3.6638e-07  max volume: 0.025  Total volume: 545.2
bbox  volume: 549.9
Are all boundaries on bbox? true
=================================================================================

Smallest region: Oxide_2  Total volume: 0.155995
Initializing sprocess...time: 2.00752
Interpolating...elapsed time: 1.63
---------------------------------------------------------------- implant -----
implant beam.dose energy= 180.00<keV> dose= 2.40e+12<cm-2> tilt= 7.00<degree> rotation= 27.00<degree> Phosphorus
------------------------------------------------------------------------------
No substrate defined (implant).  Skip updateStrain.
Species           =  Phosphorus
Dataset           =  Phosphorus
Energy            = 180keV
Dose (WaferDose)  =  2.3821e+12/cm2
BeamDose          =  2.4e+12/cm2
BeamDose2D        =  2.4037e+12/cm2
Tilt              =   7deg
Tilt2D            = -3.1905deg
Rotation          =  27deg
Slice angle       = -90deg
Temperature       = 300.00K
LeftBoundary      =  Extend
RightBoundary     =  Extend

Generating SnMesh mesh... 
SnMesh time: 43.6741

========================  tri-grid quality (Gas excluded)  =======================
    0  10  20  30  40  50  60  70  80  90 100 110 120 130 140 150 160 170 180
 %    6   7   6   5   9   9   5   7   7  38  .   .   .                     
---------------------------------------------------------------------------------
minAngle: 0.134349  maxAngle: 123.69
nVerts = 68791  nTris = 136838  nMats = 7
max connectivity (tris per node): 8
bmin: 20 0
bmax: -1.15 26
min edgeLength: 0.000468966  [near (-0.0302343 9.65937)]
min volume: 3.6638e-07  max volume: 0.025  Total volume: 545.2
bbox  volume: 549.9
Are all boundaries on bbox? true
=================================================================================

Smallest region: Oxide_2  Total volume: 0.155995
Initializing sprocess...time: 3.11624
Interpolating...elapsed time: 2.2
Total implant time:    56.7sec
- - - - - - - - - - - - - - - - - - - - - - - - - - - - - - - - - - - - - - - 
Computing finite volumes...
Finite volumes done

   Dose in:   Silicon_1 Photoresist   Nitride_1     Oxide_2     Oxide_1 Photoresist
                  Total
                Silicon Photoresist     Nitride       Oxide       Oxide Photoresist
           
      Boron  5.2318e+11  0.0000e+00  1.6895e+09  4.3778e+08  2.3964e+09  0.0000e+00
             5.2770e+11
 Phosphorus  6.9695e+14  1.2667e+12  1.8837e+13  1.5722e+12  1.0241e+14  8.8881e+11
             8.2192e+14
- - - - - - - - - - - - - - - - - - - - - - - - - - - - - - - - - - - - - - - 


No substrate defined (implant).  Skip updateStrain.
------------------------------------------------------------------ strip -----
strip Photoresist
------------------------------------------------------------------------------
MGoals time: 0.540815

Remeshing to match geometry after strip command ...
Generating SnMesh mesh... 
SnMesh time: 19.9107

========================  tri-grid quality (Gas excluded)  =======================
    0  10  20  30  40  50  60  70  80  90 100 110 120 130 140 150 160 170 180
 %    4   5   5   3   8   8   3   5   5  28  .   .   .                     
---------------------------------------------------------------------------------
minAngle: 0.134349  maxAngle: 123.142
nVerts = 64514  nTris = 128285  nMats = 5
max connectivity (tris per node): 8
bmin: 20 0
bmax: -1.15 26
min edgeLength: 0.000468966  [near (-0.0302343 9.425)]
min volume: 3.6638e-07  max volume: 0.025  Total volume: 521.3
bbox  volume: 549.9
Are all boundaries on bbox? true
=================================================================================

Smallest region: Oxide_2  Total volume: 0.155995
Initializing sprocess...time: 3.12742
Interpolating...elapsed time: 1.76
------------------------------------------------------------------ photo -----
photo mask= "BUR" thickness= 1.00<um>
------------------------------------------------------------------------------
MGoals time: 12.8216

Remeshing to match geometry after photo command ...
Generating SnMesh mesh... 
SnMesh time: 14.5878

========================  tri-grid quality (Gas excluded)  =======================
    0  10  20  30  40  50  60  70  80  90 100 110 120 130 140 150 160 170 180
 %    6   6   6   4  10  10   5   6   6  38  .   .   .                     
---------------------------------------------------------------------------------
minAngle: 0.134349  maxAngle: 123.142
nVerts = 50348  nTris = 100072  nMats = 7
max connectivity (tris per node): 8
bmin: 20 0
bmax: -1.15 26
min edgeLength: 0.000468966  [near (-0.0302343 19.9297)]
min volume: 3.6638e-07  max volume: 0.025  Total volume: 545.2
bbox  volume: 549.9
Are all boundaries on bbox? true
=================================================================================

Smallest region: Oxide_2  Total volume: 0.155995
Initializing sprocess...time: 2.40955
Interpolating...elapsed time: 1.78
---------------------------------------------------------------- implant -----
implant beam.dose energy= 25.00<keV> dose= 5.00e+12<cm-2> tilt= 7.00<degree> rotation= 27.00<degree> Boron
------------------------------------------------------------------------------
No substrate defined (implant).  Skip updateStrain.
Species           =  Boron
Dataset           =  Boron
Energy            =  25keV
Dose (WaferDose)  =  4.9627e+12/cm2
BeamDose          =  5e+12/cm2
BeamDose2D        =  5.0078e+12/cm2
Tilt              =   7deg
Tilt2D            = -3.1905deg
Rotation          =  27deg
Slice angle       = -90deg
Temperature       = 300.00K
LeftBoundary      =  Extend
RightBoundary     =  Extend

Generating SnMesh mesh... 
SnMesh time: 36.6967

========================  tri-grid quality (Gas excluded)  =======================
    0  10  20  30  40  50  60  70  80  90 100 110 120 130 140 150 160 170 180
 %    7   7   6   5   9   8   5   6   7  39  .   .   .                     
---------------------------------------------------------------------------------
minAngle: 0.134349  maxAngle: 123.69
nVerts = 67963  nTris = 135216  nMats = 7
max connectivity (tris per node): 8
bmin: 20 0
bmax: -1.15 26
min edgeLength: 0.000468966  [near (-0.0302343 11.9609)]
min volume: 3.6638e-07  max volume: 0.025  Total volume: 545.2
bbox  volume: 549.9
Are all boundaries on bbox? true
=================================================================================

Smallest region: Oxide_2  Total volume: 0.155995
Initializing sprocess...time: 3.39965
Interpolating...elapsed time: 2.34
Total implant time:    49.3sec
- - - - - - - - - - - - - - - - - - - - - - - - - - - - - - - - - - - - - - - 
Computing finite volumes...
Finite volumes done

   Dose in:   Silicon_1   Nitride_1     Oxide_2     Oxide_1 Photoresist Photoresist
                  Total
                Silicon     Nitride       Oxide       Oxide Photoresist Photoresist
           
      Boron  8.5576e+11  1.5341e+10  2.7907e+09  4.6120e+10  1.8473e+12  2.6279e+12
             5.3953e+12
 Phosphorus  6.9695e+14  1.8837e+13  1.5722e+12  1.0241e+14  0.0000e+00  0.0000e+00
             8.1977e+14
- - - - - - - - - - - - - - - - - - - - - - - - - - - - - - - - - - - - - - - 


No substrate defined (implant).  Skip updateStrain.
------------------------------------------------------------------ strip -----
strip Photoresist
------------------------------------------------------------------------------
MGoals time: 0.561754

Remeshing to match geometry after strip command ...
Generating SnMesh mesh... 
SnMesh time: 20.9189

========================  tri-grid quality (Gas excluded)  =======================
    0  10  20  30  40  50  60  70  80  90 100 110 120 130 140 150 160 170 180
 %    4   5   4   4   8   8   4   5   5  28  .   .   .                     
---------------------------------------------------------------------------------
minAngle: 0.134349  maxAngle: 123.142
nVerts = 66671  nTris = 132634  nMats = 5
max connectivity (tris per node): 8
bmin: 20 0
bmax: -1.15 26
min edgeLength: 0.000468966  [near (-0.0302343 9.65)]
min volume: 3.6638e-07  max volume: 0.025  Total volume: 521.3
bbox  volume: 549.9
Are all boundaries on bbox? true
=================================================================================

Smallest region: Oxide_2  Total volume: 0.155995
Initializing sprocess...time: 3.40872
Interpolating...elapsed time: 1.81
----------------------------------------------------------------- struct -----
struct tdr= "POST_IMP_mesh"
------------------------------------------------------------------------------
Points: 66671
Nodes: 72561
Edges: 205186
Faces: 132634
Volumes: 0

[1m
** Warning **
[0mNo coordinate system has been set. Default coordinate system is coord.ucs. Using default value. !

 ... continuing execution

Writing file POST_IMP_mesh_fps.tdr...done

-------------------------------------------------------------- transform -----
transform flip
------------------------------------------------------------------------------

Gas not found in structure, adding.
Generating SnMesh mesh... 
SnMesh time: 16.3579

========================  tri-grid quality (Gas excluded)  =======================
    0  10  20  30  40  50  60  70  80  90 100 110 120 130 140 150 160 170 180
 %    6   6   6   5  10   9   5   6   6  38  .   .   .                     
---------------------------------------------------------------------------------
minAngle: 0.134186  maxAngle: 123.145
nVerts = 58918  nTris = 117154  nMats = 6
max connectivity (tris per node): 9
bmin: 20 0
bmax: -1.25 26
min edgeLength: 0.000468398  [near (18.8802 0.6)]
min volume: 3.65936e-07  max volume: 0.0250001  Total volume: 549.9
bbox  volume: 552.5
Are all boundaries on bbox? true
=================================================================================

Smallest region: Oxide_2  Total volume: 0.155995
Initializing sprocess...time: 3.66176
Interpolating...elapsed time: 3.28
------------------------------------------------------------------- etch -----
etch Silicon type= "isotropic" thickness= 15.00<um>
------------------------------------------------------------------------------
MGoals time: 25.1763

Updating sprocess mesh before Etch/Depo relax.
Generating SnMesh mesh... 
SnMesh time: 18.1826

========================  tri-grid quality (Gas excluded)  =======================
    0  10  20  30  40  50  60  70  80  90 100 110 120 130 140 150 160 170 180
 %    6   6   6   5   5   5   5   6   6  33  .   .   .                     
---------------------------------------------------------------------------------
minAngle: 0.134186  maxAngle: 123.145
nVerts = 59835  nTris = 118974  nMats = 6
max connectivity (tris per node): 9
bmin: 20 0
bmax: -1.25 26
min edgeLength: 0.000468398  [near (18.8802 1.2)]
min volume: 3.65936e-07  max volume: 0.025  Total volume: 159.9
bbox  volume: 552.5
Are all boundaries on bbox? true
=================================================================================

Smallest region: Oxide_2  Total volume: 0.155995
Initializing sprocess...time: 2.9411
Interpolating...elapsed time: 1.79
No substrate defined.  Setting substrate to mesh with maximum X coordinate (y=0.0000e+00, z=0.0000e+00).
Setting region Oxide_2 as substrate
sprocess ILS thread count = 1
Mechanics:         0s   to         1s   step    :         1s   temp: 26.9C->26.9C

-------------------------------------------------------------- transform -----
transform flip
------------------------------------------------------------------------------
----------------------------------------------------------------- struct -----
struct tdr= "POST_THIN_mesh"
------------------------------------------------------------------------------
Points: 59835
Nodes: 65735
Edges: 184698
Faces: 118974
Volumes: 0

[1m
** Warning **
[0mNo coordinate system has been set. Default coordinate system is coord.ucs. Using default value. !

 ... continuing execution

Writing file POST_THIN_mesh_fps.tdr...done

---------------------------------------------------------------- deposit -----
deposit PolySilicon type= "isotropic" thickness= 0.500<um>
------------------------------------------------------------------------------

MGoals time: 7.87632

Updating sprocess mesh before Etch/Depo relax.
Generating SnMesh mesh... 
SnMesh time: 17.5686

========================  tri-grid quality (Gas excluded)  =======================
    0  10  20  30  40  50  60  70  80  90 100 110 120 130 140 150 160 170 180
 %    7   6   6   5   9   8   5   6   6  38  .   .   .                     
---------------------------------------------------------------------------------
minAngle: 0.134186  maxAngle: 123.145
nVerts = 64392  nTris = 128032  nMats = 7
max connectivity (tris per node): 9
bmin: 20.1 0
bmax: -1.15 26
min edgeLength: 0.000468398  [near (-0.0302346 11.9609)]
min volume: 3.65936e-07  max volume: 0.0250001  Total volume: 536.9
bbox  volume: 552.5
Are all boundaries on bbox? true
=================================================================================

Smallest region: Oxide_2  Total volume: 0.155995
Initializing sprocess...time: 3.06389
Interpolating...elapsed time: 3.12
Mechanics:         0s   to         1s   step    :         1s   temp: 26.9C->26.9C

---------------------------------------------------------------- implant -----
implant beam.dose energy= 40.00<keV> dose= 5.00e+15<cm-2> tilt= 7.00<degree> rotation= 27.00<degree> Arsenic
------------------------------------------------------------------------------
Species           =  Arsenic
Dataset           =  Arsenic
Energy            =  40keV
Dose (WaferDose)  =  4.9627e+15/cm2
BeamDose          =  5e+15/cm2
BeamDose2D        =  5.0078e+15/cm2
Tilt              =   7deg
Tilt2D            = -3.1905deg
Rotation          =  27deg
Slice angle       = -90deg
Temperature       = 300.00K
LeftBoundary      =  Extend
RightBoundary     =  Extend

Generating SnMesh mesh... 
SnMesh time: 38.9356

========================  tri-grid quality (Gas excluded)  =======================
    0  10  20  30  40  50  60  70  80  90 100 110 120 130 140 150 160 170 180
 %   12   5   5   4   7   7   4   5   5  43  .   .   .                     
---------------------------------------------------------------------------------
minAngle: 0.134186  maxAngle: 123.145
nVerts = 76976  nTris = 153044  nMats = 7
max connectivity (tris per node): 9
bmin: 20.1 0
bmax: -1.15 26
min edgeLength: 0.000468398  [near (-0.0302346 11.9609)]
min volume: 3.65936e-07  max volume: 0.0250001  Total volume: 536.9
bbox  volume: 552.5
Are all boundaries on bbox? true
=================================================================================

Smallest region: Oxide_2  Total volume: 0.155995
Initializing sprocess...time: 3.75246
Interpolating...elapsed time: 2.54
Total implant time:    54.4sec
- - - - - - - - - - - - - - - - - - - - - - - - - - - - - - - - - - - - - - - 
Computing finite volumes...
Finite volumes done

   Dose in:   BackMat_1   Silicon_1     Oxide_1 PolySilicon   Nitride_1     Oxide_2
                  Total
                BackMat     Silicon       Oxide PolySilicon     Nitride       Oxide
           
      Boron  0.0000e+00  8.5175e+11  4.6120e+10  0.0000e+00  1.5340e+10  2.7910e+09
             9.1600e+11
 Phosphorus  0.0000e+00  6.9695e+14  1.0241e+14  0.0000e+00  1.8837e+13  1.5723e+12
             8.1977e+14
    Arsenic  4.1725e-08  1.3815e-08  8.2867e-11  4.8754e+15  3.8670e-11  1.6574e-11
             4.8754e+15
- - - - - - - - - - - - - - - - - - - - - - - - - - - - - - - - - - - - - - - 


------------------------------------------------------------------- etch -----
etch mask= "GATE_POLY" PolySilicon type= "anisotropic" thickness= 0.510<um>
------------------------------------------------------------------------------
MGoals time: 9.49098

Updating sprocess mesh before Etch/Depo relax.
Generating SnMesh mesh... 
SnMesh time: 32.835

========================  tri-grid quality (Gas excluded)  =======================
    0  10  20  30  40  50  60  70  80  90 100 110 120 130 140 150 160 170 180
 %    7   5   4   4   6   6   4   4   5  32  .   .   .                     
---------------------------------------------------------------------------------
minAngle: 0.134186  maxAngle: 123.145
nVerts = 104867  nTris = 208835  nMats = 11
max connectivity (tris per node): 9
bmin: 20.1 0
bmax: -1.15 26
min edgeLength: 0.000468398  [near (-0.0302346 11.9609)]
min volume: 3.65936e-07  max volume: 0.0250001  Total volume: 531.375
bbox  volume: 552.5
Are all boundaries on bbox? true
=================================================================================

Smallest region: Oxide_2  Total volume: 0.155995
Initializing sprocess...time: 4.74824
Interpolating...elapsed time: 2.88
Mechanics:         0s   to         1s   step    :         1s   temp: 26.9C->26.9C

---------------------------------------------------------------- implant -----
implant beam.dose energy= 35.00<keV> dose= 8.00e+11<cm-2> tilt= 7.00<degree> rotation= 27.00<degree> Boron
------------------------------------------------------------------------------
Species           =  Boron
Dataset           =  Boron
Energy            =  35keV
Dose (WaferDose)  =  7.9404e+11/cm2
BeamDose          =  8e+11/cm2
BeamDose2D        =  8.0124e+11/cm2
Tilt              =   7deg
Tilt2D            = -3.1905deg
Rotation          =  27deg
Slice angle       = -90deg
Temperature       = 300.00K
LeftBoundary      =  Extend
RightBoundary     =  Extend

Generating SnMesh mesh... 
SnMesh time: 87.9368

========================  tri-grid quality (Gas excluded)  =======================
    0  10  20  30  40  50  60  70  80  90 100 110 120 130 140 150 160 170 180
 %    6   5   7   6   7   7   6   8   5  36  .   .   .                     
---------------------------------------------------------------------------------
minAngle: 0.134186  maxAngle: 123.145
nVerts = 146442  nTris = 292024  nMats = 11
max connectivity (tris per node): 9
bmin: 20.1 0
bmax: -1.15 26
min edgeLength: 0.000468398  [near (-0.0302346 3.32812)]
min volume: 3.65936e-07  max volume: 0.0250001  Total volume: 531.375
bbox  volume: 552.5
Are all boundaries on bbox? true
=================================================================================

Smallest region: Oxide_2  Total volume: 0.155995
Initializing sprocess...time: 6.56931
Interpolating...elapsed time: 4.44
Total implant time:     114sec
- - - - - - - - - - - - - - - - - - - - - - - - - - - - - - - - - - - - - - - 
Computing finite volumes...
Finite volumes done

   Dose in:   BackMat_1   Silicon_1     Oxide_1 PolySilicon     Oxide_2   Nitride_1
            PolySilicon PolySilicon PolySilicon PolySilicon       Total
                BackMat     Silicon       Oxide PolySilicon       Oxide     Nitride
            PolySilicon PolySilicon PolySilicon PolySilicon
      Boron  8.2238e-08  1.1660e+12  6.1393e+10  1.0680e+11  3.7235e+09  2.0433e+10
             1.0642e+11  9.1150e+10  8.9623e+10  6.0604e+10  1.7061e+12
 Phosphorus  0.0000e+00  6.9695e+14  1.0241e+14  0.0000e+00  1.5723e+12  1.8837e+13
             0.0000e+00  0.0000e+00  0.0000e+00  0.0000e+00  8.1977e+14
    Arsenic  0.0000e+00  1.3815e-08  8.2867e-11  6.5611e+14  1.6574e-11  3.8670e-11
             6.5599e+14  5.6223e+14  5.5285e+14  3.7471e+14  2.8019e+15
- - - - - - - - - - - - - - - - - - - - - - - - - - - - - - - - - - - - - - - 


---------------------------------------------------------------- diffuse -----
diffuse time= 20.00<min> temperature= 900.00<C>
------------------------------------------------------------------------------
---- ---- ---- ---- ---- ---- ---- ---- ---- ---- ---- ---- ---- ---- ---- ---
Anneal step:	
	Time        = 20min
	Temperature = 900.0C
	Ramp rate   = 0C/s
Mechanics:         0s   to    0.0001s   step    :    0.0001s   temp: 900.0C
--- --- --- --- --- --- --- --- --- --- --- --- --- --- --- --- --- --- --- --
Initializing:  
--- --- --- --- --- --- --- --- --- --- --- --- --- --- --- --- --- --- --- --
Initialization is done.
--- --- --- --- --- --- --- --- --- --- --- --- --- --- --- --- --- --- --- --
Diffusion:         0s   to    0.0001s   step (s):    0.0001s   temp: 900.0C
Mechanics:    0.0001s   to 0.0002301s   step    : 0.0001301s   temp: 900.0C
Diffusion:    0.0001s   to 0.0002301s   step (s): 0.0001301s   temp: 900.0C
Mechanics: 0.0002301s   to 0.0004654s   step    : 0.0002353s   temp: 900.0C
Diffusion: 0.0002301s   to 0.0004654s   step (s): 0.0002353s   temp: 900.0C
Mechanics: 0.0004654s   to  0.000934s   step    : 0.0004686s   temp: 900.0C
Diffusion: 0.0004654s   to  0.000934s   step (s): 0.0004686s   temp: 900.0C

Adaptive check...
No remesh required.

Mechanics:  0.000934s   to  0.001871s   step    : 0.0009373s   temp: 900.0C
Diffusion:  0.000934s   to  0.001871s   step (s): 0.0009373s   temp: 900.0C
Mechanics:  0.001871s   to  0.003746s   step    :  0.001875s   temp: 900.0C
Diffusion:  0.001871s   to  0.003746s   step (s):  0.001875s   temp: 900.0C
Mechanics:  0.003746s   to  0.007495s   step    :  0.003749s   temp: 900.0C
Diffusion:  0.003746s   to  0.007495s   step (s):  0.003749s   temp: 900.0C
Mechanics:  0.007495s   to   0.01499s   step    :  0.007498s   temp: 900.0C
Diffusion:  0.007495s   to   0.01499s   step (s):  0.007498s   temp: 900.0C

Adaptive check...
No remesh required.

Mechanics:   0.01499s   to   0.02902s   step    :   0.01403s   temp: 900.0C
Diffusion:   0.01499s   to   0.02902s   step (s):   0.01403s   temp: 900.0C
Mechanics:   0.02902s   to    0.0467s   step    :   0.01767s   temp: 900.0C
Diffusion:   0.02902s   to    0.0467s   step (s):   0.01767s   temp: 900.0C
Mechanics:    0.0467s   to   0.06796s   step    :   0.02127s   temp: 900.0C
Diffusion:    0.0467s   to   0.06796s   step (s):   0.02127s   temp: 900.0C
Mechanics:   0.06796s   to   0.09679s   step    :   0.02883s   temp: 900.0C
Diffusion:   0.06796s   to   0.09679s   step (s):   0.02883s   temp: 900.0C

Adaptive check...
No remesh required.

Mechanics:   0.09679s   to    0.1343s   step    :   0.03749s   temp: 900.0C
Diffusion:   0.09679s   to    0.1343s   step (s):   0.03749s   temp: 900.0C
Mechanics:    0.1343s   to    0.1869s   step    :   0.05264s   temp: 900.0C
Diffusion:    0.1343s   to    0.1869s   step (s):   0.05264s   temp: 900.0C
Mechanics:    0.1869s   to    0.2649s   step    :     0.078s   temp: 900.0C
Diffusion:    0.1869s   to    0.2649s   step (s):     0.078s   temp: 900.0C
Mechanics:    0.2649s   to    0.3897s   step    :    0.1248s   temp: 900.0C
Diffusion:    0.2649s   to    0.3897s   step (s):    0.1248s   temp: 900.0C

Adaptive check...
No remesh required.

Mechanics:    0.3897s   to    0.5881s   step    :    0.1984s   temp: 900.0C
Diffusion:    0.3897s   to    0.5881s   step (s):    0.1984s   temp: 900.0C
Mechanics:    0.5881s   to    0.9171s   step    :     0.329s   temp: 900.0C
Diffusion:    0.5881s   to    0.9171s   step (s):     0.329s   temp: 900.0C
Mechanics:    0.9171s   to     1.393s   step    :    0.4755s   temp: 900.0C
Diffusion:    0.9171s   to     1.393s   step (s):    0.4755s   temp: 900.0C
Mechanics:     1.393s   to     2.095s   step    :    0.7021s   temp: 900.0C
Diffusion:     1.393s   to     2.095s   step (s):    0.7021s   temp: 900.0C

Adaptive check...
No remesh required.

Mechanics:     2.095s   to     3.135s   step    :      1.04s   temp: 900.0C
Diffusion:     2.095s   to     3.135s   step (s):      1.04s   temp: 900.0C
Mechanics:     3.135s   to     4.572s   step    :     1.437s   temp: 900.0C
Diffusion:     3.135s   to     4.572s   step (s):     1.437s   temp: 900.0C
Mechanics:     4.572s   to     6.427s   step    :     1.855s   temp: 900.0C
Diffusion:     4.572s   to     6.427s   step (s):     1.855s   temp: 900.0C
Mechanics:     6.427s   to     8.261s   step    :     1.834s   temp: 900.0C
Diffusion:     6.427s   to     8.261s   step (s):     1.834s   temp: 900.0C

Adaptive check...
No remesh required.

Mechanics:     8.261s   to     10.12s   step    :     1.861s   temp: 900.0C
Diffusion:     8.261s   to     10.12s   step (s):     1.861s   temp: 900.0C
Mechanics:     10.12s   to     12.05s   step    :     1.926s   temp: 900.0C
Diffusion:     10.12s   to     12.05s   step (s):     1.926s   temp: 900.0C
Mechanics:     12.05s   to     14.24s   step    :     2.189s   temp: 900.0C
Diffusion:     12.05s   to     14.24s   step (s):     2.189s   temp: 900.0C
Mechanics:     14.24s   to     16.77s   step    :     2.535s   temp: 900.0C
Diffusion:     14.24s   to     16.77s   step (s):     2.535s   temp: 900.0C

Adaptive check...
No remesh required.

Mechanics:     16.77s   to     20.53s   step    :     3.757s   temp: 900.0C
Diffusion:     16.77s   to     20.53s   step (s):     3.757s   temp: 900.0C
Mechanics:     20.53s   to     28.04s   step    :     7.515s   temp: 900.0C
Diffusion:     20.53s   to     28.04s   step (s):     7.515s   temp: 900.0C
Mechanics:     28.04s   to     41.95s   step    :     13.91s   temp: 900.0C
Diffusion:     28.04s   to     41.95s   step (s):     13.91s   temp: 900.0C
Mechanics:     41.95s   to     1.012min step    :     18.76s   temp: 900.0C
Diffusion:     41.95s   to     1.012min step (s):     18.76s   temp: 900.0C

Adaptive check...
Requires remesh.

Generating SnMesh mesh... 
SnMesh time: 56.018

========================  tri-grid quality (Gas excluded)  =======================
    0  10  20  30  40  50  60  70  80  90 100 110 120 130 140 150 160 170 180
 %    6   6   6   5   7   7   5   6   6  36  .   .   .                     
---------------------------------------------------------------------------------
minAngle: 0.134186  maxAngle: 123.145
nVerts = 128669  nTris = 256494  nMats = 11
max connectivity (tris per node): 9
bmin: 20.1 0
bmax: -1.15 26
min edgeLength: 0.000468398  [near (-0.0302346 11.75)]
min volume: 3.65936e-07  max volume: 0.0250001  Total volume: 531.375
bbox  volume: 552.5
Are all boundaries on bbox? true
=================================================================================

Smallest region: Oxide_2  Total volume: 0.155995
Initializing sprocess...time: 9.19681
Interpolating...elapsed time: 5.96
Mechanics:     1.012min to     1.346min step    :     20.07s   temp: 900.0C
Diffusion:     1.012min to     1.346min step (s):     20.07s   temp: 900.0C
Mechanics:     1.346min to      1.68min step    :     20.03s   temp: 900.0C
Diffusion:     1.346min to      1.68min step (s):     20.03s   temp: 900.0C
Mechanics:      1.68min to     2.038min step    :     21.48s   temp: 900.0C
Diffusion:      1.68min to     2.038min step (s):     21.48s   temp: 900.0C
Mechanics:     2.038min to     2.421min step    :     22.97s   temp: 900.0C
Diffusion:     2.038min to     2.421min step (s):     22.97s   temp: 900.0C

Adaptive check...
No remesh required.

Mechanics:     2.421min to      2.85min step    :     25.73s   temp: 900.0C
Diffusion:     2.421min to      2.85min step (s):     25.73s   temp: 900.0C
Mechanics:      2.85min to     3.345min step    :     29.69s   temp: 900.0C
Diffusion:      2.85min to     3.345min step (s):     29.69s   temp: 900.0C
Mechanics:     3.345min to      3.93min step    :     35.13s   temp: 900.0C
Diffusion:     3.345min to      3.93min step (s):     35.13s   temp: 900.0C
Mechanics:      3.93min to     4.601min step    :     40.27s   temp: 900.0C
Diffusion:      3.93min to     4.601min step (s):     40.27s   temp: 900.0C

Adaptive check...
No remesh required.

Mechanics:     4.601min to     5.362min step    :     45.66s   temp: 900.0C
Diffusion:     4.601min to     5.362min step (s):     45.66s   temp: 900.0C
Mechanics:     5.362min to     6.234min step    :     52.28s   temp: 900.0C
Diffusion:     5.362min to     6.234min step (s):     52.28s   temp: 900.0C
Mechanics:     6.234min to     7.208min step    :     58.46s   temp: 900.0C
Diffusion:     6.234min to     7.208min step (s):     58.46s   temp: 900.0C
Mechanics:     7.208min to     8.319min step    :     1.111min temp: 900.0C
Diffusion:     7.208min to     8.319min step (s):     1.111min temp: 900.0C

Adaptive check...
No remesh required.

Mechanics:     8.319min to     9.576min step    :     1.257min temp: 900.0C
Diffusion:     8.319min to     9.576min step (s):     1.257min temp: 900.0C
Mechanics:     9.576min to        11min step    :     1.426min temp: 900.0C
Diffusion:     9.576min to        11min step (s):     1.426min temp: 900.0C
Mechanics:        11min to      12.6min step    :     1.593min temp: 900.0C
Diffusion:        11min to      12.6min step (s):     1.593min temp: 900.0C
Mechanics:      12.6min to     14.38min step    :     1.783min temp: 900.0C
Diffusion:      12.6min to     14.38min step (s):     1.783min temp: 900.0C

Adaptive check...
Requires remesh.

Generating SnMesh mesh... 
SnMesh time: 44.813

========================  tri-grid quality (Gas excluded)  =======================
    0  10  20  30  40  50  60  70  80  90 100 110 120 130 140 150 160 170 180
 %    6   5   6   5   7   7   5   6   5  35  .   .   .                     
---------------------------------------------------------------------------------
minAngle: 0.134186  maxAngle: 123.145
nVerts = 104467  nTris = 208138  nMats = 11
max connectivity (tris per node): 8
bmin: 20.1 0
bmax: -1.15 26
min edgeLength: 0.000468398  [near (-0.0302346 9.95)]
min volume: 3.65936e-07  max volume: 0.0250001  Total volume: 531.375
bbox  volume: 552.5
Are all boundaries on bbox? true
=================================================================================

Smallest region: Oxide_2  Total volume: 0.155995
Initializing sprocess...time: 8.52149
Interpolating...elapsed time: 4.64
Mechanics:     14.38min to      16.4min step    :     2.026min temp: 900.0C
Diffusion:     14.38min to      16.4min step (s):     2.026min temp: 900.0C
Mechanics:      16.4min to      18.2min step    :     1.798min temp: 900.0C
Diffusion:      16.4min to      18.2min step (s):     1.798min temp: 900.0C
Mechanics:      18.2min to        20min step    :     1.798min temp: 900.0C
Diffusion:      18.2min to        20min step (s):     1.798min temp: 900.0C

Elapsed time for diffuse 2.1661e+03s

Updating strain after the last diffusion step.
Mechanics:        20min to        20min step    :     1e-15s   temp: 900.0C
------------------------------------------------------------------- mask -----
mask name= "CON_ETCH" negative
------------------------------------------------------------------------------
------------------------------------------------------------------- mask -----
mask name= "RESET_METAL" negative
------------------------------------------------------------------------------
------------------------------------------------------------------- etch -----
etch mask= "CON_ETCH" Oxide type= "anisotropic" thickness= 0.0500<um>
------------------------------------------------------------------------------
MGoals time: 10.4643

Updating sprocess mesh before Etch/Depo relax.
Generating SnMesh mesh... 
SnMesh time: 39.48

========================  tri-grid quality (Gas excluded)  =======================
    0  10  20  30  40  50  60  70  80  90 100 110 120 130 140 150 160 170 180
 %    6   5   7   5   7   7   5   7   5  35  .   .   .                     
---------------------------------------------------------------------------------
minAngle: 0.134186  maxAngle: 123.145
nVerts = 102932  nTris = 205085  nMats = 13
max connectivity (tris per node): 9
bmin: 20.1 0
bmax: -1.15 26
min edgeLength: 0.000468398  [near (-0.0302346 19.9297)]
min volume: 3.65936e-07  max volume: 0.0250001  Total volume: 531.364
bbox  volume: 552.5
Are all boundaries on bbox? true
=================================================================================

Smallest region: Oxide_2.2  Total volume: 0.00899974
Initializing sprocess...time: 7.30682
[1m
** Warning **
[0mSubstrate could not be found. Check region names. !

 ... continuing execution

Interpolating...elapsed time: 3.74
No substrate defined.  Setting substrate to mesh with maximum X coordinate (y=0.0000e+00, z=0.0000e+00).
Setting region Silicon_1 as substrate
Mechanics:         0s   to         1s   step    :         1s   temp: 26.9C->26.9C

------------------------------------------------------------------- etch -----
etch mask= "CON_ETCH" Nitride type= "anisotropic" thickness= 0.0500<um>
------------------------------------------------------------------------------
MGoals time: 9.67024

Updating sprocess mesh before Etch/Depo relax.
Generating SnMesh mesh... 
SnMesh time: 40.1152

========================  tri-grid quality (Gas excluded)  =======================
    0  10  20  30  40  50  60  70  80  90 100 110 120 130 140 150 160 170 180
 %    6   5   7   5   7   7   5   7   5  35  .   .   .                     
---------------------------------------------------------------------------------
minAngle: 0.134186  maxAngle: 123.145
nVerts = 102882  nTris = 204985  nMats = 15
max connectivity (tris per node): 9
bmin: 20.1 0
bmax: -1.15 26
min edgeLength: 0.000468398  [near (-0.0302346 16.05)]
min volume: 3.65936e-07  max volume: 0.0250001  Total volume: 531.339
bbox  volume: 552.5
Are all boundaries on bbox? true
=================================================================================

Smallest region: Oxide_2.2  Total volume: 0.00899974
Initializing sprocess...time: 7.63908
Interpolating...elapsed time: 3.59
Mechanics:         0s   to         1s   step    :         1s   temp: 26.9C->26.9C

------------------------------------------------------------------- etch -----
etch mask= "CON_ETCH" Oxide type= "anisotropic" thickness= 0.0500<um>
------------------------------------------------------------------------------
MGoals time: 10.2344

Updating sprocess mesh before Etch/Depo relax.
Generating SnMesh mesh... 
SnMesh time: 39.029

========================  tri-grid quality (Gas excluded)  =======================
    0  10  20  30  40  50  60  70  80  90 100 110 120 130 140 150 160 170 180
 %    6   5   7   5   7   7   5   7   5  35  .   .   .                     
---------------------------------------------------------------------------------
minAngle: 0.134186  maxAngle: 123.69
nVerts = 103832  nTris = 206885  nMats = 17
max connectivity (tris per node): 9
bmin: 20.1 0
bmax: -1.15 26
min edgeLength: 0.000468398  [near (-0.0302346 16.1125)]
min volume: 3.65936e-07  max volume: 0.0250001  Total volume: 531.285
bbox  volume: 552.5
Are all boundaries on bbox? true
=================================================================================

Smallest region: Oxide_2.2  Total volume: 0.00899974
Initializing sprocess...time: 7.26285
Interpolating...elapsed time: 3.77
Mechanics:         0s   to         1s   step    :         1s   temp: 26.9C->26.9C

---------------------------------------------------------------- deposit -----
deposit Aluminum type= "anisotropic" thickness= 0.500<um> mask= "RESET_METAL"
------------------------------------------------------------------------------
MGoals time: 8.96793

Updating sprocess mesh before Etch/Depo relax.
Generating SnMesh mesh... 
SnMesh time: 41.9743

========================  tri-grid quality (Gas excluded)  =======================
    0  10  20  30  40  50  60  70  80  90 100 110 120 130 140 150 160 170 180
 %    6   5   7   5   7   7   5   7   5  35  .   .   .                     
---------------------------------------------------------------------------------
minAngle: 0.134186  maxAngle: 123.69
nVerts = 103877  nTris = 206975  nMats = 18
max connectivity (tris per node): 9
bmin: 20.1 0
bmax: -1.15005 26
min edgeLength: 0.000468398  [near (-0.0302346 16.1125)]
min volume: 3.65936e-07  max volume: 0.0250001  Total volume: 533.685
bbox  volume: 552.501
Are all boundaries on bbox? true
=================================================================================

Smallest region: Oxide_2.2  Total volume: 0.00899974
Initializing sprocess...time: 8.43811
Interpolating...elapsed time: 3.79
Mechanics:         0s   to         1s   step    :         1s   temp: 26.9C->26.9C
---------------------------------------------------------------- contact -----
contact Aluminum name= "reset_drain" xlo= -0.600<um> xhi= -0.500<um> ylo= 15.75<um> yhi= 20.35<um> box add
------------------------------------------------------------------------------
---------------------------------------------------------------- contact -----
contact PolySilicon name= "reset_gate" xlo= -0.600<um> xhi= -0.500<um> ylo= 12.15<um> yhi= 15.45<um> box add
------------------------------------------------------------------------------
---------------------------------------------------------------- contact -----
contact PolySilicon name= "gate" xlo= -0.600<um> xhi= -0.500<um> ylo= 10.00<um> yhi= 11.80<um> box add
------------------------------------------------------------------------------
---------------------------------------------------------------- contact -----
contact PolySilicon name= "output_gate" xlo= -0.600<um> xhi= -0.500<um> ylo= 6.90<um> yhi= 9.65<um> box add
------------------------------------------------------------------------------
---------------------------------------------------------------- contact -----
contact PolySilicon name= "summing_well" xlo= -0.600<um> xhi= -0.500<um> ylo= 3.75<um> yhi= 6.55<um> box add
------------------------------------------------------------------------------
---------------------------------------------------------------- contact -----
contact PolySilicon name= "serial_2" xlo= -0.600<um> xhi= -0.500<um> ylo= 0.100<um> yhi= 3.40<um> box add
------------------------------------------------------------------------------
---------------------------------------------------------------- contact -----
contact Silicon name= "substrate" xlo= 4.90<um> xhi= 5.10<um> ylo= 0.100<um> yhi= 25.90<um> box add
------------------------------------------------------------------------------
----------------------------------------------------------------- struct -----
struct tdr= "Loadable"
------------------------------------------------------------------------------
Interpolating...elapsed time: 2.64
Points: 103881
Nodes: 114173
Edges: 321091
Faces: 206983
Volumes: 0

[1m
** Warning **
[0mNo coordinate system has been set. Default coordinate system is coord.ucs. Using default value. !

 ... continuing execution

Writing file Loadable_fps.tdr...done

------------------------------------------------------------------- grid -----
grid remesh
------------------------------------------------------------------------------
Generating SnMesh mesh... 
SnMesh time: 42.8181

========================  tri-grid quality (Gas excluded)  =======================
    0  10  20  30  40  50  60  70  80  90 100 110 120 130 140 150 160 170 180
 %    6   5   7   5   7   7   5   7   5  35  .   .   .                     
---------------------------------------------------------------------------------
minAngle: 0.134186  maxAngle: 123.69
nVerts = 103879  nTris = 206979  nMats = 18
max connectivity (tris per node): 9
bmin: 20.1 0
bmax: -1.15005 26
min edgeLength: 0.000468398  [near (-0.0302346 16.1125)]
min volume: 3.65936e-07  max volume: 0.0250001  Total volume: 533.685
bbox  volume: 552.501
Are all boundaries on bbox? true
=================================================================================

Smallest region: Oxide_2.2  Total volume: 0.00899974
Initializing sprocess...time: 7.90216
Interpolating...elapsed time: 3.74
-------------------------------------------------------------- refinebox -----
refinebox clear
------------------------------------------------------------------------------
------------------------------------------------------------------- line -----
line clear
------------------------------------------------------------------------------
------------------------------------------------------------------- grid -----
grid set.Delaunay.type= "boxmethod"
------------------------------------------------------------------------------
-------------------------------------------------------------- refinebox -----
refinebox Silicon Adaptive refine.min.edge= {1.00<nm>} refine.max.edge= {50.00<nm>} max.asinhdiff= {NetActive= 0.450} refine.fields= {NetActive}
------------------------------------------------------------------------------
-------------------------------------------------------------- refinebox -----
refinebox Silicon min= {5.00<um> 0.00e+00<um>} max= {20.00<um> 26.00<um>} xrefine= {0.100<um> 0.100<um> 0.100<um>} yrefine= {0.100<um> 0.100<um> 0.100<um>}
------------------------------------------------------------------------------
------------------------------------------------------------------- grid -----
grid remesh
------------------------------------------------------------------------------
           NetActive   5.000e-01   1.000e+10   1.000e+37   1.000e+37   4.500e-01   1.000e+37  -1.000e+00
  Interval Refinement criteria:
             species      tgt ln  tgt ln scl     min val      mx val
Generating SnMesh mesh... 
SnMesh time: 24.4767

========================  tri-grid quality (Gas excluded)  =======================
    0  10  20  30  40  50  60  70  80  90 100 110 120 130 140 150 160 170 180
 %    2   4  18   3   6   5   3  19   4  34   1  .   .   .   .             
---------------------------------------------------------------------------------
minAngle: 0.315164  maxAngle: 138.27
nVerts = 136375  nTris = 272269  nMats = 18
max connectivity (tris per node): 10
bmin: 20.1 0
bmax: -1.15005 26
min edgeLength: 0.000389843  [near (0.000194394 20.0269)]
min volume: 3.09324e-07  max volume: 17.2657  Total volume: 533.685
bbox  volume: 552.501
Are all boundaries on bbox? true
=================================================================================

Smallest region: Oxide_2.2  Total volume: 0.00899974
Initializing sprocess...time: 18.83
Interpolating...elapsed time: 6.21

Turning off restart capability for Full_remesh_fps.tdr (requires gas and interfaces)
----------------------------------------------------------------- struct -----
struct tdr= "Full_remesh" !Gas
------------------------------------------------------------------------------
Interpolating...elapsed time: 3.44
Points: 136389
Nodes: 141450
Edges: 413682
Faces: 272297
Volumes: 0

[1m
** Warning **
[0mNo coordinate system has been set. Default coordinate system is coord.ucs. Using default value. !

 ... continuing execution

Writing file Full_remesh_fps.tdr...done

------------------------------------------------------------------------------
Summary:
Anneal time stepping:
  reaction/mechanics steps=51 minimum=1.0000e+38s maximum=1.0000e+38s
  diffusion steps=51 minimum=1.0000e-04s maximum=1.2159e+02s
Edge/Face swapping:
 calls=104 flips=0
------------------------------------------------------------------------------
License features used:
    sprocess
    sprocess2d
------------------------------------------------------------------------------

Elapsed Time:	01:00:29
User Time:	01:00:08
CPU Time:	00:59:44

Detailed CPU time report:

959.59 sec (26.6%) SnMesh meshing (38 calls).
822.98 sec (22.8%) Solver(PDE). (493 calls).
426.00 sec (11.8%) Diffusion step time. (51 calls).
264.64 sec (7.3%) Store nodal values: Serial. (12497 calls).
151.60 sec (4.2%) Serial mode assembly. (699 calls).
143.64 sec (4.0%) mgoals (24 calls).
131.97 sec (3.7%) Mechanics step (51 calls).
130.77 sec (3.6%) Transfer from mesher 1D/2D (38 calls).
87.23 sec (2.4%) Bulk Interpolation (40 calls).
85.37 sec (2.4%) TS4Geom (61 calls).
70.55 sec (2.0%) implant command (300 calls).
59.10 sec (1.6%) Mechanics assembly (serial mode) (62 calls).
53.20 sec (1.5%) Solver(Mechanics) (62 calls).
47.39 sec (1.3%) FieldServer copy (42 calls).
28.07 sec (0.8%) etch command (5 calls).
22.47 sec (0.6%) struct command (4 calls).
22.37 sec (0.6%) Mechanics preassembly (62 calls).

Detailed elapsed time report:

965.23 sec (26.6%) SnMesh meshing (38 calls).
827.44 sec (22.8%) Solver(PDE). (493 calls).
428.38 sec (11.8%) Diffusion step time. (51 calls).
266.35 sec (7.3%) Store nodal values: Serial. (12497 calls).
152.85 sec (4.2%) Serial mode assembly. (699 calls).
144.35 sec (4.0%) mgoals (24 calls).
132.56 sec (3.7%) Mechanics step (51 calls).
131.42 sec (3.6%) Transfer from mesher 1D/2D (38 calls).
87.85 sec (2.4%) Bulk Interpolation (40 calls).
85.54 sec (2.4%) TS4Geom (61 calls).
70.91 sec (2.0%) implant command (300 calls).
59.56 sec (1.6%) Mechanics assembly (serial mode) (62 calls).
53.55 sec (1.5%) Solver(Mechanics) (62 calls).
47.61 sec (1.3%) FieldServer copy (42 calls).
28.32 sec (0.8%) etch command (5 calls).
22.84 sec (0.6%) struct command (4 calls).
22.45 sec (0.6%) Mechanics preassembly (62 calls).

Simulation completed with 2 different warnings.
================================================

WARNING 1 4 times
=======================================================
No coordinate system has been set. Default coordinate system is coord.ucs. Using default value.

WARNING 2
=======================================================
Substrate could not be found. Check region names.

