###########################################
# Sentaurus Visual O-2018.06.
# Tcl log file.
#------------------------------------------
# Date: oct. 09, 2020. 11:46:02.
# Version: 28.0.1030 (1.1030)
# Mode: Interactive (GUI).
# Mesa: enabled.
# Hostname: microib.cab.cnea.gov.ar.
# Machine: Linux, x86_64, x86_64.
# Kernel: 3.10.0-1127.8.2.el7.x86_64.
###########################################

load_file /home/msofo/tcad_sisero/sisero_ll/savs/PreDrain_des.sav
create_plot -dataset PreDrain_des
select_plots {Plot_PreDrain_des}
#-> Plot_PreDrain_des
#-> Plot_PreDrain_des
#-> PreDrain_des
set_region_prop {Silicon_1} -plot Plot_PreDrain_des -geom PreDrain_des -off
#-> 0
set_region_prop {Silicon_1} -plot Plot_PreDrain_des -geom PreDrain_des -on
#-> 0
exit 0
 
